KV Node started, waiting for Maelstrom lin-kv workload...
Received operation: init
Received operation: cas
Received operation: read
Received operation: read
Received operation: cas
Received operation: write
Received operation: read
Received operation: read
Received operation: cas
Received operation: cas
Received operation: read
Received operation: read
Received operation: cas
Received operation: write
Received operation: cas
Received operation: cas
Received operation: read
Received operation: cas
Received operation: read
Received operation: read
Received operation: read
Received operation: write
Received operation: cas
Received operation: write
Received operation: read
Received operation: read
Received operation: write
Received operation: read
Received operation: cas
Received operation: read
Received operation: read
Received operation: read
Received operation: cas
Received operation: read
Received operation: write
Received operation: read
Received operation: read
Received operation: read
Received operation: write
Received operation: read
Received operation: read
Received operation: write
Received operation: write
Received operation: read
Received operation: read
Received operation: cas
Received operation: cas
Received operation: write
