2026-03-14 11:38:57,281{GMT}	INFO	[jepsen test runner] jepsen.core: Test version e0ff92ff78176b78d4da1b0ffb8afc4be0fa2c31 (plus uncommitted changes)
2026-03-14 11:38:57,281{GMT}	INFO	[jepsen test runner] jepsen.core: Command line:
lein run test --workload lin-kv --bin "D:\\java tool\\IDEA project\\omnipaxos-app\\target\\debug\\server.exe" --node-count 1 --concurrency 2 --time-limit 10
2026-03-14 11:38:57,335{GMT}	INFO	[jepsen test runner] jepsen.core: Running test:
{:args []
 :remote
 #jepsen.control.retry.Remote{:remote #jepsen.control.scp.Remote{:cmd-remote #jepsen.control.sshj.SSHJRemote{:concurrency-limit 6,
                                                                                                             :conn-spec nil,
                                                                                                             :client nil,
                                                                                                             :semaphore nil},
                                                                 :conn-spec nil},
                              :conn nil}
 :log-net-send false
 :node-count 1
 :availability nil
 :max-txn-length 4
 :concurrency 2
 :db
 #object[maelstrom.db$db$reify__16612
         "0x428943a4"
         "maelstrom.db$db$reify__16612@428943a4"]
 :max-writes-per-key 16
 :leave-db-running? false
 :name "lin-kv"
 :logging-json? false
 :start-time
 #object[org.joda.time.DateTime "0x73534675" "2026-03-14T11:38:57.206+01:00"]
 :nemesis-interval 10
 :net
 #object[maelstrom.net$jepsen_net$reify__15721
         "0x550482aa"
         "maelstrom.net$jepsen_net$reify__15721@550482aa"]
 :client
 #object[maelstrom.workload.lin_kv$client$reify__20973
         "0x2b7b6f58"
         "maelstrom.workload.lin_kv$client$reify__20973@2b7b6f58"]
 :barrier
 #object[java.util.concurrent.CyclicBarrier
         "0x2dc4b58a"
         "java.util.concurrent.CyclicBarrier@2dc4b58a"]
 :log-stderr false
 :pure-generators true
 :ssh {:dummy? true}
 :rate 5
 :checker
 #object[jepsen.checker$compose$reify__11089
         "0x44cd3ea9"
         "jepsen.checker$compose$reify__11089@44cd3ea9"]
 :argv
 ("test"
  "--workload"
  "lin-kv"
  "--bin"
  "D:\\java tool\\IDEA project\\omnipaxos-app\\target\\debug\\server.exe"
  "--node-count"
  "1"
  "--concurrency"
  "2"
  "--time-limit"
  "10")
 :nemesis
 (jepsen.nemesis.ReflCompose
  {:fm {:start-partition 0,
        :stop-partition 0,
        :kill 1,
        :start 1,
        :pause 1,
        :resume 1},
   :nemeses [#unprintable "jepsen.nemesis.combined$partition_nemesis$reify__16905@352df548"
             #unprintable "jepsen.nemesis.combined$db_nemesis$reify__16886@45dc4d1a"]})
 :nodes ["n0"]
 :test-count 1
 :latency {:mean 0, :dist :constant}
 :bin "D:\\java tool\\IDEA project\\omnipaxos-app\\target\\debug\\server.exe"
 :generator
 #object[jepsen.util.Forgettable
         "0x2495a351"
         (jepsen.generator.TimeLimit
          {:limit 10000000000,
           :cutoff nil,
           :gen (jepsen.generator.Any
                 {:gens [(jepsen.generator.OnThreads
                          {:f #{:nemesis},
                           :context-filter #object[jepsen.generator.context$make_thread_filter$lazy_filter__12077
                                                   "0x2f9a7d6f"
                                                   "jepsen.generator.context$make_thread_filter$lazy_filter__12077@2f9a7d6f"],
                           :gen nil})
                         (jepsen.generator.OnThreads
                          {:f #jepsen.generator.context.AllBut{:element :nemesis},
                           :context-filter #object[jepsen.generator.context$make_thread_filter$lazy_filter__12077
                                                   "0x3f96ef2"
                                                   "jepsen.generator.context$make_thread_filter$lazy_filter__12077@3f96ef2"],
                           :gen (jepsen.generator.Stagger
                                 {:dt 400000000,
                                  :next-time nil,
                                  :gen (jepsen.generator.OnThreads
                                        {:f #jepsen.generator.context.AllBut{:element :nemesis},
                                         :context-filter #object[jepsen.generator.context$make_thread_filter$lazy_filter__12077
                                                                 "0x12039ae0"
                                                                 "jepsen.generator.context$make_thread_filter$lazy_filter__12077@12039ae0"],
                                         :gen (jepsen.independent.ConcurrentGenerator
                                               {:n 2,
                                                :fgen #object[jepsen.tests.linearizable_register$test$fn__17385
                                                              "0x1fb320de"
                                                              "jepsen.tests.linearizable_register$test$fn__17385@1fb320de"],
                                                :group->threads nil,
                                                :thread->group nil,
                                                :group->context-filter nil,
                                                :keys (0 1 2 3 4 5 6 7 ...),
                                                :gens nil})})})})]})})]
 :log-net-recv false
 :os
 #object[maelstrom.net$jepsen_os$reify__15724
         "0x2bf83b29"
         "maelstrom.net$jepsen_os$reify__15724@2bf83b29"]
 :time-limit 10
 :workload :lin-kv
 :consistency-models [:strict-serializable]
 :topology :grid}

2026-03-14 11:38:58,452{GMT}	INFO	[jepsen node n0] maelstrom.net: Starting Maelstrom network
2026-03-14 11:38:58,452{GMT}	INFO	[jepsen test runner] jepsen.db: Tearing down DB
2026-03-14 11:38:58,452{GMT}	INFO	[jepsen test runner] jepsen.db: Setting up DB
2026-03-14 11:38:58,456{GMT}	INFO	[jepsen node n0] maelstrom.service: Starting services: (lin-kv lin-tso lww-kv seq-kv)
2026-03-14 11:38:58,457{GMT}	INFO	[jepsen node n0] maelstrom.db: Setting up n0
2026-03-14 11:38:58,459{GMT}	INFO	[jepsen node n0] maelstrom.process: launching D:\java tool\IDEA project\omnipaxos-app\target\debug\server.exe []
2026-03-14 11:38:58,489{GMT}	INFO	[jepsen test runner] jepsen.core: Relative time begins now
2026-03-14 11:38:58,501{GMT}	INFO	[jepsen worker 1] jepsen.util: 1	:invoke	:cas	[0 [3 0]]
2026-03-14 11:38:58,511{GMT}	INFO	[jepsen worker 0] jepsen.util: 0	:invoke	:read	[0 nil]
2026-03-14 11:38:58,511{GMT}	INFO	[jepsen worker 1] jepsen.util: 1	:fail	:cas	[0 [3 0]]	[:key-does-not-exist "key does not exist"]
2026-03-14 11:38:58,513{GMT}	INFO	[jepsen worker 0] jepsen.util: 0	:fail	:read	[0 nil]	[:key-does-not-exist "key does not exist"]
2026-03-14 11:38:58,903{GMT}	INFO	[jepsen worker 0] jepsen.util: 0	:invoke	:read	[0 nil]
2026-03-14 11:38:58,906{GMT}	INFO	[jepsen worker 0] jepsen.util: 0	:fail	:read	[0 nil]	[:key-does-not-exist "key does not exist"]
2026-03-14 11:38:59,215{GMT}	INFO	[jepsen worker 1] jepsen.util: 1	:invoke	:cas	[0 [0 4]]
2026-03-14 11:38:59,219{GMT}	INFO	[jepsen worker 1] jepsen.util: 1	:fail	:cas	[0 [0 4]]	[:key-does-not-exist "key does not exist"]
2026-03-14 11:38:59,594{GMT}	INFO	[jepsen worker 1] jepsen.util: 1	:invoke	:write	[0 4]
2026-03-14 11:38:59,600{GMT}	INFO	[jepsen worker 1] jepsen.util: 1	:ok	:write	[0 4]
2026-03-14 11:38:59,832{GMT}	INFO	[jepsen worker 0] jepsen.util: 0	:invoke	:read	[0 nil]
2026-03-14 11:38:59,836{GMT}	INFO	[jepsen worker 0] jepsen.util: 0	:ok	:read	[0 4]
2026-03-14 11:38:59,873{GMT}	INFO	[jepsen worker 0] jepsen.util: 0	:invoke	:read	[0 nil]
2026-03-14 11:38:59,878{GMT}	INFO	[jepsen worker 0] jepsen.util: 0	:ok	:read	[0 4]
2026-03-14 11:39:00,252{GMT}	INFO	[jepsen worker 1] jepsen.util: 1	:invoke	:cas	[0 [0 4]]
2026-03-14 11:39:00,256{GMT}	INFO	[jepsen worker 1] jepsen.util: 1	:fail	:cas	[0 [0 4]]	[:precondition-failed "precondition failed"]
2026-03-14 11:39:00,415{GMT}	INFO	[jepsen worker 1] jepsen.util: 1	:invoke	:cas	[0 [1 3]]
2026-03-14 11:39:00,422{GMT}	INFO	[jepsen worker 1] jepsen.util: 1	:fail	:cas	[0 [1 3]]	[:precondition-failed "precondition failed"]
2026-03-14 11:39:00,673{GMT}	INFO	[jepsen worker 0] jepsen.util: 0	:invoke	:read	[0 nil]
2026-03-14 11:39:00,681{GMT}	INFO	[jepsen worker 0] jepsen.util: 0	:ok	:read	[0 4]
2026-03-14 11:39:00,998{GMT}	INFO	[jepsen worker 0] jepsen.util: 0	:invoke	:read	[0 nil]
2026-03-14 11:39:01,002{GMT}	INFO	[jepsen worker 0] jepsen.util: 0	:ok	:read	[0 4]
2026-03-14 11:39:01,056{GMT}	INFO	[jepsen worker 1] jepsen.util: 1	:invoke	:cas	[0 [4 2]]
2026-03-14 11:39:01,060{GMT}	INFO	[jepsen worker 1] jepsen.util: 1	:ok	:cas	[0 [4 2]]
2026-03-14 11:39:01,340{GMT}	INFO	[jepsen worker 1] jepsen.util: 1	:invoke	:write	[0 3]
2026-03-14 11:39:01,344{GMT}	INFO	[jepsen worker 1] jepsen.util: 1	:ok	:write	[0 3]
2026-03-14 11:39:01,732{GMT}	INFO	[jepsen worker 1] jepsen.util: 1	:invoke	:cas	[0 [3 4]]
2026-03-14 11:39:01,735{GMT}	INFO	[jepsen worker 1] jepsen.util: 1	:ok	:cas	[0 [3 4]]
2026-03-14 11:39:01,856{GMT}	INFO	[jepsen worker 1] jepsen.util: 1	:invoke	:cas	[0 [3 4]]
2026-03-14 11:39:01,860{GMT}	INFO	[jepsen worker 0] jepsen.util: 0	:invoke	:read	[0 nil]
2026-03-14 11:39:01,860{GMT}	INFO	[jepsen worker 1] jepsen.util: 1	:fail	:cas	[0 [3 4]]	[:precondition-failed "precondition failed"]
2026-03-14 11:39:01,864{GMT}	INFO	[jepsen worker 0] jepsen.util: 0	:ok	:read	[0 4]
2026-03-14 11:39:01,894{GMT}	INFO	[jepsen worker 1] jepsen.util: 1	:invoke	:cas	[0 [3 4]]
2026-03-14 11:39:01,898{GMT}	INFO	[jepsen worker 1] jepsen.util: 1	:fail	:cas	[0 [3 4]]	[:precondition-failed "precondition failed"]
2026-03-14 11:39:02,140{GMT}	INFO	[jepsen worker 0] jepsen.util: 0	:invoke	:read	[0 nil]
2026-03-14 11:39:02,147{GMT}	INFO	[jepsen worker 0] jepsen.util: 0	:ok	:read	[0 4]
2026-03-14 11:39:02,189{GMT}	INFO	[jepsen worker 0] jepsen.util: 0	:invoke	:read	[0 nil]
2026-03-14 11:39:02,193{GMT}	INFO	[jepsen worker 0] jepsen.util: 0	:ok	:read	[0 4]
2026-03-14 11:39:02,261{GMT}	INFO	[jepsen worker 0] jepsen.util: 0	:invoke	:read	[0 nil]
2026-03-14 11:39:02,268{GMT}	INFO	[jepsen worker 0] jepsen.util: 0	:ok	:read	[0 4]
2026-03-14 11:39:02,552{GMT}	INFO	[jepsen worker 1] jepsen.util: 1	:invoke	:write	[0 4]
2026-03-14 11:39:02,562{GMT}	INFO	[jepsen worker 1] jepsen.util: 1	:ok	:write	[0 4]
2026-03-14 11:39:02,774{GMT}	INFO	[jepsen worker 1] jepsen.util: 1	:invoke	:cas	[0 [3 0]]
2026-03-14 11:39:02,777{GMT}	INFO	[jepsen worker 1] jepsen.util: 1	:fail	:cas	[0 [3 0]]	[:precondition-failed "precondition failed"]
2026-03-14 11:39:02,915{GMT}	INFO	[jepsen worker 1] jepsen.util: 1	:invoke	:write	[0 0]
2026-03-14 11:39:02,920{GMT}	INFO	[jepsen worker 1] jepsen.util: 1	:ok	:write	[0 0]
2026-03-14 11:39:03,185{GMT}	INFO	[jepsen worker 0] jepsen.util: 0	:invoke	:read	[0 nil]
2026-03-14 11:39:03,185{GMT}	INFO	[jepsen worker 0] jepsen.util: 0	:ok	:read	[0 0]
2026-03-14 11:39:03,568{GMT}	INFO	[jepsen worker 0] jepsen.util: 0	:invoke	:read	[0 nil]
2026-03-14 11:39:03,577{GMT}	INFO	[jepsen worker 0] jepsen.util: 0	:ok	:read	[0 0]
2026-03-14 11:39:03,969{GMT}	INFO	[jepsen worker 1] jepsen.util: 1	:invoke	:write	[0 0]
2026-03-14 11:39:03,973{GMT}	INFO	[jepsen worker 1] jepsen.util: 1	:ok	:write	[0 0]
2026-03-14 11:39:04,010{GMT}	INFO	[jepsen worker 0] jepsen.util: 0	:invoke	:read	[0 nil]
2026-03-14 11:39:04,018{GMT}	INFO	[jepsen worker 0] jepsen.util: 0	:ok	:read	[0 0]
2026-03-14 11:39:04,244{GMT}	INFO	[jepsen worker 1] jepsen.util: 1	:invoke	:cas	[0 [2 4]]
2026-03-14 11:39:04,247{GMT}	INFO	[jepsen worker 1] jepsen.util: 1	:fail	:cas	[0 [2 4]]	[:precondition-failed "precondition failed"]
2026-03-14 11:39:04,465{GMT}	INFO	[jepsen worker 0] jepsen.util: 0	:invoke	:read	[0 nil]
2026-03-14 11:39:04,472{GMT}	INFO	[jepsen worker 0] jepsen.util: 0	:ok	:read	[0 0]
2026-03-14 11:39:04,639{GMT}	INFO	[jepsen worker 0] jepsen.util: 0	:invoke	:read	[0 nil]
2026-03-14 11:39:04,647{GMT}	INFO	[jepsen worker 0] jepsen.util: 0	:ok	:read	[0 0]
2026-03-14 11:39:04,839{GMT}	INFO	[jepsen worker 0] jepsen.util: 0	:invoke	:read	[0 nil]
2026-03-14 11:39:04,843{GMT}	INFO	[jepsen worker 0] jepsen.util: 0	:ok	:read	[0 0]
2026-03-14 11:39:04,956{GMT}	INFO	[jepsen worker 1] jepsen.util: 1	:invoke	:cas	[0 [1 2]]
2026-03-14 11:39:04,960{GMT}	INFO	[jepsen worker 1] jepsen.util: 1	:fail	:cas	[0 [1 2]]	[:precondition-failed "precondition failed"]
2026-03-14 11:39:05,194{GMT}	INFO	[jepsen worker 0] jepsen.util: 0	:invoke	:read	[0 nil]
2026-03-14 11:39:05,210{GMT}	INFO	[jepsen worker 0] jepsen.util: 0	:ok	:read	[0 0]
2026-03-14 11:39:05,218{GMT}	INFO	[jepsen worker 1] jepsen.util: 1	:invoke	:write	[0 3]
2026-03-14 11:39:05,218{GMT}	INFO	[jepsen worker 1] jepsen.util: 1	:ok	:write	[0 3]
2026-03-14 11:39:05,497{GMT}	INFO	[jepsen worker 0] jepsen.util: 0	:invoke	:read	[0 nil]
2026-03-14 11:39:05,505{GMT}	INFO	[jepsen worker 0] jepsen.util: 0	:ok	:read	[0 3]
2026-03-14 11:39:05,643{GMT}	INFO	[jepsen worker 0] jepsen.util: 0	:invoke	:read	[0 nil]
2026-03-14 11:39:05,647{GMT}	INFO	[jepsen worker 0] jepsen.util: 0	:ok	:read	[0 3]
2026-03-14 11:39:05,764{GMT}	INFO	[jepsen worker 0] jepsen.util: 0	:invoke	:read	[0 nil]
2026-03-14 11:39:05,768{GMT}	INFO	[jepsen worker 0] jepsen.util: 0	:ok	:read	[0 3]
2026-03-14 11:39:05,935{GMT}	INFO	[jepsen worker 1] jepsen.util: 1	:invoke	:write	[0 2]
2026-03-14 11:39:05,939{GMT}	INFO	[jepsen worker 1] jepsen.util: 1	:ok	:write	[0 2]
2026-03-14 11:39:06,273{GMT}	INFO	[jepsen worker 0] jepsen.util: 0	:invoke	:read	[0 nil]
2026-03-14 11:39:06,277{GMT}	INFO	[jepsen worker 0] jepsen.util: 0	:ok	:read	[0 2]
2026-03-14 11:39:06,397{GMT}	INFO	[jepsen worker 0] jepsen.util: 0	:invoke	:read	[0 nil]
2026-03-14 11:39:06,401{GMT}	INFO	[jepsen worker 0] jepsen.util: 0	:ok	:read	[0 2]
2026-03-14 11:39:06,660{GMT}	INFO	[jepsen worker 1] jepsen.util: 1	:invoke	:write	[0 0]
2026-03-14 11:39:06,676{GMT}	INFO	[jepsen worker 1] jepsen.util: 1	:ok	:write	[0 0]
2026-03-14 11:39:06,922{GMT}	INFO	[jepsen worker 1] jepsen.util: 1	:invoke	:write	[0 0]
2026-03-14 11:39:06,922{GMT}	INFO	[jepsen worker 1] jepsen.util: 1	:ok	:write	[0 0]
2026-03-14 11:39:07,325{GMT}	INFO	[jepsen worker 0] jepsen.util: 0	:invoke	:read	[0 nil]
2026-03-14 11:39:07,327{GMT}	INFO	[jepsen worker 0] jepsen.util: 0	:ok	:read	[0 0]
2026-03-14 11:39:07,581{GMT}	INFO	[jepsen worker 0] jepsen.util: 0	:invoke	:read	[0 nil]
2026-03-14 11:39:07,585{GMT}	INFO	[jepsen worker 0] jepsen.util: 0	:ok	:read	[0 0]
2026-03-14 11:39:07,872{GMT}	INFO	[jepsen worker 1] jepsen.util: 1	:invoke	:cas	[0 [0 3]]
2026-03-14 11:39:07,876{GMT}	INFO	[jepsen worker 1] jepsen.util: 1	:ok	:cas	[0 [0 3]]
2026-03-14 11:39:08,047{GMT}	INFO	[jepsen worker 1] jepsen.util: 1	:invoke	:cas	[0 [1 3]]
2026-03-14 11:39:08,051{GMT}	INFO	[jepsen worker 1] jepsen.util: 1	:fail	:cas	[0 [1 3]]	[:precondition-failed "precondition failed"]
2026-03-14 11:39:08,255{GMT}	INFO	[jepsen worker 1] jepsen.util: 1	:invoke	:write	[0 2]
2026-03-14 11:39:08,259{GMT}	INFO	[jepsen worker 1] jepsen.util: 1	:ok	:write	[0 2]
2026-03-14 11:39:08,267{GMT}	INFO	[jepsen test runner] jepsen.core: Run complete, writing
2026-03-14 11:39:08,296{GMT}	INFO	[jepsen node n0] maelstrom.db: Tearing down n0
2026-03-14 11:39:09,493{GMT}	INFO	[jepsen node n0] maelstrom.net: Shutting down Maelstrom network
2026-03-14 11:39:09,497{GMT}	INFO	[jepsen test runner] jepsen.core: Analyzing...
2026-03-14 11:39:09,554{GMT}	WARN	[clojure-agent-send-off-pool-1] jepsen.checker: Error while checking history:
java.lang.IllegalStateException: Error rendering plot, verify gnuplot is installed and reachable
	at jepsen.checker.perf$plot_BANG_.invokeStatic(perf.clj:494)
	at jepsen.checker.perf$plot_BANG_.invoke(perf.clj:431)
	at jepsen.checker.perf$rate_graph_BANG_.invokeStatic(perf.clj:628)
	at jepsen.checker.perf$rate_graph_BANG_.invoke(perf.clj:573)
	at jepsen.checker$rate_graph$reify__11309.check(checker.clj:845)
	at jepsen.checker$check_safe.invokeStatic(checker.clj:88)
	at jepsen.checker$check_safe.invoke(checker.clj:80)
	at jepsen.checker$compose$reify__11089$fn__11091.invoke(checker.clj:104)
	at clojure.core$pmap$fn__8582$fn__8583.invoke(core.clj:7169)
	at clojure.core$binding_conveyor_fn$fn__5842.invoke(core.clj:2047)
	at clojure.lang.AFn.call(AFn.java:18)
	at java.base/java.util.concurrent.FutureTask.run(FutureTask.java:264)
	at java.base/java.util.concurrent.ThreadPoolExecutor.runWorker(ThreadPoolExecutor.java:1136)
	at java.base/java.util.concurrent.ThreadPoolExecutor$Worker.run(ThreadPoolExecutor.java:635)
	at java.base/java.lang.Thread.run(Thread.java:840)
Caused by: java.io.IOException: Cannot run program "gnuplot": CreateProcess error=2, 炵苀梑祥善硌隅腔恅璃﹝
	at java.base/java.lang.ProcessBuilder.start(ProcessBuilder.java:1143)
	at java.base/java.lang.ProcessBuilder.start(ProcessBuilder.java:1073)
	at java.base/java.lang.Runtime.exec(Runtime.java:594)
	at clojure.java.shell$sh.invokeStatic(shell.clj:113)
	at clojure.java.shell$sh.doInvoke(shell.clj:79)
	at clojure.lang.RestFn.invoke(RestFn.java:515)
	at gnuplot.core$run_BANG_.invokeStatic(core.clj:76)
	at gnuplot.core$run_BANG_.invoke(core.clj:66)
	at gnuplot.core$raw_plot_BANG_.invokeStatic(core.clj:106)
	at gnuplot.core$raw_plot_BANG_.invoke(core.clj:91)
	... 15 common frames omitted
Caused by: java.io.IOException: CreateProcess error=2, 炵苀梑祥善硌隅腔恅璃﹝
	at java.base/java.lang.ProcessImpl.create(Native Method)
	at java.base/java.lang.ProcessImpl.<init>(ProcessImpl.java:505)
	at java.base/java.lang.ProcessImpl.start(ProcessImpl.java:158)
	at java.base/java.lang.ProcessBuilder.start(ProcessBuilder.java:1110)
	... 24 common frames omitted
2026-03-14 11:39:09,554{GMT}	WARN	[clojure-agent-send-off-pool-2] jepsen.checker: Error while checking history:
java.lang.IllegalStateException: Error rendering plot, verify gnuplot is installed and reachable
	at jepsen.checker.perf$plot_BANG_.invokeStatic(perf.clj:494)
	at jepsen.checker.perf$plot_BANG_.invoke(perf.clj:431)
	at jepsen.checker.perf$point_graph_BANG_.invokeStatic(perf.clj:525)
	at jepsen.checker.perf$point_graph_BANG_.invoke(perf.clj:498)
	at jepsen.checker$latency_graph$reify__11306.check(checker.clj:832)
	at jepsen.checker$check_safe.invokeStatic(checker.clj:88)
	at jepsen.checker$check_safe.invoke(checker.clj:80)
	at jepsen.checker$compose$reify__11089$fn__11091.invoke(checker.clj:104)
	at clojure.core$pmap$fn__8582$fn__8583.invoke(core.clj:7169)
	at clojure.core$binding_conveyor_fn$fn__5842.invoke(core.clj:2047)
	at clojure.lang.AFn.call(AFn.java:18)
	at java.base/java.util.concurrent.FutureTask.run(FutureTask.java:264)
	at java.base/java.util.concurrent.ThreadPoolExecutor.runWorker(ThreadPoolExecutor.java:1136)
	at java.base/java.util.concurrent.ThreadPoolExecutor$Worker.run(ThreadPoolExecutor.java:635)
	at java.base/java.lang.Thread.run(Thread.java:840)
Caused by: java.io.IOException: Cannot run program "gnuplot": CreateProcess error=2, 炵苀梑祥善硌隅腔恅璃﹝
	at java.base/java.lang.ProcessBuilder.start(ProcessBuilder.java:1143)
	at java.base/java.lang.ProcessBuilder.start(ProcessBuilder.java:1073)
	at java.base/java.lang.Runtime.exec(Runtime.java:594)
	at clojure.java.shell$sh.invokeStatic(shell.clj:113)
	at clojure.java.shell$sh.doInvoke(shell.clj:79)
	at clojure.lang.RestFn.invoke(RestFn.java:515)
	at gnuplot.core$run_BANG_.invokeStatic(core.clj:76)
	at gnuplot.core$run_BANG_.invoke(core.clj:66)
	at gnuplot.core$raw_plot_BANG_.invokeStatic(core.clj:106)
	at gnuplot.core$raw_plot_BANG_.invoke(core.clj:91)
	... 15 common frames omitted
Caused by: java.io.IOException: CreateProcess error=2, 炵苀梑祥善硌隅腔恅璃﹝
	at java.base/java.lang.ProcessImpl.create(Native Method)
	at java.base/java.lang.ProcessImpl.<init>(ProcessImpl.java:505)
	at java.base/java.lang.ProcessImpl.start(ProcessImpl.java:158)
	at java.base/java.lang.ProcessBuilder.start(ProcessBuilder.java:1110)
	... 24 common frames omitted
2026-03-14 11:39:09,613{GMT}	INFO	[clojure-agent-send-pool-0] jepsen.independent: Wrote D:\java tool\IDEA project\omnipaxos-app\store\lin-kv\20260314T113857.206+0100\independent\0\results.edn
2026-03-14 11:39:09,617{GMT}	INFO	[clojure-agent-send-pool-0] jepsen.independent: Wrote D:\java tool\IDEA project\omnipaxos-app\store\lin-kv\20260314T113857.206+0100\independent\0\history.edn
2026-03-14 11:39:09,621{GMT}	INFO	[jepsen test runner] jepsen.core: Analysis complete
2026-03-14 11:39:09,646{GMT}	INFO	[jepsen results] jepsen.store: Wrote D:\java tool\IDEA project\omnipaxos-app\store\lin-kv\20260314T113857.206+0100\results.edn
2026-03-14 11:39:09,667{GMT}	INFO	[jepsen test runner] jepsen.core: {:perf {:latency-graph {:valid? :unknown,
                        :error {:via [{:type java.lang.IllegalStateException,
                                       :message "Error rendering plot, verify gnuplot is installed and reachable",
                                       :at [jepsen.checker.perf$plot_BANG_
                                            invokeStatic
                                            "perf.clj"
                                            494]}
                                      {:type java.io.IOException,
                                       :message "Cannot run program \"gnuplot\": CreateProcess error=2, 炵苀梑祥善硌隅腔恅璃﹝",
                                       :at [java.lang.ProcessBuilder
                                            start
                                            "ProcessBuilder.java"
                                            1143]}
                                      {:type java.io.IOException,
                                       :message "CreateProcess error=2, 炵苀梑祥善硌隅腔恅璃﹝",
                                       :at [java.lang.ProcessImpl
                                            create
                                            "ProcessImpl.java"
                                            -2]}],
                                :trace [[java.lang.ProcessImpl
                                         create
                                         "ProcessImpl.java"
                                         -2]
                                        [java.lang.ProcessImpl
                                         <init>
                                         "ProcessImpl.java"
                                         505]
                                        [java.lang.ProcessImpl
                                         start
                                         "ProcessImpl.java"
                                         158]
                                        [java.lang.ProcessBuilder
                                         start
                                         "ProcessBuilder.java"
                                         1110]
                                        [java.lang.ProcessBuilder
                                         start
                                         "ProcessBuilder.java"
                                         1073]
                                        [java.lang.Runtime
                                         exec
                                         "Runtime.java"
                                         594]
                                        [clojure.java.shell$sh
                                         invokeStatic
                                         "shell.clj"
                                         113]
                                        [clojure.java.shell$sh
                                         doInvoke
                                         "shell.clj"
                                         79]
                                        [clojure.lang.RestFn
                                         invoke
                                         "RestFn.java"
                                         515]
                                        [gnuplot.core$run_BANG_
                                         invokeStatic
                                         "core.clj"
                                         76]
                                        [gnuplot.core$run_BANG_
                                         invoke
                                         "core.clj"
                                         66]
                                        [gnuplot.core$raw_plot_BANG_
                                         invokeStatic
                                         "core.clj"
                                         106]
                                        [gnuplot.core$raw_plot_BANG_
                                         invoke
                                         "core.clj"
                                         91]
                                        [jepsen.checker.perf$plot_BANG_
                                         invokeStatic
                                         "perf.clj"
                                         494]
                                        [jepsen.checker.perf$plot_BANG_
                                         invoke
                                         "perf.clj"
                                         431]
                                        [jepsen.checker.perf$point_graph_BANG_
                                         invokeStatic
                                         "perf.clj"
                                         525]
                                        [jepsen.checker.perf$point_graph_BANG_
                                         invoke
                                         "perf.clj"
                                         498]
                                        [jepsen.checker$latency_graph$reify__11306
                                         check
                                         "checker.clj"
                                         832]
                                        [jepsen.checker$check_safe
                                         invokeStatic
                                         "checker.clj"
                                         88]
                                        [jepsen.checker$check_safe
                                         invoke
                                         "checker.clj"
                                         80]
                                        [jepsen.checker$compose$reify__11089$fn__11091
                                         invoke
                                         "checker.clj"
                                         104]
                                        [clojure.core$pmap$fn__8582$fn__8583
                                         invoke
                                         "core.clj"
                                         7169]
                                        [clojure.core$binding_conveyor_fn$fn__5842
                                         invoke
                                         "core.clj"
                                         2047]
                                        [clojure.lang.AFn
                                         call
                                         "AFn.java"
                                         18]
                                        [java.util.concurrent.FutureTask
                                         run
                                         "FutureTask.java"
                                         264]
                                        [java.util.concurrent.ThreadPoolExecutor
                                         runWorker
                                         "ThreadPoolExecutor.java"
                                         1136]
                                        [java.util.concurrent.ThreadPoolExecutor$Worker
                                         run
                                         "ThreadPoolExecutor.java"
                                         635]
                                        [java.lang.Thread
                                         run
                                         "Thread.java"
                                         840]],
                                :cause "CreateProcess error=2, 炵苀梑祥善硌隅腔恅璃﹝"}},
        :rate-graph {:valid? :unknown,
                     :error {:via [{:type java.lang.IllegalStateException,
                                    :message "Error rendering plot, verify gnuplot is installed and reachable",
                                    :at [jepsen.checker.perf$plot_BANG_
                                         invokeStatic
                                         "perf.clj"
                                         494]}
                                   {:type java.io.IOException,
                                    :message "Cannot run program \"gnuplot\": CreateProcess error=2, 炵苀梑祥善硌隅腔恅璃﹝",
                                    :at [java.lang.ProcessBuilder
                                         start
                                         "ProcessBuilder.java"
                                         1143]}
                                   {:type java.io.IOException,
                                    :message "CreateProcess error=2, 炵苀梑祥善硌隅腔恅璃﹝",
                                    :at [java.lang.ProcessImpl
                                         create
                                         "ProcessImpl.java"
                                         -2]}],
                             :trace [[java.lang.ProcessImpl
                                      create
                                      "ProcessImpl.java"
                                      -2]
                                     [java.lang.ProcessImpl
                                      <init>
                                      "ProcessImpl.java"
                                      505]
                                     [java.lang.ProcessImpl
                                      start
                                      "ProcessImpl.java"
                                      158]
                                     [java.lang.ProcessBuilder
                                      start
                                      "ProcessBuilder.java"
                                      1110]
                                     [java.lang.ProcessBuilder
                                      start
                                      "ProcessBuilder.java"
                                      1073]
                                     [java.lang.Runtime
                                      exec
                                      "Runtime.java"
                                      594]
                                     [clojure.java.shell$sh
                                      invokeStatic
                                      "shell.clj"
                                      113]
                                     [clojure.java.shell$sh
                                      doInvoke
                                      "shell.clj"
                                      79]
                                     [clojure.lang.RestFn
                                      invoke
                                      "RestFn.java"
                                      515]
                                     [gnuplot.core$run_BANG_
                                      invokeStatic
                                      "core.clj"
                                      76]
                                     [gnuplot.core$run_BANG_
                                      invoke
                                      "core.clj"
                                      66]
                                     [gnuplot.core$raw_plot_BANG_
                                      invokeStatic
                                      "core.clj"
                                      106]
                                     [gnuplot.core$raw_plot_BANG_
                                      invoke
                                      "core.clj"
                                      91]
                                     [jepsen.checker.perf$plot_BANG_
                                      invokeStatic
                                      "perf.clj"
                                      494]
                                     [jepsen.checker.perf$plot_BANG_
                                      invoke
                                      "perf.clj"
                                      431]
                                     [jepsen.checker.perf$rate_graph_BANG_
                                      invokeStatic
                                      "perf.clj"
                                      628]
                                     [jepsen.checker.perf$rate_graph_BANG_
                                      invoke
                                      "perf.clj"
                                      573]
                                     [jepsen.checker$rate_graph$reify__11309
                                      check
                                      "checker.clj"
                                      845]
                                     [jepsen.checker$check_safe
                                      invokeStatic
                                      "checker.clj"
                                      88]
                                     [jepsen.checker$check_safe
                                      invoke
                                      "checker.clj"
                                      80]
                                     [jepsen.checker$compose$reify__11089$fn__11091
                                      invoke
                                      "checker.clj"
                                      104]
                                     [clojure.core$pmap$fn__8582$fn__8583
                                      invoke
                                      "core.clj"
                                      7169]
                                     [clojure.core$binding_conveyor_fn$fn__5842
                                      invoke
                                      "core.clj"
                                      2047]
                                     [clojure.lang.AFn
                                      call
                                      "AFn.java"
                                      18]
                                     [java.util.concurrent.FutureTask
                                      run
                                      "FutureTask.java"
                                      264]
                                     [java.util.concurrent.ThreadPoolExecutor
                                      runWorker
                                      "ThreadPoolExecutor.java"
                                      1136]
                                     [java.util.concurrent.ThreadPoolExecutor$Worker
                                      run
                                      "ThreadPoolExecutor.java"
                                      635]
                                     [java.lang.Thread
                                      run
                                      "Thread.java"
                                      840]],
                             :cause "CreateProcess error=2, 炵苀梑祥善硌隅腔恅璃﹝"}},
        :valid? :unknown},
 :timeline {:valid? true},
 :exceptions {:valid? true},
 :stats {:valid? true,
         :count 47,
         :ok-count 35,
         :fail-count 12,
         :info-count 0,
         :by-f {:cas {:valid? true,
                      :count 13,
                      :ok-count 3,
                      :fail-count 10,
                      :info-count 0},
                :read {:valid? true,
                       :count 24,
                       :ok-count 22,
                       :fail-count 2,
                       :info-count 0},
                :write {:valid? true,
                        :count 10,
                        :ok-count 10,
                        :fail-count 0,
                        :info-count 0}}},
 :availability {:valid? true, :ok-fraction 0.7446808},
 :net {:all {:send-count 96,
             :recv-count 96,
             :msg-count 96,
             :msgs-per-op 2.0425532},
       :clients {:send-count 96, :recv-count 96, :msg-count 96},
       :servers {:send-count 0,
                 :recv-count 0,
                 :msg-count 0,
                 :msgs-per-op 0.0},
       :valid? true},
 :workload {:valid? true,
            :results {0 {:linearizable {:valid? true,
                                        :configs ({:model #knossos.model.CASRegister{:value 2},
                                                   :last-op {:process 1,
                                                             :type :ok,
                                                             :f :write,
                                                             :value 2,
                                                             :index 93,
                                                             :time 9769209900},
                                                   :pending []}),
                                        :final-paths ()},
                         :timeline {:valid? true},
                         :valid? true}},
            :failures []},
 :valid? :unknown}


Errors occurred during analysis, but no anomalies found. ?~?
