2026-03-14 10:32:05,780{GMT}	INFO	[jepsen test runner] jepsen.core: Test version e0ff92ff78176b78d4da1b0ffb8afc4be0fa2c31 (plus uncommitted changes)
2026-03-14 10:32:05,782{GMT}	INFO	[jepsen test runner] jepsen.core: Command line:
lein run test --workload lin-kv --bin "target\\debug\\server.exe" --node-count 3 --concurrency 6 --time-limit 10
2026-03-14 10:32:05,812{GMT}	INFO	[jepsen test runner] jepsen.core: Running test:
{:args []
 :remote
 #jepsen.control.retry.Remote{:remote #jepsen.control.scp.Remote{:cmd-remote #jepsen.control.sshj.SSHJRemote{:concurrency-limit 6,
                                                                                                             :conn-spec nil,
                                                                                                             :client nil,
                                                                                                             :semaphore nil},
                                                                 :conn-spec nil},
                              :conn nil}
 :log-net-send false
 :node-count 3
 :availability nil
 :max-txn-length 4
 :concurrency 6
 :db
 #object[maelstrom.db$db$reify__16612
         "0x428943a4"
         "maelstrom.db$db$reify__16612@428943a4"]
 :max-writes-per-key 16
 :leave-db-running? false
 :name "lin-kv"
 :logging-json? false
 :start-time
 #object[org.joda.time.DateTime "0x73534675" "2026-03-14T10:32:05.697+01:00"]
 :nemesis-interval 10
 :net
 #object[maelstrom.net$jepsen_net$reify__15721
         "0x550482aa"
         "maelstrom.net$jepsen_net$reify__15721@550482aa"]
 :client
 #object[maelstrom.workload.lin_kv$client$reify__20973
         "0x2b7b6f58"
         "maelstrom.workload.lin_kv$client$reify__20973@2b7b6f58"]
 :barrier
 #object[java.util.concurrent.CyclicBarrier
         "0x2dc4b58a"
         "java.util.concurrent.CyclicBarrier@2dc4b58a"]
 :log-stderr false
 :pure-generators true
 :ssh {:dummy? true}
 :rate 5
 :checker
 #object[jepsen.checker$compose$reify__11089
         "0x44cd3ea9"
         "jepsen.checker$compose$reify__11089@44cd3ea9"]
 :argv
 ("test"
  "--workload"
  "lin-kv"
  "--bin"
  "target\\debug\\server.exe"
  "--node-count"
  "3"
  "--concurrency"
  "6"
  "--time-limit"
  "10")
 :nemesis
 (jepsen.nemesis.ReflCompose
  {:fm {:start-partition 0,
        :stop-partition 0,
        :kill 1,
        :start 1,
        :pause 1,
        :resume 1},
   :nemeses [#unprintable "jepsen.nemesis.combined$partition_nemesis$reify__16905@352df548"
             #unprintable "jepsen.nemesis.combined$db_nemesis$reify__16886@45dc4d1a"]})
 :nodes ["n0" "n1" "n2"]
 :test-count 1
 :latency {:mean 0, :dist :constant}
 :bin "target\\debug\\server.exe"
 :generator
 #object[jepsen.util.Forgettable
         "0x2495a351"
         (jepsen.generator.TimeLimit
          {:limit 10000000000,
           :cutoff nil,
           :gen (jepsen.generator.Any
                 {:gens [(jepsen.generator.OnThreads
                          {:f #{:nemesis},
                           :context-filter #object[jepsen.generator.context$make_thread_filter$lazy_filter__12077
                                                   "0x2f9a7d6f"
                                                   "jepsen.generator.context$make_thread_filter$lazy_filter__12077@2f9a7d6f"],
                           :gen nil})
                         (jepsen.generator.OnThreads
                          {:f #jepsen.generator.context.AllBut{:element :nemesis},
                           :context-filter #object[jepsen.generator.context$make_thread_filter$lazy_filter__12077
                                                   "0x3f96ef2"
                                                   "jepsen.generator.context$make_thread_filter$lazy_filter__12077@3f96ef2"],
                           :gen (jepsen.generator.Stagger
                                 {:dt 400000000,
                                  :next-time nil,
                                  :gen (jepsen.generator.OnThreads
                                        {:f #jepsen.generator.context.AllBut{:element :nemesis},
                                         :context-filter #object[jepsen.generator.context$make_thread_filter$lazy_filter__12077
                                                                 "0x12039ae0"
                                                                 "jepsen.generator.context$make_thread_filter$lazy_filter__12077@12039ae0"],
                                         :gen (jepsen.independent.ConcurrentGenerator
                                               {:n 6,
                                                :fgen #object[jepsen.tests.linearizable_register$test$fn__17385
                                                              "0x1fb320de"
                                                              "jepsen.tests.linearizable_register$test$fn__17385@1fb320de"],
                                                :group->threads nil,
                                                :thread->group nil,
                                                :group->context-filter nil,
                                                :keys (0 1 2 3 4 5 6 7 ...),
                                                :gens nil})})})})]})})]
 :log-net-recv false
 :os
 #object[maelstrom.net$jepsen_os$reify__15724
         "0x2bf83b29"
         "maelstrom.net$jepsen_os$reify__15724@2bf83b29"]
 :time-limit 10
 :workload :lin-kv
 :consistency-models [:strict-serializable]
 :topology :grid}

2026-03-14 10:32:06,927{GMT}	INFO	[jepsen node n0] maelstrom.net: Starting Maelstrom network
2026-03-14 10:32:06,929{GMT}	INFO	[jepsen test runner] jepsen.db: Tearing down DB
2026-03-14 10:32:06,931{GMT}	INFO	[jepsen test runner] jepsen.db: Setting up DB
2026-03-14 10:32:06,932{GMT}	INFO	[jepsen node n2] maelstrom.db: Setting up n2
2026-03-14 10:32:06,932{GMT}	INFO	[jepsen node n1] maelstrom.db: Setting up n1
2026-03-14 10:32:06,933{GMT}	INFO	[jepsen node n0] maelstrom.service: Starting services: (lin-kv lin-tso lww-kv seq-kv)
2026-03-14 10:32:06,933{GMT}	INFO	[jepsen node n2] maelstrom.process: launching target\debug\server.exe []
2026-03-14 10:32:06,935{GMT}	INFO	[jepsen node n0] maelstrom.db: Setting up n0
2026-03-14 10:32:06,934{GMT}	INFO	[jepsen node n1] maelstrom.process: launching target\debug\server.exe []
2026-03-14 10:32:06,936{GMT}	INFO	[jepsen node n0] maelstrom.process: launching target\debug\server.exe []
2026-03-14 10:32:06,962{GMT}	INFO	[jepsen test runner] jepsen.core: Relative time begins now
2026-03-14 10:32:06,977{GMT}	INFO	[jepsen worker 0] jepsen.util: 0	:invoke	:read	[0 nil]
2026-03-14 10:32:06,977{GMT}	INFO	[jepsen worker 0] jepsen.util: 0	:fail	:read	[0 nil]	[:key-does-not-exist "key does not exist"]
2026-03-14 10:32:07,254{GMT}	INFO	[jepsen worker 3] jepsen.util: 3	:invoke	:cas	[0 [0 1]]
2026-03-14 10:32:07,267{GMT}	INFO	[jepsen worker 3] jepsen.util: 3	:fail	:cas	[0 [0 1]]	[:key-does-not-exist "key does not exist"]
2026-03-14 10:32:07,565{GMT}	INFO	[jepsen worker 3] jepsen.util: 3	:invoke	:cas	[0 [2 0]]
2026-03-14 10:32:07,574{GMT}	INFO	[jepsen worker 3] jepsen.util: 3	:fail	:cas	[0 [2 0]]	[:key-does-not-exist "key does not exist"]
2026-03-14 10:32:07,816{GMT}	INFO	[jepsen worker 0] jepsen.util: 0	:invoke	:read	[0 nil]
2026-03-14 10:32:07,824{GMT}	INFO	[jepsen worker 0] jepsen.util: 0	:fail	:read	[0 nil]	[:key-does-not-exist "key does not exist"]
2026-03-14 10:32:07,825{GMT}	INFO	[jepsen worker 4] jepsen.util: 4	:invoke	:cas	[0 [3 1]]
2026-03-14 10:32:07,827{GMT}	INFO	[jepsen worker 4] jepsen.util: 4	:fail	:cas	[0 [3 1]]	[:key-does-not-exist "key does not exist"]
2026-03-14 10:32:08,110{GMT}	INFO	[jepsen worker 0] jepsen.util: 0	:invoke	:read	[0 nil]
2026-03-14 10:32:08,119{GMT}	INFO	[jepsen worker 0] jepsen.util: 0	:fail	:read	[0 nil]	[:key-does-not-exist "key does not exist"]
2026-03-14 10:32:08,425{GMT}	INFO	[jepsen worker 0] jepsen.util: 0	:invoke	:read	[0 nil]
2026-03-14 10:32:08,435{GMT}	INFO	[jepsen worker 0] jepsen.util: 0	:fail	:read	[0 nil]	[:key-does-not-exist "key does not exist"]
2026-03-14 10:32:08,781{GMT}	INFO	[jepsen worker 3] jepsen.util: 3	:invoke	:write	[0 2]
2026-03-14 10:32:08,791{GMT}	INFO	[jepsen worker 3] jepsen.util: 3	:ok	:write	[0 2]
2026-03-14 10:32:08,986{GMT}	INFO	[jepsen worker 1] jepsen.util: 1	:invoke	:read	[0 nil]
2026-03-14 10:32:08,991{GMT}	INFO	[jepsen worker 1] jepsen.util: 1	:fail	:read	[0 nil]	[:key-does-not-exist "key does not exist"]
2026-03-14 10:32:09,375{GMT}	INFO	[jepsen worker 3] jepsen.util: 3	:invoke	:cas	[0 [4 4]]
2026-03-14 10:32:09,382{GMT}	INFO	[jepsen worker 3] jepsen.util: 3	:fail	:cas	[0 [4 4]]	[:precondition-failed "precondition failed"]
2026-03-14 10:32:09,783{GMT}	INFO	[jepsen worker 0] jepsen.util: 0	:invoke	:read	[0 nil]
2026-03-14 10:32:09,795{GMT}	INFO	[jepsen worker 0] jepsen.util: 0	:ok	:read	[0 2]
2026-03-14 10:32:10,049{GMT}	INFO	[jepsen worker 0] jepsen.util: 0	:invoke	:read	[0 nil]
2026-03-14 10:32:10,054{GMT}	INFO	[jepsen worker 0] jepsen.util: 0	:ok	:read	[0 2]
2026-03-14 10:32:10,204{GMT}	INFO	[jepsen worker 0] jepsen.util: 0	:invoke	:read	[0 nil]
2026-03-14 10:32:10,211{GMT}	INFO	[jepsen worker 0] jepsen.util: 0	:ok	:read	[0 2]
2026-03-14 10:32:10,564{GMT}	INFO	[jepsen worker 0] jepsen.util: 0	:invoke	:read	[0 nil]
2026-03-14 10:32:10,574{GMT}	INFO	[jepsen worker 0] jepsen.util: 0	:ok	:read	[0 2]
2026-03-14 10:32:10,924{GMT}	INFO	[jepsen worker 0] jepsen.util: 0	:invoke	:read	[0 nil]
2026-03-14 10:32:10,932{GMT}	INFO	[jepsen worker 0] jepsen.util: 0	:ok	:read	[0 2]
2026-03-14 10:32:11,079{GMT}	INFO	[jepsen worker 3] jepsen.util: 3	:invoke	:write	[0 1]
2026-03-14 10:32:11,089{GMT}	INFO	[jepsen worker 3] jepsen.util: 3	:ok	:write	[0 1]
2026-03-14 10:32:11,424{GMT}	INFO	[jepsen worker 2] jepsen.util: 2	:invoke	:read	[0 nil]
2026-03-14 10:32:11,432{GMT}	INFO	[jepsen worker 2] jepsen.util: 2	:fail	:read	[0 nil]	[:key-does-not-exist "key does not exist"]
2026-03-14 10:32:11,735{GMT}	INFO	[jepsen worker 3] jepsen.util: 3	:invoke	:write	[0 1]
2026-03-14 10:32:11,746{GMT}	INFO	[jepsen worker 3] jepsen.util: 3	:ok	:write	[0 1]
2026-03-14 10:32:11,765{GMT}	INFO	[jepsen worker 4] jepsen.util: 4	:invoke	:cas	[0 [2 3]]
2026-03-14 10:32:11,765{GMT}	INFO	[jepsen worker 4] jepsen.util: 4	:fail	:cas	[0 [2 3]]	[:key-does-not-exist "key does not exist"]
2026-03-14 10:32:12,156{GMT}	INFO	[jepsen worker 5] jepsen.util: 5	:invoke	:write	[0 1]
2026-03-14 10:32:12,163{GMT}	INFO	[jepsen worker 5] jepsen.util: 5	:ok	:write	[0 1]
2026-03-14 10:32:12,251{GMT}	INFO	[jepsen worker 0] jepsen.util: 0	:invoke	:read	[0 nil]
2026-03-14 10:32:12,259{GMT}	INFO	[jepsen worker 0] jepsen.util: 0	:ok	:read	[0 1]
2026-03-14 10:32:12,470{GMT}	INFO	[jepsen worker 3] jepsen.util: 3	:invoke	:cas	[0 [0 4]]
2026-03-14 10:32:12,477{GMT}	INFO	[jepsen worker 3] jepsen.util: 3	:fail	:cas	[0 [0 4]]	[:precondition-failed "precondition failed"]
2026-03-14 10:32:12,689{GMT}	INFO	[jepsen worker 3] jepsen.util: 3	:invoke	:cas	[0 [0 0]]
2026-03-14 10:32:12,697{GMT}	INFO	[jepsen worker 3] jepsen.util: 3	:fail	:cas	[0 [0 0]]	[:precondition-failed "precondition failed"]
2026-03-14 10:32:12,892{GMT}	INFO	[jepsen worker 3] jepsen.util: 3	:invoke	:cas	[0 [3 0]]
2026-03-14 10:32:12,901{GMT}	INFO	[jepsen worker 3] jepsen.util: 3	:fail	:cas	[0 [3 0]]	[:precondition-failed "precondition failed"]
2026-03-14 10:32:13,157{GMT}	INFO	[jepsen worker 3] jepsen.util: 3	:invoke	:write	[0 4]
2026-03-14 10:32:13,163{GMT}	INFO	[jepsen worker 3] jepsen.util: 3	:ok	:write	[0 4]
2026-03-14 10:32:13,187{GMT}	INFO	[jepsen worker 4] jepsen.util: 4	:invoke	:cas	[0 [1 2]]
2026-03-14 10:32:13,193{GMT}	INFO	[jepsen worker 4] jepsen.util: 4	:fail	:cas	[0 [1 2]]	[:key-does-not-exist "key does not exist"]
2026-03-14 10:32:13,501{GMT}	INFO	[jepsen worker 0] jepsen.util: 0	:invoke	:read	[0 nil]
2026-03-14 10:32:13,509{GMT}	INFO	[jepsen worker 0] jepsen.util: 0	:ok	:read	[0 4]
2026-03-14 10:32:13,874{GMT}	INFO	[jepsen worker 0] jepsen.util: 0	:invoke	:read	[0 nil]
2026-03-14 10:32:13,878{GMT}	INFO	[jepsen worker 0] jepsen.util: 0	:ok	:read	[0 4]
2026-03-14 10:32:13,921{GMT}	INFO	[jepsen worker 0] jepsen.util: 0	:invoke	:read	[0 nil]
2026-03-14 10:32:13,921{GMT}	INFO	[jepsen worker 0] jepsen.util: 0	:ok	:read	[0 4]
2026-03-14 10:32:14,315{GMT}	INFO	[jepsen worker 3] jepsen.util: 3	:invoke	:cas	[0 [2 0]]
2026-03-14 10:32:14,319{GMT}	INFO	[jepsen worker 3] jepsen.util: 3	:fail	:cas	[0 [2 0]]	[:precondition-failed "precondition failed"]
2026-03-14 10:32:14,516{GMT}	INFO	[jepsen worker 3] jepsen.util: 3	:invoke	:cas	[0 [3 3]]
2026-03-14 10:32:14,525{GMT}	INFO	[jepsen worker 3] jepsen.util: 3	:fail	:cas	[0 [3 3]]	[:precondition-failed "precondition failed"]
2026-03-14 10:32:14,890{GMT}	INFO	[jepsen worker 0] jepsen.util: 0	:invoke	:read	[0 nil]
2026-03-14 10:32:14,901{GMT}	INFO	[jepsen worker 0] jepsen.util: 0	:ok	:read	[0 4]
2026-03-14 10:32:14,924{GMT}	INFO	[jepsen worker 0] jepsen.util: 0	:invoke	:read	[0 nil]
2026-03-14 10:32:14,933{GMT}	INFO	[jepsen worker 0] jepsen.util: 0	:ok	:read	[0 4]
2026-03-14 10:32:15,205{GMT}	INFO	[jepsen worker 0] jepsen.util: 0	:invoke	:read	[0 nil]
2026-03-14 10:32:15,212{GMT}	INFO	[jepsen worker 0] jepsen.util: 0	:ok	:read	[0 4]
2026-03-14 10:32:15,548{GMT}	INFO	[jepsen worker 0] jepsen.util: 0	:invoke	:read	[0 nil]
2026-03-14 10:32:15,557{GMT}	INFO	[jepsen worker 0] jepsen.util: 0	:ok	:read	[0 4]
2026-03-14 10:32:15,908{GMT}	INFO	[jepsen worker 0] jepsen.util: 0	:invoke	:read	[0 nil]
2026-03-14 10:32:15,918{GMT}	INFO	[jepsen worker 0] jepsen.util: 0	:ok	:read	[0 4]
2026-03-14 10:32:16,265{GMT}	INFO	[jepsen worker 1] jepsen.util: 1	:invoke	:read	[0 nil]
2026-03-14 10:32:16,271{GMT}	INFO	[jepsen worker 1] jepsen.util: 1	:fail	:read	[0 nil]	[:key-does-not-exist "key does not exist"]
2026-03-14 10:32:16,486{GMT}	INFO	[jepsen worker 3] jepsen.util: 3	:invoke	:write	[0 3]
2026-03-14 10:32:16,494{GMT}	INFO	[jepsen worker 3] jepsen.util: 3	:ok	:write	[0 3]
2026-03-14 10:32:16,765{GMT}	INFO	[jepsen worker 3] jepsen.util: 3	:invoke	:cas	[0 [1 3]]
2026-03-14 10:32:16,772{GMT}	INFO	[jepsen worker 3] jepsen.util: 3	:fail	:cas	[0 [1 3]]	[:precondition-failed "precondition failed"]
2026-03-14 10:32:16,828{GMT}	INFO	[jepsen worker 0] jepsen.util: 0	:invoke	:read	[0 nil]
2026-03-14 10:32:16,839{GMT}	INFO	[jepsen worker 0] jepsen.util: 0	:ok	:read	[0 3]
2026-03-14 10:32:16,875{GMT}	INFO	[jepsen worker 0] jepsen.util: 0	:invoke	:read	[0 nil]
2026-03-14 10:32:16,875{GMT}	INFO	[jepsen worker 0] jepsen.util: 0	:ok	:read	[0 3]
2026-03-14 10:32:16,906{GMT}	INFO	[jepsen worker 3] jepsen.util: 3	:invoke	:cas	[0 [2 2]]
2026-03-14 10:32:16,913{GMT}	INFO	[jepsen worker 3] jepsen.util: 3	:fail	:cas	[0 [2 2]]	[:precondition-failed "precondition failed"]
2026-03-14 10:32:16,937{GMT}	INFO	[jepsen test runner] jepsen.core: Run complete, writing
2026-03-14 10:32:16,959{GMT}	INFO	[jepsen node n0] maelstrom.db: Tearing down n0
2026-03-14 10:32:16,959{GMT}	INFO	[jepsen node n2] maelstrom.db: Tearing down n2
2026-03-14 10:32:16,959{GMT}	INFO	[jepsen node n1] maelstrom.db: Tearing down n1
2026-03-14 10:32:18,048{GMT}	INFO	[jepsen node n0] maelstrom.net: Shutting down Maelstrom network
2026-03-14 10:32:18,049{GMT}	INFO	[jepsen test runner] jepsen.core: Analyzing...
2026-03-14 10:32:18,094{GMT}	WARN	[clojure-agent-send-off-pool-1] jepsen.checker: Error while checking history:
java.lang.IllegalStateException: Error rendering plot, verify gnuplot is installed and reachable
	at jepsen.checker.perf$plot_BANG_.invokeStatic(perf.clj:494)
	at jepsen.checker.perf$plot_BANG_.invoke(perf.clj:431)
	at jepsen.checker.perf$rate_graph_BANG_.invokeStatic(perf.clj:628)
	at jepsen.checker.perf$rate_graph_BANG_.invoke(perf.clj:573)
	at jepsen.checker$rate_graph$reify__11309.check(checker.clj:845)
	at jepsen.checker$check_safe.invokeStatic(checker.clj:88)
	at jepsen.checker$check_safe.invoke(checker.clj:80)
	at jepsen.checker$compose$reify__11089$fn__11091.invoke(checker.clj:104)
	at clojure.core$pmap$fn__8582$fn__8583.invoke(core.clj:7169)
	at clojure.core$binding_conveyor_fn$fn__5842.invoke(core.clj:2047)
	at clojure.lang.AFn.call(AFn.java:18)
	at java.base/java.util.concurrent.FutureTask.run(FutureTask.java:264)
	at java.base/java.util.concurrent.ThreadPoolExecutor.runWorker(ThreadPoolExecutor.java:1136)
	at java.base/java.util.concurrent.ThreadPoolExecutor$Worker.run(ThreadPoolExecutor.java:635)
	at java.base/java.lang.Thread.run(Thread.java:840)
Caused by: java.io.IOException: Cannot run program "gnuplot": CreateProcess error=2, ĎµÍłŐŇ˛»µ˝Ö¸¶¨µÄÎÄĽţˇŁ
	at java.base/java.lang.ProcessBuilder.start(ProcessBuilder.java:1143)
	at java.base/java.lang.ProcessBuilder.start(ProcessBuilder.java:1073)
	at java.base/java.lang.Runtime.exec(Runtime.java:594)
	at clojure.java.shell$sh.invokeStatic(shell.clj:113)
	at clojure.java.shell$sh.doInvoke(shell.clj:79)
	at clojure.lang.RestFn.invoke(RestFn.java:515)
	at gnuplot.core$run_BANG_.invokeStatic(core.clj:76)
	at gnuplot.core$run_BANG_.invoke(core.clj:66)
	at gnuplot.core$raw_plot_BANG_.invokeStatic(core.clj:106)
	at gnuplot.core$raw_plot_BANG_.invoke(core.clj:91)
	... 15 common frames omitted
Caused by: java.io.IOException: CreateProcess error=2, ĎµÍłŐŇ˛»µ˝Ö¸¶¨µÄÎÄĽţˇŁ
	at java.base/java.lang.ProcessImpl.create(Native Method)
	at java.base/java.lang.ProcessImpl.<init>(ProcessImpl.java:505)
	at java.base/java.lang.ProcessImpl.start(ProcessImpl.java:158)
	at java.base/java.lang.ProcessBuilder.start(ProcessBuilder.java:1110)
	... 24 common frames omitted
2026-03-14 10:32:18,096{GMT}	WARN	[clojure-agent-send-off-pool-3] jepsen.checker: Error while checking history:
java.lang.IllegalStateException: Error rendering plot, verify gnuplot is installed and reachable
	at jepsen.checker.perf$plot_BANG_.invokeStatic(perf.clj:494)
	at jepsen.checker.perf$plot_BANG_.invoke(perf.clj:431)
	at jepsen.checker.perf$point_graph_BANG_.invokeStatic(perf.clj:525)
	at jepsen.checker.perf$point_graph_BANG_.invoke(perf.clj:498)
	at jepsen.checker$latency_graph$reify__11306.check(checker.clj:832)
	at jepsen.checker$check_safe.invokeStatic(checker.clj:88)
	at jepsen.checker$check_safe.invoke(checker.clj:80)
	at jepsen.checker$compose$reify__11089$fn__11091.invoke(checker.clj:104)
	at clojure.core$pmap$fn__8582$fn__8583.invoke(core.clj:7169)
	at clojure.core$binding_conveyor_fn$fn__5842.invoke(core.clj:2047)
	at clojure.lang.AFn.call(AFn.java:18)
	at java.base/java.util.concurrent.FutureTask.run(FutureTask.java:264)
	at java.base/java.util.concurrent.ThreadPoolExecutor.runWorker(ThreadPoolExecutor.java:1136)
	at java.base/java.util.concurrent.ThreadPoolExecutor$Worker.run(ThreadPoolExecutor.java:635)
	at java.base/java.lang.Thread.run(Thread.java:840)
Caused by: java.io.IOException: Cannot run program "gnuplot": CreateProcess error=2, ĎµÍłŐŇ˛»µ˝Ö¸¶¨µÄÎÄĽţˇŁ
	at java.base/java.lang.ProcessBuilder.start(ProcessBuilder.java:1143)
	at java.base/java.lang.ProcessBuilder.start(ProcessBuilder.java:1073)
	at java.base/java.lang.Runtime.exec(Runtime.java:594)
	at clojure.java.shell$sh.invokeStatic(shell.clj:113)
	at clojure.java.shell$sh.doInvoke(shell.clj:79)
	at clojure.lang.RestFn.invoke(RestFn.java:515)
	at gnuplot.core$run_BANG_.invokeStatic(core.clj:76)
	at gnuplot.core$run_BANG_.invoke(core.clj:66)
	at gnuplot.core$raw_plot_BANG_.invokeStatic(core.clj:106)
	at gnuplot.core$raw_plot_BANG_.invoke(core.clj:91)
	... 15 common frames omitted
Caused by: java.io.IOException: CreateProcess error=2, ĎµÍłŐŇ˛»µ˝Ö¸¶¨µÄÎÄĽţˇŁ
	at java.base/java.lang.ProcessImpl.create(Native Method)
	at java.base/java.lang.ProcessImpl.<init>(ProcessImpl.java:505)
	at java.base/java.lang.ProcessImpl.start(ProcessImpl.java:158)
	at java.base/java.lang.ProcessBuilder.start(ProcessBuilder.java:1110)
	... 24 common frames omitted
2026-03-14 10:32:18,151{GMT}	INFO	[clojure-agent-send-pool-0] jepsen.independent: Wrote D:\java tool\IDEA project\omnipaxos-app\store\lin-kv\20260314T103205.697+0100\independent\0\results.edn
2026-03-14 10:32:18,156{GMT}	INFO	[clojure-agent-send-pool-0] jepsen.independent: Wrote D:\java tool\IDEA project\omnipaxos-app\store\lin-kv\20260314T103205.697+0100\independent\0\history.edn
2026-03-14 10:32:18,156{GMT}	INFO	[jepsen test runner] jepsen.core: Analysis complete
2026-03-14 10:32:18,172{GMT}	INFO	[jepsen results] jepsen.store: Wrote D:\java tool\IDEA project\omnipaxos-app\store\lin-kv\20260314T103205.697+0100\results.edn
2026-03-14 10:32:18,203{GMT}	INFO	[jepsen test runner] jepsen.core: {:perf {:latency-graph {:valid? :unknown,
                        :error {:via [{:type java.lang.IllegalStateException,
                                       :message "Error rendering plot, verify gnuplot is installed and reachable",
                                       :at [jepsen.checker.perf$plot_BANG_
                                            invokeStatic
                                            "perf.clj"
                                            494]}
                                      {:type java.io.IOException,
                                       :message "Cannot run program \"gnuplot\": CreateProcess error=2, ĎµÍłŐŇ˛»µ˝Ö¸¶¨µÄÎÄĽţˇŁ",
                                       :at [java.lang.ProcessBuilder
                                            start
                                            "ProcessBuilder.java"
                                            1143]}
                                      {:type java.io.IOException,
                                       :message "CreateProcess error=2, ĎµÍłŐŇ˛»µ˝Ö¸¶¨µÄÎÄĽţˇŁ",
                                       :at [java.lang.ProcessImpl
                                            create
                                            "ProcessImpl.java"
                                            -2]}],
                                :trace [[java.lang.ProcessImpl
                                         create
                                         "ProcessImpl.java"
                                         -2]
                                        [java.lang.ProcessImpl
                                         <init>
                                         "ProcessImpl.java"
                                         505]
                                        [java.lang.ProcessImpl
                                         start
                                         "ProcessImpl.java"
                                         158]
                                        [java.lang.ProcessBuilder
                                         start
                                         "ProcessBuilder.java"
                                         1110]
                                        [java.lang.ProcessBuilder
                                         start
                                         "ProcessBuilder.java"
                                         1073]
                                        [java.lang.Runtime
                                         exec
                                         "Runtime.java"
                                         594]
                                        [clojure.java.shell$sh
                                         invokeStatic
                                         "shell.clj"
                                         113]
                                        [clojure.java.shell$sh
                                         doInvoke
                                         "shell.clj"
                                         79]
                                        [clojure.lang.RestFn
                                         invoke
                                         "RestFn.java"
                                         515]
                                        [gnuplot.core$run_BANG_
                                         invokeStatic
                                         "core.clj"
                                         76]
                                        [gnuplot.core$run_BANG_
                                         invoke
                                         "core.clj"
                                         66]
                                        [gnuplot.core$raw_plot_BANG_
                                         invokeStatic
                                         "core.clj"
                                         106]
                                        [gnuplot.core$raw_plot_BANG_
                                         invoke
                                         "core.clj"
                                         91]
                                        [jepsen.checker.perf$plot_BANG_
                                         invokeStatic
                                         "perf.clj"
                                         494]
                                        [jepsen.checker.perf$plot_BANG_
                                         invoke
                                         "perf.clj"
                                         431]
                                        [jepsen.checker.perf$point_graph_BANG_
                                         invokeStatic
                                         "perf.clj"
                                         525]
                                        [jepsen.checker.perf$point_graph_BANG_
                                         invoke
                                         "perf.clj"
                                         498]
                                        [jepsen.checker$latency_graph$reify__11306
                                         check
                                         "checker.clj"
                                         832]
                                        [jepsen.checker$check_safe
                                         invokeStatic
                                         "checker.clj"
                                         88]
                                        [jepsen.checker$check_safe
                                         invoke
                                         "checker.clj"
                                         80]
                                        [jepsen.checker$compose$reify__11089$fn__11091
                                         invoke
                                         "checker.clj"
                                         104]
                                        [clojure.core$pmap$fn__8582$fn__8583
                                         invoke
                                         "core.clj"
                                         7169]
                                        [clojure.core$binding_conveyor_fn$fn__5842
                                         invoke
                                         "core.clj"
                                         2047]
                                        [clojure.lang.AFn
                                         call
                                         "AFn.java"
                                         18]
                                        [java.util.concurrent.FutureTask
                                         run
                                         "FutureTask.java"
                                         264]
                                        [java.util.concurrent.ThreadPoolExecutor
                                         runWorker
                                         "ThreadPoolExecutor.java"
                                         1136]
                                        [java.util.concurrent.ThreadPoolExecutor$Worker
                                         run
                                         "ThreadPoolExecutor.java"
                                         635]
                                        [java.lang.Thread
                                         run
                                         "Thread.java"
                                         840]],
                                :cause "CreateProcess error=2, ĎµÍłŐŇ˛»µ˝Ö¸¶¨µÄÎÄĽţˇŁ"}},
        :rate-graph {:valid? :unknown,
                     :error {:via [{:type java.lang.IllegalStateException,
                                    :message "Error rendering plot, verify gnuplot is installed and reachable",
                                    :at [jepsen.checker.perf$plot_BANG_
                                         invokeStatic
                                         "perf.clj"
                                         494]}
                                   {:type java.io.IOException,
                                    :message "Cannot run program \"gnuplot\": CreateProcess error=2, ĎµÍłŐŇ˛»µ˝Ö¸¶¨µÄÎÄĽţˇŁ",
                                    :at [java.lang.ProcessBuilder
                                         start
                                         "ProcessBuilder.java"
                                         1143]}
                                   {:type java.io.IOException,
                                    :message "CreateProcess error=2, ĎµÍłŐŇ˛»µ˝Ö¸¶¨µÄÎÄĽţˇŁ",
                                    :at [java.lang.ProcessImpl
                                         create
                                         "ProcessImpl.java"
                                         -2]}],
                             :trace [[java.lang.ProcessImpl
                                      create
                                      "ProcessImpl.java"
                                      -2]
                                     [java.lang.ProcessImpl
                                      <init>
                                      "ProcessImpl.java"
                                      505]
                                     [java.lang.ProcessImpl
                                      start
                                      "ProcessImpl.java"
                                      158]
                                     [java.lang.ProcessBuilder
                                      start
                                      "ProcessBuilder.java"
                                      1110]
                                     [java.lang.ProcessBuilder
                                      start
                                      "ProcessBuilder.java"
                                      1073]
                                     [java.lang.Runtime
                                      exec
                                      "Runtime.java"
                                      594]
                                     [clojure.java.shell$sh
                                      invokeStatic
                                      "shell.clj"
                                      113]
                                     [clojure.java.shell$sh
                                      doInvoke
                                      "shell.clj"
                                      79]
                                     [clojure.lang.RestFn
                                      invoke
                                      "RestFn.java"
                                      515]
                                     [gnuplot.core$run_BANG_
                                      invokeStatic
                                      "core.clj"
                                      76]
                                     [gnuplot.core$run_BANG_
                                      invoke
                                      "core.clj"
                                      66]
                                     [gnuplot.core$raw_plot_BANG_
                                      invokeStatic
                                      "core.clj"
                                      106]
                                     [gnuplot.core$raw_plot_BANG_
                                      invoke
                                      "core.clj"
                                      91]
                                     [jepsen.checker.perf$plot_BANG_
                                      invokeStatic
                                      "perf.clj"
                                      494]
                                     [jepsen.checker.perf$plot_BANG_
                                      invoke
                                      "perf.clj"
                                      431]
                                     [jepsen.checker.perf$rate_graph_BANG_
                                      invokeStatic
                                      "perf.clj"
                                      628]
                                     [jepsen.checker.perf$rate_graph_BANG_
                                      invoke
                                      "perf.clj"
                                      573]
                                     [jepsen.checker$rate_graph$reify__11309
                                      check
                                      "checker.clj"
                                      845]
                                     [jepsen.checker$check_safe
                                      invokeStatic
                                      "checker.clj"
                                      88]
                                     [jepsen.checker$check_safe
                                      invoke
                                      "checker.clj"
                                      80]
                                     [jepsen.checker$compose$reify__11089$fn__11091
                                      invoke
                                      "checker.clj"
                                      104]
                                     [clojure.core$pmap$fn__8582$fn__8583
                                      invoke
                                      "core.clj"
                                      7169]
                                     [clojure.core$binding_conveyor_fn$fn__5842
                                      invoke
                                      "core.clj"
                                      2047]
                                     [clojure.lang.AFn
                                      call
                                      "AFn.java"
                                      18]
                                     [java.util.concurrent.FutureTask
                                      run
                                      "FutureTask.java"
                                      264]
                                     [java.util.concurrent.ThreadPoolExecutor
                                      runWorker
                                      "ThreadPoolExecutor.java"
                                      1136]
                                     [java.util.concurrent.ThreadPoolExecutor$Worker
                                      run
                                      "ThreadPoolExecutor.java"
                                      635]
                                     [java.lang.Thread
                                      run
                                      "Thread.java"
                                      840]],
                             :cause "CreateProcess error=2, ĎµÍłŐŇ˛»µ˝Ö¸¶¨µÄÎÄĽţˇŁ"}},
        :valid? :unknown},
 :timeline {:valid? true},
 :exceptions {:valid? true},
 :stats {:valid? false,
         :count 42,
         :ok-count 22,
         :fail-count 20,
         :info-count 0,
         :by-f {:cas {:valid? false,
                      :count 13,
                      :ok-count 0,
                      :fail-count 13,
                      :info-count 0},
                :read {:valid? true,
                       :count 23,
                       :ok-count 16,
                       :fail-count 7,
                       :info-count 0},
                :write {:valid? true,
                        :count 6,
                        :ok-count 6,
                        :fail-count 0,
                        :info-count 0}}},
 :availability {:valid? true, :ok-fraction 0.52380955},
 :net {:all {:send-count 90,
             :recv-count 90,
             :msg-count 90,
             :msgs-per-op 2.142857},
       :clients {:send-count 90, :recv-count 90, :msg-count 90},
       :servers {:send-count 0,
                 :recv-count 0,
                 :msg-count 0,
                 :msgs-per-op 0.0},
       :valid? true},
 :workload {:valid? true,
            :results {0 {:linearizable {:valid? true,
                                        :configs ({:model #knossos.model.CASRegister{:value 3},
                                                   :last-op {:process 0,
                                                             :type :ok,
                                                             :f :read,
                                                             :value 3,
                                                             :index 81,
                                                             :time 9920307200},
                                                   :pending []}),
                                        :final-paths ()},
                         :timeline {:valid? true},
                         :valid? true}},
            :failures []},
 :valid? false}


Analysis invalid! (??Ňć?Ł©? ©ß©Ą©ß
