2026-03-14 16:34:18,036{GMT}	INFO	[jepsen test runner] jepsen.core: Test version 5375f5721267ace6490f96d18186c337a9262f51 (plus uncommitted changes)
2026-03-14 16:34:18,036{GMT}	INFO	[jepsen test runner] jepsen.core: Command line:
lein run test -w lin-kv --bin "D:\\java tool\\IDEA project\\omnipaxos-app\\target\\debug\\maelstrom-kv.exe" --node-count 3 --concurrency 6 --time-limit 30 --rate 10 --nemesis partition
2026-03-14 16:34:18,087{GMT}	INFO	[jepsen test runner] jepsen.core: Running test:
{:args []
 :remote
 #jepsen.control.retry.Remote{:remote #jepsen.control.scp.Remote{:cmd-remote #jepsen.control.sshj.SSHJRemote{:concurrency-limit 6,
                                                                                                             :conn-spec nil,
                                                                                                             :client nil,
                                                                                                             :semaphore nil},
                                                                 :conn-spec nil},
                              :conn nil}
 :log-net-send false
 :node-count 3
 :availability nil
 :max-txn-length 4
 :concurrency 6
 :db
 #object[maelstrom.db$db$reify__16612
         "0x73534675"
         "maelstrom.db$db$reify__16612@73534675"]
 :max-writes-per-key 16
 :leave-db-running? false
 :name "lin-kv"
 :logging-json? false
 :start-time
 #object[org.joda.time.DateTime "0x44cd3ea9" "2026-03-14T16:34:17.952+01:00"]
 :nemesis-interval 10
 :net
 #object[maelstrom.net$jepsen_net$reify__15721
         "0x352df548"
         "maelstrom.net$jepsen_net$reify__15721@352df548"]
 :client
 #object[maelstrom.workload.lin_kv$client$reify__20973
         "0x45dc4d1a"
         "maelstrom.workload.lin_kv$client$reify__20973@45dc4d1a"]
 :barrier
 #object[java.util.concurrent.CyclicBarrier
         "0x4dbcc8ce"
         "java.util.concurrent.CyclicBarrier@4dbcc8ce"]
 :log-stderr false
 :pure-generators true
 :ssh {:dummy? true}
 :rate 10.0
 :checker
 #object[jepsen.checker$compose$reify__11089
         "0x60a98fa6"
         "jepsen.checker$compose$reify__11089@60a98fa6"]
 :argv
 ("test"
  "-w"
  "lin-kv"
  "--bin"
  "D:\\java tool\\IDEA project\\omnipaxos-app\\target\\debug\\maelstrom-kv.exe"
  "--node-count"
  "3"
  "--concurrency"
  "6"
  "--time-limit"
  "30"
  "--rate"
  "10"
  "--nemesis"
  "partition")
 :nemesis
 (jepsen.nemesis.ReflCompose
  {:fm {:start-partition 0,
        :stop-partition 0,
        :kill 1,
        :start 1,
        :pause 1,
        :resume 1},
   :nemeses [#unprintable "jepsen.nemesis.combined$partition_nemesis$reify__16905@3af4b14e"
             #unprintable "jepsen.nemesis.combined$db_nemesis$reify__16886@1de78f97"]})
 :nodes ["n0" "n1" "n2"]
 :test-count 1
 :latency {:mean 0, :dist :constant}
 :bin
 "D:\\java tool\\IDEA project\\omnipaxos-app\\target\\debug\\maelstrom-kv.exe"
 :generator
 #object[jepsen.util.Forgettable
         "0x3fc261b7"
         (jepsen.generator.TimeLimit
          {:limit 30000000000,
           :cutoff nil,
           :gen (jepsen.generator.Any
                 {:gens [(jepsen.generator.OnThreads
                          {:f #{:nemesis},
                           :context-filter #object[jepsen.generator.context$make_thread_filter$lazy_filter__12077
                                                   "0x633e4742"
                                                   "jepsen.generator.context$make_thread_filter$lazy_filter__12077@633e4742"],
                           :gen (jepsen.generator.Stagger
                                 {:dt 20000000000,
                                  :next-time nil,
                                  :gen (jepsen.generator.FlipFlop
                                        {:gens [#object[jepsen.nemesis.combined$partition_package$start__16909
                                                        "0x2bf83b29"
                                                        "jepsen.nemesis.combined$partition_package$start__16909@2bf83b29"]
                                                (jepsen.generator.Repeat
                                                 {:remaining -1,
                                                  :gen {:type :info,
                                                        :f :stop-partition,
                                                        :value nil}})],
                                         :i 0})})})
                         (jepsen.generator.OnThreads
                          {:f #jepsen.generator.context.AllBut{:element :nemesis},
                           :context-filter #object[jepsen.generator.context$make_thread_filter$lazy_filter__12077
                                                   "0x25a2702c"
                                                   "jepsen.generator.context$make_thread_filter$lazy_filter__12077@25a2702c"],
                           :gen (jepsen.generator.Stagger
                                 {:dt 200000000,
                                  :next-time nil,
                                  :gen (jepsen.generator.OnThreads
                                        {:f #jepsen.generator.context.AllBut{:element :nemesis},
                                         :context-filter #object[jepsen.generator.context$make_thread_filter$lazy_filter__12077
                                                                 "0x23110196"
                                                                 "jepsen.generator.context$make_thread_filter$lazy_filter__12077@23110196"],
                                         :gen (jepsen.independent.ConcurrentGenerator
                                               {:n 6,
                                                :fgen #object[jepsen.tests.linearizable_register$test$fn__17385
                                                              "0x328446e1"
                                                              "jepsen.tests.linearizable_register$test$fn__17385@328446e1"],
                                                :group->threads nil,
                                                :thread->group nil,
                                                :group->context-filter nil,
                                                :keys (0 1 2 3 4 5 6 7 ...),
                                                :gens nil})})})})]})})]
 :log-net-recv false
 :os
 #object[maelstrom.net$jepsen_os$reify__15724
         "0x6eda3ade"
         "maelstrom.net$jepsen_os$reify__15724@6eda3ade"]
 :time-limit 30
 :workload :lin-kv
 :consistency-models [:strict-serializable]
 :topology :grid}

2026-03-14 16:34:19,214{GMT}	INFO	[jepsen node n0] maelstrom.net: Starting Maelstrom network
2026-03-14 16:34:19,214{GMT}	INFO	[jepsen test runner] jepsen.db: Tearing down DB
2026-03-14 16:34:19,214{GMT}	INFO	[jepsen test runner] jepsen.db: Setting up DB
2026-03-14 16:34:19,214{GMT}	INFO	[jepsen node n1] maelstrom.db: Setting up n1
2026-03-14 16:34:19,214{GMT}	INFO	[jepsen node n2] maelstrom.db: Setting up n2
2026-03-14 16:34:19,220{GMT}	INFO	[jepsen node n2] maelstrom.process: launching D:\java tool\IDEA project\omnipaxos-app\target\debug\maelstrom-kv.exe []
2026-03-14 16:34:19,214{GMT}	INFO	[jepsen node n1] maelstrom.process: launching D:\java tool\IDEA project\omnipaxos-app\target\debug\maelstrom-kv.exe []
2026-03-14 16:34:19,220{GMT}	INFO	[jepsen node n0] maelstrom.service: Starting services: (lin-kv lin-tso lww-kv seq-kv)
2026-03-14 16:34:19,222{GMT}	INFO	[jepsen node n0] maelstrom.db: Setting up n0
2026-03-14 16:34:19,223{GMT}	INFO	[jepsen node n0] maelstrom.process: launching D:\java tool\IDEA project\omnipaxos-app\target\debug\maelstrom-kv.exe []
2026-03-14 16:34:19,253{GMT}	INFO	[jepsen test runner] jepsen.core: Relative time begins now
2026-03-14 16:34:19,268{GMT}	INFO	[jepsen worker nemesis] jepsen.util: :nemesis	:info	:start-partition	:majority
2026-03-14 16:34:19,268{GMT}	INFO	[jepsen worker 1] jepsen.util: 1	:invoke	:read	[0 nil]
2026-03-14 16:34:19,268{GMT}	INFO	[jepsen worker nemesis] jepsen.util: :nemesis	:info	:start-partition	[:isolated {"n2" #{"n1" "n0"}, "n1" #{"n2"}, "n0" #{"n2"}}]
2026-03-14 16:34:19,324{GMT}	INFO	[jepsen worker 3] jepsen.util: 3	:invoke	:cas	[0 [3 2]]
2026-03-14 16:34:19,514{GMT}	INFO	[jepsen worker 4] jepsen.util: 4	:invoke	:write	[0 0]
2026-03-14 16:34:19,719{GMT}	INFO	[jepsen worker 0] jepsen.util: 0	:invoke	:read	[0 nil]
2026-03-14 16:34:19,798{GMT}	INFO	[jepsen worker 5] jepsen.util: 5	:invoke	:write	[0 1]
2026-03-14 16:34:19,830{GMT}	INFO	[jepsen worker 2] jepsen.util: 2	:invoke	:read	[0 nil]
2026-03-14 16:34:20,289{GMT}	INFO	[jepsen worker 1] jepsen.util: 1	:fail	:read	[0 nil]	:net-timeout
2026-03-14 16:34:20,289{GMT}	INFO	[jepsen worker 1] jepsen.util: 1	:invoke	:read	[0 nil]
2026-03-14 16:34:20,337{GMT}	INFO	[jepsen worker 3] jepsen.util: 3	:info	:cas	[0 [3 2]]	:net-timeout
2026-03-14 16:34:20,338{GMT}	INFO	[jepsen worker 3] jepsen.util: 9	:invoke	:cas	[0 [1 3]]
2026-03-14 16:34:20,526{GMT}	INFO	[jepsen worker 4] jepsen.util: 4	:info	:write	[0 0]	:net-timeout
2026-03-14 16:34:20,526{GMT}	INFO	[jepsen worker 4] jepsen.util: 10	:invoke	:cas	[0 [1 1]]
2026-03-14 16:34:20,734{GMT}	INFO	[jepsen worker 0] jepsen.util: 0	:fail	:read	[0 nil]	:net-timeout
2026-03-14 16:34:20,734{GMT}	INFO	[jepsen worker 0] jepsen.util: 0	:invoke	:read	[0 nil]
2026-03-14 16:34:20,813{GMT}	INFO	[jepsen worker 5] jepsen.util: 5	:info	:write	[0 1]	:net-timeout
2026-03-14 16:34:20,845{GMT}	INFO	[jepsen worker 2] jepsen.util: 2	:fail	:read	[0 nil]	:net-timeout
2026-03-14 16:34:20,876{GMT}	INFO	[jepsen worker 5] jepsen.util: 11	:invoke	:write	[0 3]
2026-03-14 16:34:20,908{GMT}	INFO	[jepsen worker 2] jepsen.util: 2	:invoke	:read	[0 nil]
2026-03-14 16:34:21,311{GMT}	INFO	[jepsen worker 1] jepsen.util: 1	:fail	:read	[0 nil]	:net-timeout
2026-03-14 16:34:21,313{GMT}	INFO	[jepsen worker 1] jepsen.util: 1	:invoke	:read	[0 nil]
2026-03-14 16:34:21,355{GMT}	INFO	[jepsen worker 3] jepsen.util: 9	:info	:cas	[0 [1 3]]	:net-timeout
2026-03-14 16:34:21,403{GMT}	INFO	[jepsen worker 3] jepsen.util: 15	:invoke	:cas	[0 [2 4]]
2026-03-14 16:34:21,547{GMT}	INFO	[jepsen worker 4] jepsen.util: 10	:info	:cas	[0 [1 1]]	:net-timeout
2026-03-14 16:34:21,594{GMT}	INFO	[jepsen worker 4] jepsen.util: 16	:invoke	:cas	[0 [4 3]]
2026-03-14 16:34:21,755{GMT}	INFO	[jepsen worker 0] jepsen.util: 0	:fail	:read	[0 nil]	:net-timeout
2026-03-14 16:34:21,802{GMT}	INFO	[jepsen worker 0] jepsen.util: 0	:invoke	:read	[0 nil]
2026-03-14 16:34:21,882{GMT}	INFO	[jepsen worker 5] jepsen.util: 11	:info	:write	[0 3]	:net-timeout
2026-03-14 16:34:21,882{GMT}	INFO	[jepsen worker 5] jepsen.util: 17	:invoke	:write	[0 2]
2026-03-14 16:34:21,914{GMT}	INFO	[jepsen worker 2] jepsen.util: 2	:fail	:read	[0 nil]	:net-timeout
2026-03-14 16:34:22,027{GMT}	INFO	[jepsen worker 2] jepsen.util: 2	:invoke	:read	[0 nil]
2026-03-14 16:34:22,321{GMT}	INFO	[jepsen worker 1] jepsen.util: 1	:fail	:read	[0 nil]	:net-timeout
2026-03-14 16:34:22,323{GMT}	INFO	[jepsen worker 1] jepsen.util: 1	:invoke	:read	[0 nil]
2026-03-14 16:34:22,411{GMT}	INFO	[jepsen worker 3] jepsen.util: 15	:info	:cas	[0 [2 4]]	:net-timeout
2026-03-14 16:34:22,417{GMT}	INFO	[jepsen worker 3] jepsen.util: 21	:invoke	:cas	[0 [0 4]]
2026-03-14 16:34:22,618{GMT}	INFO	[jepsen worker 4] jepsen.util: 16	:info	:cas	[0 [4 3]]	:net-timeout
2026-03-14 16:34:22,624{GMT}	INFO	[jepsen worker 4] jepsen.util: 22	:invoke	:cas	[0 [3 0]]
2026-03-14 16:34:22,825{GMT}	INFO	[jepsen worker 0] jepsen.util: 0	:fail	:read	[0 nil]	:net-timeout
2026-03-14 16:34:22,825{GMT}	INFO	[jepsen worker 0] jepsen.util: 0	:invoke	:read	[0 nil]
2026-03-14 16:34:22,904{GMT}	INFO	[jepsen worker 5] jepsen.util: 17	:info	:write	[0 2]	:net-timeout
2026-03-14 16:34:23,016{GMT}	INFO	[jepsen worker 5] jepsen.util: 23	:invoke	:write	[0 3]
2026-03-14 16:34:23,047{GMT}	INFO	[jepsen worker 2] jepsen.util: 2	:fail	:read	[0 nil]	:net-timeout
2026-03-14 16:34:23,056{GMT}	INFO	[jepsen worker 2] jepsen.util: 2	:invoke	:read	[0 nil]
2026-03-14 16:34:23,335{GMT}	INFO	[jepsen worker 1] jepsen.util: 1	:fail	:read	[0 nil]	:net-timeout
2026-03-14 16:34:23,340{GMT}	INFO	[jepsen worker 1] jepsen.util: 1	:invoke	:read	[0 nil]
2026-03-14 16:34:23,430{GMT}	INFO	[jepsen worker 3] jepsen.util: 21	:info	:cas	[0 [0 4]]	:net-timeout
2026-03-14 16:34:23,478{GMT}	INFO	[jepsen worker 3] jepsen.util: 27	:invoke	:write	[0 4]
2026-03-14 16:34:23,639{GMT}	INFO	[jepsen worker 4] jepsen.util: 22	:info	:cas	[0 [3 0]]	:net-timeout
2026-03-14 16:34:23,645{GMT}	INFO	[jepsen worker 4] jepsen.util: 28	:invoke	:cas	[0 [2 1]]
2026-03-14 16:34:23,847{GMT}	INFO	[jepsen worker 0] jepsen.util: 0	:fail	:read	[0 nil]	:net-timeout
2026-03-14 16:34:23,851{GMT}	INFO	[jepsen worker 0] jepsen.util: 0	:invoke	:read	[0 nil]
2026-03-14 16:34:23,976{GMT}	INFO	[jepsen worker nemesis] jepsen.util: :nemesis	:info	:stop-partition	nil
2026-03-14 16:34:23,982{GMT}	INFO	[jepsen worker nemesis] jepsen.util: :nemesis	:info	:stop-partition	:network-healed
2026-03-14 16:34:24,036{GMT}	INFO	[jepsen worker 5] jepsen.util: 23	:info	:write	[0 3]	:net-timeout
2026-03-14 16:34:24,036{GMT}	INFO	[jepsen worker 5] jepsen.util: 29	:invoke	:write	[0 2]
2026-03-14 16:34:24,068{GMT}	INFO	[jepsen worker 2] jepsen.util: 2	:fail	:read	[0 nil]	:net-timeout
2026-03-14 16:34:24,147{GMT}	INFO	[jepsen worker 2] jepsen.util: 2	:invoke	:read	[0 nil]
2026-03-14 16:34:24,354{GMT}	INFO	[jepsen worker 1] jepsen.util: 1	:fail	:read	[0 nil]	:net-timeout
2026-03-14 16:34:24,354{GMT}	INFO	[jepsen worker 1] jepsen.util: 1	:invoke	:read	[0 nil]
2026-03-14 16:34:24,499{GMT}	INFO	[jepsen worker 3] jepsen.util: 27	:info	:write	[0 4]	:net-timeout
2026-03-14 16:34:24,502{GMT}	INFO	[jepsen worker 3] jepsen.util: 33	:invoke	:cas	[0 [1 3]]
2026-03-14 16:34:24,657{GMT}	INFO	[jepsen worker 4] jepsen.util: 28	:info	:cas	[0 [2 1]]	:net-timeout
2026-03-14 16:34:24,662{GMT}	INFO	[jepsen worker 4] jepsen.util: 34	:invoke	:write	[0 1]
2026-03-14 16:34:24,866{GMT}	INFO	[jepsen worker 0] jepsen.util: 0	:fail	:read	[0 nil]	:net-timeout
2026-03-14 16:34:24,866{GMT}	INFO	[jepsen worker 0] jepsen.util: 0	:invoke	:read	[0 nil]
2026-03-14 16:34:25,058{GMT}	INFO	[jepsen worker 5] jepsen.util: 29	:info	:write	[0 2]	:net-timeout
2026-03-14 16:34:25,064{GMT}	INFO	[jepsen worker 5] jepsen.util: 35	:invoke	:cas	[1 [0 1]]
2026-03-14 16:34:25,167{GMT}	INFO	[jepsen worker 2] jepsen.util: 2	:fail	:read	[0 nil]	:net-timeout
2026-03-14 16:34:25,265{GMT}	INFO	[jepsen worker 2] jepsen.util: 2	:invoke	:read	[1 nil]
2026-03-14 16:34:25,374{GMT}	INFO	[jepsen worker 1] jepsen.util: 1	:fail	:read	[0 nil]	:net-timeout
2026-03-14 16:34:25,374{GMT}	INFO	[jepsen worker 1] jepsen.util: 1	:invoke	:read	[1 nil]
2026-03-14 16:34:25,518{GMT}	INFO	[jepsen worker 3] jepsen.util: 33	:info	:cas	[0 [1 3]]	:net-timeout
2026-03-14 16:34:25,520{GMT}	INFO	[jepsen worker 3] jepsen.util: 39	:invoke	:write	[1 4]
2026-03-14 16:34:25,678{GMT}	INFO	[jepsen worker 4] jepsen.util: 34	:info	:write	[0 1]	:net-timeout
2026-03-14 16:34:25,682{GMT}	INFO	[jepsen worker 4] jepsen.util: 40	:invoke	:cas	[1 [0 3]]
2026-03-14 16:34:25,888{GMT}	INFO	[jepsen worker 0] jepsen.util: 0	:fail	:read	[0 nil]	:net-timeout
2026-03-14 16:34:25,891{GMT}	INFO	[jepsen worker 0] jepsen.util: 0	:invoke	:read	[1 nil]
2026-03-14 16:34:26,077{GMT}	INFO	[jepsen worker 5] jepsen.util: 35	:info	:cas	[1 [0 1]]	:net-timeout
2026-03-14 16:34:26,081{GMT}	INFO	[jepsen worker 5] jepsen.util: 41	:invoke	:write	[1 1]
2026-03-14 16:34:26,287{GMT}	INFO	[jepsen worker 2] jepsen.util: 2	:fail	:read	[1 nil]	:net-timeout
2026-03-14 16:34:26,291{GMT}	INFO	[jepsen worker 2] jepsen.util: 2	:invoke	:read	[1 nil]
2026-03-14 16:34:26,382{GMT}	INFO	[jepsen worker 1] jepsen.util: 1	:fail	:read	[1 nil]	:net-timeout
2026-03-14 16:34:26,382{GMT}	INFO	[jepsen worker 1] jepsen.util: 1	:invoke	:read	[1 nil]
2026-03-14 16:34:26,540{GMT}	INFO	[jepsen worker 3] jepsen.util: 39	:info	:write	[1 4]	:net-timeout
2026-03-14 16:34:26,556{GMT}	INFO	[jepsen worker 3] jepsen.util: 45	:invoke	:write	[1 0]
2026-03-14 16:34:26,699{GMT}	INFO	[jepsen worker 4] jepsen.util: 40	:info	:cas	[1 [0 3]]	:net-timeout
2026-03-14 16:34:26,699{GMT}	INFO	[jepsen worker 4] jepsen.util: 46	:invoke	:cas	[1 [2 4]]
2026-03-14 16:34:26,905{GMT}	INFO	[jepsen worker 0] jepsen.util: 0	:fail	:read	[1 nil]	:net-timeout
2026-03-14 16:34:26,905{GMT}	INFO	[jepsen worker 0] jepsen.util: 0	:invoke	:read	[1 nil]
2026-03-14 16:34:27,095{GMT}	INFO	[jepsen worker 5] jepsen.util: 41	:info	:write	[1 1]	:net-timeout
2026-03-14 16:34:27,095{GMT}	INFO	[jepsen worker 5] jepsen.util: 47	:invoke	:cas	[1 [1 3]]
2026-03-14 16:34:27,302{GMT}	INFO	[jepsen worker 2] jepsen.util: 2	:fail	:read	[1 nil]	:net-timeout
2026-03-14 16:34:27,304{GMT}	INFO	[jepsen worker 2] jepsen.util: 2	:invoke	:read	[1 nil]
2026-03-14 16:34:27,399{GMT}	INFO	[jepsen worker 1] jepsen.util: 1	:fail	:read	[1 nil]	:net-timeout
2026-03-14 16:34:27,445{GMT}	INFO	[jepsen worker 1] jepsen.util: 1	:invoke	:read	[1 nil]
2026-03-14 16:34:27,573{GMT}	INFO	[jepsen worker 3] jepsen.util: 45	:info	:write	[1 0]	:net-timeout
2026-03-14 16:34:27,578{GMT}	INFO	[jepsen worker 3] jepsen.util: 51	:invoke	:cas	[1 [1 1]]
2026-03-14 16:34:27,716{GMT}	INFO	[jepsen worker 4] jepsen.util: 46	:info	:cas	[1 [2 4]]	:net-timeout
2026-03-14 16:34:27,716{GMT}	INFO	[jepsen worker 4] jepsen.util: 52	:invoke	:cas	[1 [0 3]]
2026-03-14 16:34:27,922{GMT}	INFO	[jepsen worker 0] jepsen.util: 0	:fail	:read	[1 nil]	:net-timeout
2026-03-14 16:34:27,925{GMT}	INFO	[jepsen worker 0] jepsen.util: 0	:invoke	:read	[1 nil]
2026-03-14 16:34:28,114{GMT}	INFO	[jepsen worker nemesis] jepsen.util: :nemesis	:info	:start-partition	:minority-third
2026-03-14 16:34:28,116{GMT}	INFO	[jepsen worker 5] jepsen.util: 47	:info	:cas	[1 [1 3]]	:net-timeout
2026-03-14 16:34:28,119{GMT}	INFO	[jepsen worker nemesis] jepsen.util: :nemesis	:info	:start-partition	[:isolated {"n2" #{}, "n1" #{}, "n0" #{}}]
2026-03-14 16:34:28,121{GMT}	INFO	[jepsen worker 5] jepsen.util: 53	:invoke	:write	[1 4]
2026-03-14 16:34:28,322{GMT}	INFO	[jepsen worker 2] jepsen.util: 2	:fail	:read	[1 nil]	:net-timeout
2026-03-14 16:34:28,326{GMT}	INFO	[jepsen worker 2] jepsen.util: 2	:invoke	:read	[1 nil]
2026-03-14 16:34:28,466{GMT}	INFO	[jepsen worker 1] jepsen.util: 1	:fail	:read	[1 nil]	:net-timeout
2026-03-14 16:34:28,470{GMT}	INFO	[jepsen worker 1] jepsen.util: 1	:invoke	:read	[1 nil]
2026-03-14 16:34:28,593{GMT}	INFO	[jepsen worker 3] jepsen.util: 51	:info	:cas	[1 [1 1]]	:net-timeout
2026-03-14 16:34:28,593{GMT}	INFO	[jepsen worker 3] jepsen.util: 57	:invoke	:cas	[1 [3 0]]
2026-03-14 16:34:28,738{GMT}	INFO	[jepsen worker 4] jepsen.util: 52	:info	:cas	[1 [0 3]]	:net-timeout
2026-03-14 16:34:28,801{GMT}	INFO	[jepsen worker 4] jepsen.util: 58	:invoke	:cas	[1 [2 2]]
2026-03-14 16:34:28,944{GMT}	INFO	[jepsen worker 0] jepsen.util: 0	:fail	:read	[1 nil]	:net-timeout
2026-03-14 16:34:28,946{GMT}	INFO	[jepsen worker 0] jepsen.util: 0	:invoke	:read	[1 nil]
2026-03-14 16:34:29,136{GMT}	INFO	[jepsen worker 5] jepsen.util: 53	:info	:write	[1 4]	:net-timeout
2026-03-14 16:34:29,138{GMT}	INFO	[jepsen worker 5] jepsen.util: 59	:invoke	:cas	[1 [1 3]]
2026-03-14 16:34:29,343{GMT}	INFO	[jepsen worker 2] jepsen.util: 2	:fail	:read	[1 nil]	:net-timeout
2026-03-14 16:34:29,343{GMT}	INFO	[jepsen worker 2] jepsen.util: 2	:invoke	:read	[1 nil]
2026-03-14 16:34:29,488{GMT}	INFO	[jepsen worker 1] jepsen.util: 1	:fail	:read	[1 nil]	:net-timeout
2026-03-14 16:34:29,493{GMT}	INFO	[jepsen worker 1] jepsen.util: 1	:invoke	:read	[1 nil]
2026-03-14 16:34:29,614{GMT}	INFO	[jepsen worker 3] jepsen.util: 57	:info	:cas	[1 [3 0]]	:net-timeout
2026-03-14 16:34:29,646{GMT}	INFO	[jepsen worker 3] jepsen.util: 63	:invoke	:cas	[1 [0 3]]
2026-03-14 16:34:29,805{GMT}	INFO	[jepsen worker 4] jepsen.util: 58	:info	:cas	[1 [2 2]]	:net-timeout
2026-03-14 16:34:29,805{GMT}	INFO	[jepsen worker 4] jepsen.util: 64	:invoke	:cas	[1 [0 2]]
2026-03-14 16:34:29,964{GMT}	INFO	[jepsen worker 0] jepsen.util: 0	:fail	:read	[1 nil]	:net-timeout
2026-03-14 16:34:29,980{GMT}	INFO	[jepsen worker 0] jepsen.util: 0	:invoke	:read	[1 nil]
2026-03-14 16:34:30,156{GMT}	INFO	[jepsen worker 5] jepsen.util: 59	:info	:cas	[1 [1 3]]	:net-timeout
2026-03-14 16:34:30,156{GMT}	INFO	[jepsen worker 5] jepsen.util: 65	:invoke	:write	[2 3]
2026-03-14 16:34:30,363{GMT}	INFO	[jepsen worker 2] jepsen.util: 2	:fail	:read	[1 nil]	:net-timeout
2026-03-14 16:34:30,363{GMT}	INFO	[jepsen worker 2] jepsen.util: 2	:invoke	:read	[2 nil]
2026-03-14 16:34:30,506{GMT}	INFO	[jepsen worker 1] jepsen.util: 1	:fail	:read	[1 nil]	:net-timeout
2026-03-14 16:34:30,522{GMT}	INFO	[jepsen worker 1] jepsen.util: 1	:invoke	:read	[2 nil]
2026-03-14 16:34:30,664{GMT}	INFO	[jepsen worker 3] jepsen.util: 63	:info	:cas	[1 [0 3]]	:net-timeout
2026-03-14 16:34:30,666{GMT}	INFO	[jepsen worker 3] jepsen.util: 69	:invoke	:cas	[2 [0 2]]
2026-03-14 16:34:30,824{GMT}	INFO	[jepsen worker 4] jepsen.util: 64	:info	:cas	[1 [0 2]]	:net-timeout
2026-03-14 16:34:30,828{GMT}	INFO	[jepsen worker 4] jepsen.util: 70	:invoke	:cas	[2 [1 3]]
2026-03-14 16:34:30,999{GMT}	INFO	[jepsen worker 0] jepsen.util: 0	:fail	:read	[1 nil]	:net-timeout
2026-03-14 16:34:31,005{GMT}	INFO	[jepsen worker 0] jepsen.util: 0	:invoke	:read	[2 nil]
2026-03-14 16:34:31,174{GMT}	INFO	[jepsen worker 5] jepsen.util: 65	:info	:write	[2 3]	:net-timeout
2026-03-14 16:34:31,180{GMT}	INFO	[jepsen worker 5] jepsen.util: 71	:invoke	:cas	[2 [4 1]]
2026-03-14 16:34:31,383{GMT}	INFO	[jepsen worker 2] jepsen.util: 2	:fail	:read	[2 nil]	:net-timeout
2026-03-14 16:34:31,388{GMT}	INFO	[jepsen worker 2] jepsen.util: 2	:invoke	:read	[2 nil]
2026-03-14 16:34:31,528{GMT}	INFO	[jepsen worker 1] jepsen.util: 1	:fail	:read	[2 nil]	:net-timeout
2026-03-14 16:34:31,532{GMT}	INFO	[jepsen worker 1] jepsen.util: 1	:invoke	:read	[2 nil]
2026-03-14 16:34:31,690{GMT}	INFO	[jepsen worker 3] jepsen.util: 69	:info	:cas	[2 [0 2]]	:net-timeout
2026-03-14 16:34:31,692{GMT}	INFO	[jepsen worker 3] jepsen.util: 75	:invoke	:write	[2 2]
2026-03-14 16:34:31,831{GMT}	INFO	[jepsen worker 4] jepsen.util: 70	:info	:cas	[2 [1 3]]	:net-timeout
2026-03-14 16:34:31,878{GMT}	INFO	[jepsen worker 4] jepsen.util: 76	:invoke	:cas	[2 [2 4]]
2026-03-14 16:34:32,024{GMT}	INFO	[jepsen worker 0] jepsen.util: 0	:fail	:read	[2 nil]	:net-timeout
2026-03-14 16:34:32,030{GMT}	INFO	[jepsen worker 0] jepsen.util: 0	:invoke	:read	[2 nil]
2026-03-14 16:34:32,184{GMT}	INFO	[jepsen worker 5] jepsen.util: 71	:info	:cas	[2 [4 1]]	:net-timeout
2026-03-14 16:34:32,188{GMT}	INFO	[jepsen worker 5] jepsen.util: 77	:invoke	:cas	[2 [0 2]]
2026-03-14 16:34:32,407{GMT}	INFO	[jepsen worker 2] jepsen.util: 2	:fail	:read	[2 nil]	:net-timeout
2026-03-14 16:34:32,409{GMT}	INFO	[jepsen worker 2] jepsen.util: 2	:invoke	:read	[2 nil]
2026-03-14 16:34:32,552{GMT}	INFO	[jepsen worker 1] jepsen.util: 1	:fail	:read	[2 nil]	:net-timeout
2026-03-14 16:34:32,556{GMT}	INFO	[jepsen worker 1] jepsen.util: 1	:invoke	:read	[2 nil]
2026-03-14 16:34:32,709{GMT}	INFO	[jepsen worker 3] jepsen.util: 75	:info	:write	[2 2]	:net-timeout
2026-03-14 16:34:32,709{GMT}	INFO	[jepsen worker 3] jepsen.util: 81	:invoke	:cas	[2 [1 3]]
2026-03-14 16:34:32,902{GMT}	INFO	[jepsen worker 4] jepsen.util: 76	:info	:cas	[2 [2 4]]	:net-timeout
2026-03-14 16:34:32,905{GMT}	INFO	[jepsen worker 4] jepsen.util: 82	:invoke	:write	[2 2]
2026-03-14 16:34:33,046{GMT}	INFO	[jepsen worker 0] jepsen.util: 0	:fail	:read	[2 nil]	:net-timeout
2026-03-14 16:34:33,077{GMT}	INFO	[jepsen worker 0] jepsen.util: 0	:invoke	:read	[2 nil]
2026-03-14 16:34:33,205{GMT}	INFO	[jepsen worker 5] jepsen.util: 77	:info	:cas	[2 [0 2]]	:net-timeout
2026-03-14 16:34:33,205{GMT}	INFO	[jepsen worker 5] jepsen.util: 83	:invoke	:cas	[2 [0 3]]
2026-03-14 16:34:33,428{GMT}	INFO	[jepsen worker 2] jepsen.util: 2	:fail	:read	[2 nil]	:net-timeout
2026-03-14 16:34:33,430{GMT}	INFO	[jepsen worker 2] jepsen.util: 2	:invoke	:read	[2 nil]
2026-03-14 16:34:33,572{GMT}	INFO	[jepsen worker 1] jepsen.util: 1	:fail	:read	[2 nil]	:net-timeout
2026-03-14 16:34:33,572{GMT}	INFO	[jepsen worker 1] jepsen.util: 1	:invoke	:read	[2 nil]
2026-03-14 16:34:33,731{GMT}	INFO	[jepsen worker 3] jepsen.util: 81	:info	:cas	[2 [1 3]]	:net-timeout
2026-03-14 16:34:33,731{GMT}	INFO	[jepsen worker 3] jepsen.util: 87	:invoke	:write	[2 4]
2026-03-14 16:34:33,922{GMT}	INFO	[jepsen worker 4] jepsen.util: 82	:info	:write	[2 2]	:net-timeout
2026-03-14 16:34:33,922{GMT}	INFO	[jepsen worker 4] jepsen.util: 88	:invoke	:cas	[2 [2 3]]
2026-03-14 16:34:34,100{GMT}	INFO	[jepsen worker 0] jepsen.util: 0	:fail	:read	[2 nil]	:net-timeout
2026-03-14 16:34:34,102{GMT}	INFO	[jepsen worker 0] jepsen.util: 0	:invoke	:read	[2 nil]
2026-03-14 16:34:34,226{GMT}	INFO	[jepsen worker 5] jepsen.util: 83	:info	:cas	[2 [0 3]]	:net-timeout
2026-03-14 16:34:34,231{GMT}	INFO	[jepsen worker 5] jepsen.util: 89	:invoke	:write	[2 3]
2026-03-14 16:34:34,450{GMT}	INFO	[jepsen worker 2] jepsen.util: 2	:fail	:read	[2 nil]	:net-timeout
2026-03-14 16:34:34,454{GMT}	INFO	[jepsen worker 2] jepsen.util: 2	:invoke	:read	[2 nil]
2026-03-14 16:34:34,592{GMT}	INFO	[jepsen worker 1] jepsen.util: 1	:fail	:read	[2 nil]	:net-timeout
2026-03-14 16:34:34,596{GMT}	INFO	[jepsen worker 1] jepsen.util: 1	:invoke	:read	[2 nil]
2026-03-14 16:34:34,754{GMT}	INFO	[jepsen worker 3] jepsen.util: 87	:info	:write	[2 4]	:net-timeout
2026-03-14 16:34:34,757{GMT}	INFO	[jepsen worker 3] jepsen.util: 93	:invoke	:write	[2 4]
2026-03-14 16:34:34,946{GMT}	INFO	[jepsen worker 4] jepsen.util: 88	:info	:cas	[2 [2 3]]	:net-timeout
2026-03-14 16:34:34,948{GMT}	INFO	[jepsen worker 4] jepsen.util: 94	:invoke	:cas	[2 [4 4]]
2026-03-14 16:34:35,122{GMT}	INFO	[jepsen worker 0] jepsen.util: 0	:fail	:read	[2 nil]	:net-timeout
2026-03-14 16:34:35,126{GMT}	INFO	[jepsen worker 0] jepsen.util: 0	:invoke	:read	[2 nil]
2026-03-14 16:34:35,247{GMT}	INFO	[jepsen worker 5] jepsen.util: 89	:info	:write	[2 3]	:net-timeout
2026-03-14 16:34:35,312{GMT}	INFO	[jepsen worker 5] jepsen.util: 95	:invoke	:cas	[3 [1 3]]
2026-03-14 16:34:35,473{GMT}	INFO	[jepsen worker 2] jepsen.util: 2	:fail	:read	[2 nil]	:net-timeout
2026-03-14 16:34:35,475{GMT}	INFO	[jepsen worker 2] jepsen.util: 2	:invoke	:read	[3 nil]
2026-03-14 16:34:35,615{GMT}	INFO	[jepsen worker 1] jepsen.util: 1	:fail	:read	[2 nil]	:net-timeout
2026-03-14 16:34:35,617{GMT}	INFO	[jepsen worker 1] jepsen.util: 1	:invoke	:read	[3 nil]
2026-03-14 16:34:35,774{GMT}	INFO	[jepsen worker 3] jepsen.util: 93	:info	:write	[2 4]	:net-timeout
2026-03-14 16:34:35,782{GMT}	INFO	[jepsen worker 3] jepsen.util: 99	:invoke	:cas	[3 [3 1]]
2026-03-14 16:34:35,967{GMT}	INFO	[jepsen worker 4] jepsen.util: 94	:info	:cas	[2 [4 4]]	:net-timeout
2026-03-14 16:34:35,970{GMT}	INFO	[jepsen worker 4] jepsen.util: 100	:invoke	:write	[3 4]
2026-03-14 16:34:36,140{GMT}	INFO	[jepsen worker 0] jepsen.util: 0	:fail	:read	[2 nil]	:net-timeout
2026-03-14 16:34:36,156{GMT}	INFO	[jepsen worker 0] jepsen.util: 0	:invoke	:read	[3 nil]
2026-03-14 16:34:36,315{GMT}	INFO	[jepsen worker 5] jepsen.util: 95	:info	:cas	[3 [1 3]]	:net-timeout
2026-03-14 16:34:36,315{GMT}	INFO	[jepsen worker 5] jepsen.util: 101	:invoke	:write	[3 2]
2026-03-14 16:34:36,492{GMT}	INFO	[jepsen worker 2] jepsen.util: 2	:fail	:read	[3 nil]	:net-timeout
2026-03-14 16:34:36,494{GMT}	INFO	[jepsen worker 2] jepsen.util: 2	:invoke	:read	[3 nil]
2026-03-14 16:34:36,622{GMT}	INFO	[jepsen worker 1] jepsen.util: 1	:fail	:read	[3 nil]	:net-timeout
2026-03-14 16:34:36,625{GMT}	INFO	[jepsen worker 1] jepsen.util: 1	:invoke	:read	[3 nil]
2026-03-14 16:34:36,798{GMT}	INFO	[jepsen worker 3] jepsen.util: 99	:info	:cas	[3 [3 1]]	:net-timeout
2026-03-14 16:34:36,813{GMT}	INFO	[jepsen worker 3] jepsen.util: 105	:invoke	:write	[3 2]
2026-03-14 16:34:36,987{GMT}	INFO	[jepsen worker 4] jepsen.util: 100	:info	:write	[3 4]	:net-timeout
2026-03-14 16:34:36,992{GMT}	INFO	[jepsen worker 4] jepsen.util: 106	:invoke	:cas	[3 [3 4]]
2026-03-14 16:34:37,164{GMT}	INFO	[jepsen worker 0] jepsen.util: 0	:fail	:read	[3 nil]	:net-timeout
2026-03-14 16:34:37,173{GMT}	INFO	[jepsen worker 0] jepsen.util: 0	:invoke	:read	[3 nil]
2026-03-14 16:34:37,339{GMT}	INFO	[jepsen worker 5] jepsen.util: 101	:info	:write	[3 2]	:net-timeout
2026-03-14 16:34:37,339{GMT}	INFO	[jepsen worker 5] jepsen.util: 107	:invoke	:write	[3 3]
2026-03-14 16:34:37,516{GMT}	INFO	[jepsen worker 2] jepsen.util: 2	:fail	:read	[3 nil]	:net-timeout
2026-03-14 16:34:37,520{GMT}	INFO	[jepsen worker 2] jepsen.util: 2	:invoke	:read	[3 nil]
2026-03-14 16:34:37,643{GMT}	INFO	[jepsen worker 1] jepsen.util: 1	:fail	:read	[3 nil]	:net-timeout
2026-03-14 16:34:37,649{GMT}	INFO	[jepsen worker 1] jepsen.util: 1	:invoke	:read	[3 nil]
2026-03-14 16:34:37,835{GMT}	INFO	[jepsen worker 3] jepsen.util: 105	:info	:write	[3 2]	:net-timeout
2026-03-14 16:34:37,841{GMT}	INFO	[jepsen worker 3] jepsen.util: 111	:invoke	:cas	[3 [3 0]]
2026-03-14 16:34:38,010{GMT}	INFO	[jepsen worker 4] jepsen.util: 106	:info	:cas	[3 [3 4]]	:net-timeout
2026-03-14 16:34:38,014{GMT}	INFO	[jepsen worker 4] jepsen.util: 112	:invoke	:write	[3 3]
2026-03-14 16:34:38,186{GMT}	INFO	[jepsen worker 0] jepsen.util: 0	:fail	:read	[3 nil]	:net-timeout
2026-03-14 16:34:38,186{GMT}	INFO	[jepsen worker 0] jepsen.util: 0	:invoke	:read	[3 nil]
2026-03-14 16:34:38,359{GMT}	INFO	[jepsen worker 5] jepsen.util: 107	:info	:write	[3 3]	:net-timeout
2026-03-14 16:34:38,365{GMT}	INFO	[jepsen worker 5] jepsen.util: 113	:invoke	:write	[3 2]
2026-03-14 16:34:38,537{GMT}	INFO	[jepsen worker 2] jepsen.util: 2	:fail	:read	[3 nil]	:net-timeout
2026-03-14 16:34:38,543{GMT}	INFO	[jepsen worker 2] jepsen.util: 2	:invoke	:read	[3 nil]
2026-03-14 16:34:38,665{GMT}	INFO	[jepsen worker 1] jepsen.util: 1	:fail	:read	[3 nil]	:net-timeout
2026-03-14 16:34:38,672{GMT}	INFO	[jepsen worker 1] jepsen.util: 1	:invoke	:read	[3 nil]
2026-03-14 16:34:38,855{GMT}	INFO	[jepsen worker 3] jepsen.util: 111	:info	:cas	[3 [3 0]]	:net-timeout
2026-03-14 16:34:38,859{GMT}	INFO	[jepsen worker 3] jepsen.util: 117	:invoke	:write	[3 0]
2026-03-14 16:34:39,030{GMT}	INFO	[jepsen worker 4] jepsen.util: 112	:info	:write	[3 3]	:net-timeout
2026-03-14 16:34:39,034{GMT}	INFO	[jepsen worker 4] jepsen.util: 118	:invoke	:cas	[3 [2 0]]
2026-03-14 16:34:39,204{GMT}	INFO	[jepsen worker 0] jepsen.util: 0	:fail	:read	[3 nil]	:net-timeout
2026-03-14 16:34:39,210{GMT}	INFO	[jepsen worker 0] jepsen.util: 0	:invoke	:read	[3 nil]
2026-03-14 16:34:39,383{GMT}	INFO	[jepsen worker 5] jepsen.util: 113	:info	:write	[3 2]	:net-timeout
2026-03-14 16:34:39,385{GMT}	INFO	[jepsen worker 5] jepsen.util: 119	:invoke	:write	[3 4]
2026-03-14 16:34:39,557{GMT}	INFO	[jepsen worker 2] jepsen.util: 2	:fail	:read	[3 nil]	:net-timeout
2026-03-14 16:34:39,559{GMT}	INFO	[jepsen worker 2] jepsen.util: 2	:invoke	:read	[3 nil]
2026-03-14 16:34:39,688{GMT}	INFO	[jepsen worker 1] jepsen.util: 1	:fail	:read	[3 nil]	:net-timeout
2026-03-14 16:34:39,688{GMT}	INFO	[jepsen worker 1] jepsen.util: 1	:invoke	:read	[3 nil]
2026-03-14 16:34:39,876{GMT}	INFO	[jepsen worker 3] jepsen.util: 117	:info	:write	[3 0]	:net-timeout
2026-03-14 16:34:39,892{GMT}	INFO	[jepsen worker 3] jepsen.util: 123	:invoke	:cas	[3 [1 2]]
2026-03-14 16:34:40,052{GMT}	INFO	[jepsen worker 4] jepsen.util: 118	:info	:cas	[3 [2 0]]	:net-timeout
2026-03-14 16:34:40,054{GMT}	INFO	[jepsen worker 4] jepsen.util: 124	:invoke	:write	[3 1]
2026-03-14 16:34:40,227{GMT}	INFO	[jepsen worker 0] jepsen.util: 0	:fail	:read	[3 nil]	:net-timeout
2026-03-14 16:34:40,231{GMT}	INFO	[jepsen worker 0] jepsen.util: 0	:invoke	:read	[3 nil]
2026-03-14 16:34:40,403{GMT}	INFO	[jepsen worker 5] jepsen.util: 119	:info	:write	[3 4]	:net-timeout
2026-03-14 16:34:40,407{GMT}	INFO	[jepsen worker 5] jepsen.util: 125	:invoke	:cas	[4 [4 4]]
2026-03-14 16:34:40,577{GMT}	INFO	[jepsen worker 2] jepsen.util: 2	:fail	:read	[3 nil]	:net-timeout
2026-03-14 16:34:40,577{GMT}	INFO	[jepsen worker 2] jepsen.util: 2	:invoke	:read	[4 nil]
2026-03-14 16:34:40,706{GMT}	INFO	[jepsen worker 1] jepsen.util: 1	:fail	:read	[3 nil]	:net-timeout
2026-03-14 16:34:40,712{GMT}	INFO	[jepsen worker 1] jepsen.util: 1	:invoke	:read	[4 nil]
2026-03-14 16:34:40,833{GMT}	INFO	[jepsen worker nemesis] jepsen.util: :nemesis	:info	:stop-partition	nil
2026-03-14 16:34:40,843{GMT}	INFO	[jepsen worker nemesis] jepsen.util: :nemesis	:info	:stop-partition	:network-healed
2026-03-14 16:34:40,897{GMT}	INFO	[jepsen worker 3] jepsen.util: 123	:info	:cas	[3 [1 2]]	:net-timeout
2026-03-14 16:34:40,897{GMT}	INFO	[jepsen worker 3] jepsen.util: 129	:invoke	:cas	[4 [0 0]]
2026-03-14 16:34:41,071{GMT}	INFO	[jepsen worker 4] jepsen.util: 124	:info	:write	[3 1]	:net-timeout
2026-03-14 16:34:41,075{GMT}	INFO	[jepsen worker 4] jepsen.util: 130	:invoke	:write	[4 2]
2026-03-14 16:34:41,249{GMT}	INFO	[jepsen worker 0] jepsen.util: 0	:fail	:read	[3 nil]	:net-timeout
2026-03-14 16:34:41,251{GMT}	INFO	[jepsen worker 0] jepsen.util: 0	:invoke	:read	[4 nil]
2026-03-14 16:34:41,424{GMT}	INFO	[jepsen worker 5] jepsen.util: 125	:info	:cas	[4 [4 4]]	:net-timeout
2026-03-14 16:34:41,426{GMT}	INFO	[jepsen worker 5] jepsen.util: 131	:invoke	:write	[4 3]
2026-03-14 16:34:41,598{GMT}	INFO	[jepsen worker 2] jepsen.util: 2	:fail	:read	[4 nil]	:net-timeout
2026-03-14 16:34:41,598{GMT}	INFO	[jepsen worker 2] jepsen.util: 2	:invoke	:read	[4 nil]
2026-03-14 16:34:41,725{GMT}	INFO	[jepsen worker 1] jepsen.util: 1	:fail	:read	[4 nil]	:net-timeout
2026-03-14 16:34:41,725{GMT}	INFO	[jepsen worker 1] jepsen.util: 1	:invoke	:read	[4 nil]
2026-03-14 16:34:41,917{GMT}	INFO	[jepsen worker 3] jepsen.util: 129	:info	:cas	[4 [0 0]]	:net-timeout
2026-03-14 16:34:41,917{GMT}	INFO	[jepsen worker 3] jepsen.util: 135	:invoke	:cas	[4 [1 0]]
2026-03-14 16:34:42,091{GMT}	INFO	[jepsen worker 4] jepsen.util: 130	:info	:write	[4 2]	:net-timeout
2026-03-14 16:34:42,091{GMT}	INFO	[jepsen worker 4] jepsen.util: 136	:invoke	:write	[4 3]
2026-03-14 16:34:42,266{GMT}	INFO	[jepsen worker 0] jepsen.util: 0	:fail	:read	[4 nil]	:net-timeout
2026-03-14 16:34:42,266{GMT}	INFO	[jepsen worker 0] jepsen.util: 0	:invoke	:read	[4 nil]
2026-03-14 16:34:42,442{GMT}	INFO	[jepsen worker 5] jepsen.util: 131	:info	:write	[4 3]	:net-timeout
2026-03-14 16:34:42,442{GMT}	INFO	[jepsen worker 5] jepsen.util: 137	:invoke	:cas	[4 [4 2]]
2026-03-14 16:34:42,617{GMT}	INFO	[jepsen worker 2] jepsen.util: 2	:fail	:read	[4 nil]	:net-timeout
2026-03-14 16:34:42,617{GMT}	INFO	[jepsen worker 2] jepsen.util: 2	:invoke	:read	[4 nil]
2026-03-14 16:34:42,744{GMT}	INFO	[jepsen worker 1] jepsen.util: 1	:fail	:read	[4 nil]	:net-timeout
2026-03-14 16:34:42,750{GMT}	INFO	[jepsen worker 1] jepsen.util: 1	:invoke	:read	[4 nil]
2026-03-14 16:34:42,935{GMT}	INFO	[jepsen worker 3] jepsen.util: 135	:info	:cas	[4 [1 0]]	:net-timeout
2026-03-14 16:34:42,937{GMT}	INFO	[jepsen worker 3] jepsen.util: 141	:invoke	:write	[4 0]
2026-03-14 16:34:43,110{GMT}	INFO	[jepsen worker 4] jepsen.util: 136	:info	:write	[4 3]	:net-timeout
2026-03-14 16:34:43,110{GMT}	INFO	[jepsen worker 4] jepsen.util: 142	:invoke	:cas	[4 [0 0]]
2026-03-14 16:34:43,286{GMT}	INFO	[jepsen worker 0] jepsen.util: 0	:fail	:read	[4 nil]	:net-timeout
2026-03-14 16:34:43,290{GMT}	INFO	[jepsen worker 0] jepsen.util: 0	:invoke	:read	[4 nil]
2026-03-14 16:34:43,461{GMT}	INFO	[jepsen worker 5] jepsen.util: 137	:info	:cas	[4 [4 2]]	:net-timeout
2026-03-14 16:34:43,463{GMT}	INFO	[jepsen worker 5] jepsen.util: 143	:invoke	:cas	[4 [1 2]]
2026-03-14 16:34:43,637{GMT}	INFO	[jepsen worker 2] jepsen.util: 2	:fail	:read	[4 nil]	:net-timeout
2026-03-14 16:34:43,641{GMT}	INFO	[jepsen worker 2] jepsen.util: 2	:invoke	:read	[4 nil]
2026-03-14 16:34:43,764{GMT}	INFO	[jepsen worker 1] jepsen.util: 1	:fail	:read	[4 nil]	:net-timeout
2026-03-14 16:34:43,764{GMT}	INFO	[jepsen worker 1] jepsen.util: 1	:invoke	:read	[4 nil]
2026-03-14 16:34:43,954{GMT}	INFO	[jepsen worker 3] jepsen.util: 141	:info	:write	[4 0]	:net-timeout
2026-03-14 16:34:43,958{GMT}	INFO	[jepsen worker 3] jepsen.util: 147	:invoke	:cas	[4 [1 4]]
2026-03-14 16:34:44,130{GMT}	INFO	[jepsen worker 4] jepsen.util: 142	:info	:cas	[4 [0 0]]	:net-timeout
2026-03-14 16:34:44,145{GMT}	INFO	[jepsen worker 4] jepsen.util: 148	:invoke	:cas	[4 [0 4]]
2026-03-14 16:34:44,306{GMT}	INFO	[jepsen worker 0] jepsen.util: 0	:fail	:read	[4 nil]	:net-timeout
2026-03-14 16:34:44,321{GMT}	INFO	[jepsen worker 0] jepsen.util: 0	:invoke	:read	[4 nil]
2026-03-14 16:34:44,481{GMT}	INFO	[jepsen worker 5] jepsen.util: 143	:info	:cas	[4 [1 2]]	:net-timeout
2026-03-14 16:34:44,483{GMT}	INFO	[jepsen worker 5] jepsen.util: 149	:invoke	:write	[4 2]
2026-03-14 16:34:44,657{GMT}	INFO	[jepsen worker 2] jepsen.util: 2	:fail	:read	[4 nil]	:net-timeout
2026-03-14 16:34:44,657{GMT}	INFO	[jepsen worker 2] jepsen.util: 2	:invoke	:read	[4 nil]
2026-03-14 16:34:44,787{GMT}	INFO	[jepsen worker 1] jepsen.util: 1	:fail	:read	[4 nil]	:net-timeout
2026-03-14 16:34:44,789{GMT}	INFO	[jepsen worker 1] jepsen.util: 1	:invoke	:read	[4 nil]
2026-03-14 16:34:44,974{GMT}	INFO	[jepsen worker 3] jepsen.util: 147	:info	:cas	[4 [1 4]]	:net-timeout
2026-03-14 16:34:44,976{GMT}	INFO	[jepsen worker 3] jepsen.util: 153	:invoke	:cas	[4 [1 1]]
2026-03-14 16:34:45,150{GMT}	INFO	[jepsen worker 4] jepsen.util: 148	:info	:cas	[4 [0 4]]	:net-timeout
2026-03-14 16:34:45,154{GMT}	INFO	[jepsen worker 4] jepsen.util: 154	:invoke	:cas	[4 [3 4]]
2026-03-14 16:34:45,327{GMT}	INFO	[jepsen worker 0] jepsen.util: 0	:fail	:read	[4 nil]	:net-timeout
2026-03-14 16:34:45,331{GMT}	INFO	[jepsen worker 0] jepsen.util: 0	:invoke	:read	[4 nil]
2026-03-14 16:34:45,504{GMT}	INFO	[jepsen worker 5] jepsen.util: 149	:info	:write	[4 2]	:net-timeout
2026-03-14 16:34:45,507{GMT}	INFO	[jepsen worker 5] jepsen.util: 155	:invoke	:cas	[5 [2 2]]
2026-03-14 16:34:45,679{GMT}	INFO	[jepsen worker 2] jepsen.util: 2	:fail	:read	[4 nil]	:net-timeout
2026-03-14 16:34:45,687{GMT}	INFO	[jepsen worker 2] jepsen.util: 2	:invoke	:read	[5 nil]
2026-03-14 16:34:45,805{GMT}	INFO	[jepsen worker 1] jepsen.util: 1	:fail	:read	[4 nil]	:net-timeout
2026-03-14 16:34:45,805{GMT}	INFO	[jepsen worker 1] jepsen.util: 1	:invoke	:read	[5 nil]
2026-03-14 16:34:45,997{GMT}	INFO	[jepsen worker 3] jepsen.util: 153	:info	:cas	[4 [1 1]]	:net-timeout
2026-03-14 16:34:45,999{GMT}	INFO	[jepsen worker 3] jepsen.util: 159	:invoke	:cas	[5 [2 2]]
2026-03-14 16:34:46,172{GMT}	INFO	[jepsen worker 4] jepsen.util: 154	:info	:cas	[4 [3 4]]	:net-timeout
2026-03-14 16:34:46,187{GMT}	INFO	[jepsen worker 4] jepsen.util: 160	:invoke	:write	[5 4]
2026-03-14 16:34:46,346{GMT}	INFO	[jepsen worker 0] jepsen.util: 0	:fail	:read	[4 nil]	:net-timeout
2026-03-14 16:34:46,350{GMT}	INFO	[jepsen worker 0] jepsen.util: 0	:invoke	:read	[5 nil]
2026-03-14 16:34:46,523{GMT}	INFO	[jepsen worker nemesis] jepsen.util: :nemesis	:info	:start-partition	:one
2026-03-14 16:34:46,523{GMT}	INFO	[jepsen worker 5] jepsen.util: 155	:info	:cas	[5 [2 2]]	:net-timeout
2026-03-14 16:34:46,527{GMT}	INFO	[jepsen worker 5] jepsen.util: 161	:invoke	:cas	[5 [3 0]]
2026-03-14 16:34:46,531{GMT}	INFO	[jepsen worker nemesis] jepsen.util: :nemesis	:info	:start-partition	[:isolated {"n1" #{"n2" "n0"}, "n2" #{"n1"}, "n0" #{"n1"}}]
2026-03-14 16:34:46,697{GMT}	INFO	[jepsen worker 2] jepsen.util: 2	:fail	:read	[5 nil]	:net-timeout
2026-03-14 16:34:46,713{GMT}	INFO	[jepsen worker 2] jepsen.util: 2	:invoke	:read	[5 nil]
2026-03-14 16:34:46,825{GMT}	INFO	[jepsen worker 1] jepsen.util: 1	:fail	:read	[5 nil]	:net-timeout
2026-03-14 16:34:46,873{GMT}	INFO	[jepsen worker 1] jepsen.util: 1	:invoke	:read	[5 nil]
2026-03-14 16:34:47,017{GMT}	INFO	[jepsen worker 3] jepsen.util: 159	:info	:cas	[5 [2 2]]	:net-timeout
2026-03-14 16:34:47,019{GMT}	INFO	[jepsen worker 3] jepsen.util: 165	:invoke	:cas	[5 [0 1]]
2026-03-14 16:34:47,193{GMT}	INFO	[jepsen worker 4] jepsen.util: 160	:info	:write	[5 4]	:net-timeout
2026-03-14 16:34:47,225{GMT}	INFO	[jepsen worker 4] jepsen.util: 166	:invoke	:write	[5 0]
2026-03-14 16:34:47,368{GMT}	INFO	[jepsen worker 0] jepsen.util: 0	:fail	:read	[5 nil]	:net-timeout
2026-03-14 16:34:47,433{GMT}	INFO	[jepsen worker 0] jepsen.util: 0	:invoke	:read	[5 nil]
2026-03-14 16:34:47,542{GMT}	INFO	[jepsen worker 5] jepsen.util: 161	:info	:cas	[5 [3 0]]	:net-timeout
2026-03-14 16:34:47,621{GMT}	INFO	[jepsen worker 5] jepsen.util: 167	:invoke	:cas	[5 [1 1]]
2026-03-14 16:34:47,717{GMT}	INFO	[jepsen worker 2] jepsen.util: 2	:fail	:read	[5 nil]	:net-timeout
2026-03-14 16:34:47,796{GMT}	INFO	[jepsen worker 2] jepsen.util: 2	:invoke	:read	[5 nil]
2026-03-14 16:34:47,892{GMT}	INFO	[jepsen worker 1] jepsen.util: 1	:fail	:read	[5 nil]	:net-timeout
2026-03-14 16:34:47,895{GMT}	INFO	[jepsen worker 1] jepsen.util: 1	:invoke	:read	[5 nil]
2026-03-14 16:34:48,036{GMT}	INFO	[jepsen worker 3] jepsen.util: 165	:info	:cas	[5 [0 1]]	:net-timeout
2026-03-14 16:34:48,100{GMT}	INFO	[jepsen worker 3] jepsen.util: 171	:invoke	:cas	[5 [0 1]]
2026-03-14 16:34:48,244{GMT}	INFO	[jepsen worker 4] jepsen.util: 166	:info	:write	[5 0]	:net-timeout
2026-03-14 16:34:48,244{GMT}	INFO	[jepsen worker 4] jepsen.util: 172	:invoke	:write	[5 2]
2026-03-14 16:34:48,452{GMT}	INFO	[jepsen worker 0] jepsen.util: 0	:fail	:read	[5 nil]	:net-timeout
2026-03-14 16:34:48,454{GMT}	INFO	[jepsen worker 0] jepsen.util: 0	:invoke	:read	[5 nil]
2026-03-14 16:34:48,627{GMT}	INFO	[jepsen worker 5] jepsen.util: 167	:info	:cas	[5 [1 1]]	:net-timeout
2026-03-14 16:34:48,633{GMT}	INFO	[jepsen worker 5] jepsen.util: 173	:invoke	:write	[5 1]
2026-03-14 16:34:48,818{GMT}	INFO	[jepsen worker 2] jepsen.util: 2	:fail	:read	[5 nil]	:net-timeout
2026-03-14 16:34:48,824{GMT}	INFO	[jepsen worker 2] jepsen.util: 2	:invoke	:read	[5 nil]
2026-03-14 16:34:48,914{GMT}	INFO	[jepsen worker 1] jepsen.util: 1	:fail	:read	[5 nil]	:net-timeout
2026-03-14 16:34:49,009{GMT}	INFO	[jepsen worker 1] jepsen.util: 1	:invoke	:read	[5 nil]
2026-03-14 16:34:49,122{GMT}	INFO	[jepsen worker 3] jepsen.util: 171	:info	:cas	[5 [0 1]]	:net-timeout
2026-03-14 16:34:49,124{GMT}	INFO	[jepsen worker 3] jepsen.util: 177	:invoke	:cas	[5 [1 4]]
2026-03-14 16:34:49,264{GMT}	INFO	[jepsen worker 4] jepsen.util: 172	:info	:write	[5 2]	:net-timeout
2026-03-14 16:34:49,470{GMT}	INFO	[jepsen worker 0] jepsen.util: 0	:fail	:read	[5 nil]	:net-timeout
2026-03-14 16:34:49,644{GMT}	INFO	[jepsen worker 5] jepsen.util: 173	:info	:write	[5 1]	:net-timeout
2026-03-14 16:34:49,835{GMT}	INFO	[jepsen worker 2] jepsen.util: 2	:fail	:read	[5 nil]	:net-timeout
2026-03-14 16:34:50,026{GMT}	INFO	[jepsen worker 1] jepsen.util: 1	:fail	:read	[5 nil]	:net-timeout
2026-03-14 16:34:50,139{GMT}	INFO	[jepsen worker 3] jepsen.util: 177	:info	:cas	[5 [1 4]]	:net-timeout
2026-03-14 16:34:50,161{GMT}	INFO	[jepsen test runner] jepsen.core: Run complete, writing
2026-03-14 16:34:50,213{GMT}	INFO	[jepsen node n1] maelstrom.db: Tearing down n1
2026-03-14 16:34:50,213{GMT}	INFO	[jepsen node n0] maelstrom.db: Tearing down n0
2026-03-14 16:34:50,213{GMT}	INFO	[jepsen node n2] maelstrom.db: Tearing down n2
2026-03-14 16:34:51,376{GMT}	INFO	[jepsen node n0] maelstrom.net: Shutting down Maelstrom network
2026-03-14 16:34:51,393{GMT}	INFO	[jepsen test runner] jepsen.core: Analyzing...
2026-03-14 16:34:51,640{GMT}	INFO	[clojure-agent-send-pool-5] jepsen.independent: Wrote D:\java tool\IDEA project\omnipaxos-app\store\lin-kv\20260314T163417.952+0100\independent\5\results.edn
2026-03-14 16:34:51,646{GMT}	INFO	[clojure-agent-send-pool-5] jepsen.independent: Wrote D:\java tool\IDEA project\omnipaxos-app\store\lin-kv\20260314T163417.952+0100\independent\5\history.edn
2026-03-14 16:34:51,646{GMT}	INFO	[clojure-agent-send-pool-4] jepsen.independent: Wrote D:\java tool\IDEA project\omnipaxos-app\store\lin-kv\20260314T163417.952+0100\independent\4\results.edn
2026-03-14 16:34:51,656{GMT}	INFO	[clojure-agent-send-pool-3] jepsen.independent: Wrote D:\java tool\IDEA project\omnipaxos-app\store\lin-kv\20260314T163417.952+0100\independent\3\results.edn
2026-03-14 16:34:51,656{GMT}	INFO	[clojure-agent-send-pool-2] jepsen.independent: Wrote D:\java tool\IDEA project\omnipaxos-app\store\lin-kv\20260314T163417.952+0100\independent\2\results.edn
2026-03-14 16:34:51,656{GMT}	INFO	[clojure-agent-send-pool-4] jepsen.independent: Wrote D:\java tool\IDEA project\omnipaxos-app\store\lin-kv\20260314T163417.952+0100\independent\4\history.edn
2026-03-14 16:34:51,659{GMT}	INFO	[clojure-agent-send-pool-1] jepsen.independent: Wrote D:\java tool\IDEA project\omnipaxos-app\store\lin-kv\20260314T163417.952+0100\independent\1\results.edn
2026-03-14 16:34:51,659{GMT}	INFO	[clojure-agent-send-pool-0] jepsen.independent: Wrote D:\java tool\IDEA project\omnipaxos-app\store\lin-kv\20260314T163417.952+0100\independent\0\results.edn
2026-03-14 16:34:51,661{GMT}	INFO	[clojure-agent-send-pool-3] jepsen.independent: Wrote D:\java tool\IDEA project\omnipaxos-app\store\lin-kv\20260314T163417.952+0100\independent\3\history.edn
2026-03-14 16:34:51,661{GMT}	INFO	[clojure-agent-send-pool-2] jepsen.independent: Wrote D:\java tool\IDEA project\omnipaxos-app\store\lin-kv\20260314T163417.952+0100\independent\2\history.edn
2026-03-14 16:34:51,663{GMT}	INFO	[clojure-agent-send-pool-1] jepsen.independent: Wrote D:\java tool\IDEA project\omnipaxos-app\store\lin-kv\20260314T163417.952+0100\independent\1\history.edn
2026-03-14 16:34:51,663{GMT}	INFO	[clojure-agent-send-pool-0] jepsen.independent: Wrote D:\java tool\IDEA project\omnipaxos-app\store\lin-kv\20260314T163417.952+0100\independent\0\history.edn
2026-03-14 16:34:51,825{GMT}	INFO	[jepsen test runner] jepsen.core: Analysis complete
2026-03-14 16:34:51,888{GMT}	INFO	[jepsen results] jepsen.store: Wrote D:\java tool\IDEA project\omnipaxos-app\store\lin-kv\20260314T163417.952+0100\results.edn
2026-03-14 16:34:51,941{GMT}	INFO	[jepsen test runner] jepsen.core: {:perf {:latency-graph {:valid? true},
        :rate-graph {:valid? true},
        :valid? true},
 :timeline {:valid? true},
 :exceptions {:valid? true},
 :stats {:valid? false,
         :count 176,
         :ok-count 0,
         :fail-count 88,
         :info-count 88,
         :by-f {:cas {:valid? false,
                      :count 52,
                      :ok-count 0,
                      :fail-count 0,
                      :info-count 52},
                :read {:valid? false,
                       :count 88,
                       :ok-count 0,
                       :fail-count 88,
                       :info-count 0},
                :write {:valid? false,
                        :count 36,
                        :ok-count 0,
                        :fail-count 0,
                        :info-count 36}}},
 :availability {:valid? true, :ok-fraction 0.0},
 :net {:all {:send-count 1966,
             :recv-count 1820,
             :msg-count 1966,
             :msgs-per-op 11.170455},
       :clients {:send-count 182, :recv-count 182, :msg-count 182},
       :servers {:send-count 1784,
                 :recv-count 1638,
                 :msg-count 1784,
                 :msgs-per-op 10.136364},
       :valid? true},
 :workload {:valid? true,
            :results {0 {:linearizable {:valid? true,
                                        :configs ({:model #knossos.model.CASRegister{:value nil},
                                                   :last-op nil,
                                                   :pending [{:process 3,
                                                              :type :invoke,
                                                              :f :cas,
                                                              :value [3
                                                                      2],
                                                              :index 3,
                                                              :time 65822200}
                                                             {:process 4,
                                                              :type :invoke,
                                                              :f :write,
                                                              :value 0,
                                                              :index 4,
                                                              :time 255386100}
                                                             {:process 5,
                                                              :type :invoke,
                                                              :f :write,
                                                              :value 1,
                                                              :index 6,
                                                              :time 540273200}
                                                             {:process 9,
                                                              :type :invoke,
                                                              :f :cas,
                                                              :value [1
                                                                      3],
                                                              :index 11,
                                                              :time 1079011700}
                                                             {:process 10,
                                                              :type :invoke,
                                                              :f :cas,
                                                              :value [1
                                                                      1],
                                                              :index 13,
                                                              :time 1269256900}
                                                             {:process 11,
                                                              :type :invoke,
                                                              :f :write,
                                                              :value 3,
                                                              :index 18,
                                                              :time 1618371100}
                                                             {:process 15,
                                                              :type :invoke,
                                                              :f :cas,
                                                              :value [2
                                                                      4],
                                                              :index 23,
                                                              :time 2144959300}
                                                             {:process 16,
                                                              :type :invoke,
                                                              :f :cas,
                                                              :value [4
                                                                      3],
                                                              :index 25,
                                                              :time 2336586300}
                                                             {:process 17,
                                                              :type :invoke,
                                                              :f :write,
                                                              :value 2,
                                                              :index 29,
                                                              :time 2625535200}
                                                             {:process 21,
                                                              :type :invoke,
                                                              :f :cas,
                                                              :value [0
                                                                      4],
                                                              :index 35,
                                                              :time 3153897100}
                                                             {:process 22,
                                                              :type :invoke,
                                                              :f :cas,
                                                              :value [3
                                                                      0],
                                                              :index 37,
                                                              :time 3361594800}
                                                             {:process 23,
                                                              :type :invoke,
                                                              :f :write,
                                                              :value 3,
                                                              :index 41,
                                                              :time 3757344900}
                                                             {:process 27,
                                                              :type :invoke,
                                                              :f :write,
                                                              :value 4,
                                                              :index 47,
                                                              :time 4219923800}
                                                             {:process 28,
                                                              :type :invoke,
                                                              :f :cas,
                                                              :value [2
                                                                      1],
                                                              :index 49,
                                                              :time 4382360700}
                                                             {:process 29,
                                                              :type :invoke,
                                                              :f :write,
                                                              :value 2,
                                                              :index 55,
                                                              :time 4779273600}
                                                             {:process 33,
                                                              :type :invoke,
                                                              :f :cas,
                                                              :value [1
                                                                      3],
                                                              :index 61,
                                                              :time 5240703000}
                                                             {:process 34,
                                                              :type :invoke,
                                                              :f :write,
                                                              :value 1,
                                                              :index 63,
                                                              :time 5400123700}]}),
                                        :final-paths ()},
                         :timeline {:valid? true},
                         :valid? true},
                      1 {:linearizable {:valid? true,
                                        :configs ({:model #knossos.model.CASRegister{:value nil},
                                                   :last-op nil,
                                                   :pending [{:process 35,
                                                              :type :invoke,
                                                              :f :cas,
                                                              :value [0
                                                                      1],
                                                              :index 67,
                                                              :time 5798659100}
                                                             {:process 39,
                                                              :type :invoke,
                                                              :f :write,
                                                              :value 4,
                                                              :index 73,
                                                              :time 6260604300}
                                                             {:process 40,
                                                              :type :invoke,
                                                              :f :cas,
                                                              :value [0
                                                                      3],
                                                              :index 75,
                                                              :time 6420651900}
                                                             {:process 41,
                                                              :type :invoke,
                                                              :f :write,
                                                              :value 1,
                                                              :index 79,
                                                              :time 6820059600}
                                                             {:process 45,
                                                              :type :invoke,
                                                              :f :write,
                                                              :value 0,
                                                              :index 85,
                                                              :time 7297600200}
                                                             {:process 46,
                                                              :type :invoke,
                                                              :f :cas,
                                                              :value [2
                                                                      4],
                                                              :index 87,
                                                              :time 7441978000}
                                                             {:process 47,
                                                              :type :invoke,
                                                              :f :cas,
                                                              :value [1
                                                                      3],
                                                              :index 91,
                                                              :time 7836953000}
                                                             {:process 51,
                                                              :type :invoke,
                                                              :f :cas,
                                                              :value [1
                                                                      1],
                                                              :index 97,
                                                              :time 8315739600}
                                                             {:process 52,
                                                              :type :invoke,
                                                              :f :cas,
                                                              :value [0
                                                                      3],
                                                              :index 99,
                                                              :time 8459393300}
                                                             {:process 53,
                                                              :type :invoke,
                                                              :f :write,
                                                              :value 4,
                                                              :index 104,
                                                              :time 8856893000}
                                                             {:process 57,
                                                              :type :invoke,
                                                              :f :cas,
                                                              :value [3
                                                                      0],
                                                              :index 111,
                                                              :time 9335562400}
                                                             {:process 58,
                                                              :type :invoke,
                                                              :f :cas,
                                                              :value [2
                                                                      2],
                                                              :index 113,
                                                              :time 9542506200}
                                                             {:process 59,
                                                              :type :invoke,
                                                              :f :cas,
                                                              :value [1
                                                                      3],
                                                              :index 117,
                                                              :time 9878652000}
                                                             {:process 63,
                                                              :type :invoke,
                                                              :f :cas,
                                                              :value [0
                                                                      3],
                                                              :index 123,
                                                              :time 10387475800}
                                                             {:process 64,
                                                              :type :invoke,
                                                              :f :cas,
                                                              :value [0
                                                                      2],
                                                              :index 125,
                                                              :time 10548243100}]}),
                                        :final-paths ()},
                         :timeline {:valid? true},
                         :valid? true},
                      2 {:linearizable {:valid? true,
                                        :configs ({:model #knossos.model.CASRegister{:value nil},
                                                   :last-op nil,
                                                   :pending [{:process 65,
                                                              :type :invoke,
                                                              :f :write,
                                                              :value 3,
                                                              :index 129,
                                                              :time 10898189500}
                                                             {:process 69,
                                                              :type :invoke,
                                                              :f :cas,
                                                              :value [0
                                                                      2],
                                                              :index 135,
                                                              :time 11407422000}
                                                             {:process 70,
                                                              :type :invoke,
                                                              :f :cas,
                                                              :value [1
                                                                      3],
                                                              :index 137,
                                                              :time 11564960000}
                                                             {:process 71,
                                                              :type :invoke,
                                                              :f :cas,
                                                              :value [4
                                                                      1],
                                                              :index 141,
                                                              :time 11916908200}
                                                             {:process 75,
                                                              :type :invoke,
                                                              :f :write,
                                                              :value 2,
                                                              :index 147,
                                                              :time 12432616200}
                                                             {:process 76,
                                                              :type :invoke,
                                                              :f :cas,
                                                              :value [2
                                                                      4],
                                                              :index 149,
                                                              :time 12620488700}
                                                             {:process 77,
                                                              :type :invoke,
                                                              :f :cas,
                                                              :value [0
                                                                      2],
                                                              :index 153,
                                                              :time 12925922300}
                                                             {:process 81,
                                                              :type :invoke,
                                                              :f :cas,
                                                              :value [1
                                                                      3],
                                                              :index 159,
                                                              :time 13452084500}
                                                             {:process 82,
                                                              :type :invoke,
                                                              :f :write,
                                                              :value 2,
                                                              :index 161,
                                                              :time 13643829800}
                                                             {:process 83,
                                                              :type :invoke,
                                                              :f :cas,
                                                              :value [0
                                                                      3],
                                                              :index 165,
                                                              :time 13947743400}
                                                             {:process 87,
                                                              :type :invoke,
                                                              :f :write,
                                                              :value 4,
                                                              :index 171,
                                                              :time 14473039300}
                                                             {:process 88,
                                                              :type :invoke,
                                                              :f :cas,
                                                              :value [2
                                                                      3],
                                                              :index 173,
                                                              :time 14665268800}
                                                             {:process 89,
                                                              :type :invoke,
                                                              :f :write,
                                                              :value 3,
                                                              :index 177,
                                                              :time 14968900800}
                                                             {:process 93,
                                                              :type :invoke,
                                                              :f :write,
                                                              :value 4,
                                                              :index 183,
                                                              :time 15496054800}
                                                             {:process 94,
                                                              :type :invoke,
                                                              :f :cas,
                                                              :value [4
                                                                      4],
                                                              :index 185,
                                                              :time 15686615300}]}),
                                        :final-paths ()},
                         :timeline {:valid? true},
                         :valid? true},
                      3 {:linearizable {:valid? true,
                                        :configs ({:model #knossos.model.CASRegister{:value nil},
                                                   :last-op nil,
                                                   :pending [{:process 95,
                                                              :type :invoke,
                                                              :f :cas,
                                                              :value [1
                                                                      3],
                                                              :index 189,
                                                              :time 16052804700}
                                                             {:process 99,
                                                              :type :invoke,
                                                              :f :cas,
                                                              :value [3
                                                                      1],
                                                              :index 195,
                                                              :time 16516705700}
                                                             {:process 100,
                                                              :type :invoke,
                                                              :f :write,
                                                              :value 4,
                                                              :index 197,
                                                              :time 16707605800}
                                                             {:process 101,
                                                              :type :invoke,
                                                              :f :write,
                                                              :value 2,
                                                              :index 201,
                                                              :time 17058481300}
                                                             {:process 105,
                                                              :type :invoke,
                                                              :f :write,
                                                              :value 2,
                                                              :index 207,
                                                              :time 17554555300}
                                                             {:process 106,
                                                              :type :invoke,
                                                              :f :cas,
                                                              :value [3
                                                                      4],
                                                              :index 209,
                                                              :time 17730300800}
                                                             {:process 107,
                                                              :type :invoke,
                                                              :f :write,
                                                              :value 3,
                                                              :index 213,
                                                              :time 18081119100}
                                                             {:process 111,
                                                              :type :invoke,
                                                              :f :cas,
                                                              :value [3
                                                                      0],
                                                              :index 219,
                                                              :time 18577088100}
                                                             {:process 112,
                                                              :type :invoke,
                                                              :f :write,
                                                              :value 3,
                                                              :index 221,
                                                              :time 18752752000}
                                                             {:process 113,
                                                              :type :invoke,
                                                              :f :write,
                                                              :value 2,
                                                              :index 225,
                                                              :time 19101488500}
                                                             {:process 117,
                                                              :type :invoke,
                                                              :f :write,
                                                              :value 0,
                                                              :index 231,
                                                              :time 19597634700}
                                                             {:process 118,
                                                              :type :invoke,
                                                              :f :cas,
                                                              :value [2
                                                                      0],
                                                              :index 233,
                                                              :time 19772089300}
                                                             {:process 119,
                                                              :type :invoke,
                                                              :f :write,
                                                              :value 4,
                                                              :index 237,
                                                              :time 20123760800}
                                                             {:process 123,
                                                              :type :invoke,
                                                              :f :cas,
                                                              :value [1
                                                                      2],
                                                              :index 243,
                                                              :time 20633715900}
                                                             {:process 124,
                                                              :type :invoke,
                                                              :f :write,
                                                              :value 1,
                                                              :index 245,
                                                              :time 20794344800}]}),
                                        :final-paths ()},
                         :timeline {:valid? true},
                         :valid? true},
                      4 {:linearizable {:valid? true,
                                        :configs ({:model #knossos.model.CASRegister{:value nil},
                                                   :last-op nil,
                                                   :pending [{:process 125,
                                                              :type :invoke,
                                                              :f :cas,
                                                              :value [4
                                                                      4],
                                                              :index 249,
                                                              :time 21145621500}
                                                             {:process 129,
                                                              :type :invoke,
                                                              :f :cas,
                                                              :value [0
                                                                      0],
                                                              :index 257,
                                                              :time 21639690200}
                                                             {:process 130,
                                                              :type :invoke,
                                                              :f :write,
                                                              :value 2,
                                                              :index 259,
                                                              :time 21813538900}
                                                             {:process 131,
                                                              :type :invoke,
                                                              :f :write,
                                                              :value 3,
                                                              :index 263,
                                                              :time 22165877500}
                                                             {:process 135,
                                                              :type :invoke,
                                                              :f :cas,
                                                              :value [1
                                                                      0],
                                                              :index 269,
                                                              :time 22659299400}
                                                             {:process 136,
                                                              :type :invoke,
                                                              :f :write,
                                                              :value 3,
                                                              :index 271,
                                                              :time 22833977600}
                                                             {:process 137,
                                                              :type :invoke,
                                                              :f :cas,
                                                              :value [4
                                                                      2],
                                                              :index 275,
                                                              :time 23184085100}
                                                             {:process 141,
                                                              :type :invoke,
                                                              :f :write,
                                                              :value 0,
                                                              :index 281,
                                                              :time 23676996300}
                                                             {:process 142,
                                                              :type :invoke,
                                                              :f :cas,
                                                              :value [0
                                                                      0],
                                                              :index 283,
                                                              :time 23853143700}
                                                             {:process 143,
                                                              :type :invoke,
                                                              :f :cas,
                                                              :value [1
                                                                      2],
                                                              :index 287,
                                                              :time 24203473400}
                                                             {:process 147,
                                                              :type :invoke,
                                                              :f :cas,
                                                              :value [1
                                                                      4],
                                                              :index 293,
                                                              :time 24697015500}
                                                             {:process 148,
                                                              :type :invoke,
                                                              :f :cas,
                                                              :value [0
                                                                      4],
                                                              :index 295,
                                                              :time 24886925600}
                                                             {:process 149,
                                                              :type :invoke,
                                                              :f :write,
                                                              :value 2,
                                                              :index 299,
                                                              :time 25223758000}
                                                             {:process 153,
                                                              :type :invoke,
                                                              :f :cas,
                                                              :value [1
                                                                      1],
                                                              :index 305,
                                                              :time 25716942400}
                                                             {:process 154,
                                                              :type :invoke,
                                                              :f :cas,
                                                              :value [3
                                                                      4],
                                                              :index 307,
                                                              :time 25892702400}]}),
                                        :final-paths ()},
                         :timeline {:valid? true},
                         :valid? true},
                      5 {:linearizable {:valid? true,
                                        :configs ({:model #knossos.model.CASRegister{:value nil},
                                                   :last-op nil,
                                                   :pending [{:process 155,
                                                              :type :invoke,
                                                              :f :cas,
                                                              :value [2
                                                                      2],
                                                              :index 311,
                                                              :time 26244823200}
                                                             {:process 159,
                                                              :type :invoke,
                                                              :f :cas,
                                                              :value [2
                                                                      2],
                                                              :index 317,
                                                              :time 26739042300}
                                                             {:process 160,
                                                              :type :invoke,
                                                              :f :write,
                                                              :value 4,
                                                              :index 319,
                                                              :time 26928421500}
                                                             {:process 161,
                                                              :type :invoke,
                                                              :f :cas,
                                                              :value [3
                                                                      0],
                                                              :index 324,
                                                              :time 27265199700}
                                                             {:process 165,
                                                              :type :invoke,
                                                              :f :cas,
                                                              :value [0
                                                                      1],
                                                              :index 331,
                                                              :time 27759060500}
                                                             {:process 166,
                                                              :type :invoke,
                                                              :f :write,
                                                              :value 0,
                                                              :index 333,
                                                              :time 27966573600}
                                                             {:process 167,
                                                              :type :invoke,
                                                              :f :cas,
                                                              :value [1
                                                                      1],
                                                              :index 337,
                                                              :time 28362692100}
                                                             {:process 171,
                                                              :type :invoke,
                                                              :f :cas,
                                                              :value [0
                                                                      1],
                                                              :index 343,
                                                              :time 28842032100}
                                                             {:process 172,
                                                              :type :invoke,
                                                              :f :write,
                                                              :value 2,
                                                              :index 345,
                                                              :time 28986449900}
                                                             {:process 173,
                                                              :type :invoke,
                                                              :f :write,
                                                              :value 1,
                                                              :index 349,
                                                              :time 29369200000}
                                                             {:process 177,
                                                              :type :invoke,
                                                              :f :cas,
                                                              :value [1
                                                                      4],
                                                              :index 355,
                                                              :time 29863498900}]}),
                                        :final-paths ()},
                         :timeline {:valid? true},
                         :valid? true}},
            :failures []},
 :valid? false}


Analysis invalid! (??Ňć?Ł©? ©ß©Ą©ß
