2026-03-14 16:38:14,925{GMT}	INFO	[jepsen test runner] jepsen.core: Test version 5375f5721267ace6490f96d18186c337a9262f51 (plus uncommitted changes)
2026-03-14 16:38:14,925{GMT}	INFO	[jepsen test runner] jepsen.core: Command line:
lein run test -w lin-kv --bin "D:\\java tool\\IDEA project\\omnipaxos-app\\target\\debug\\maelstrom-kv.exe" --node-count 3 --concurrency 6 --time-limit 30 --rate 10 --nemesis partition
2026-03-14 16:38:14,986{GMT}	INFO	[jepsen test runner] jepsen.core: Running test:
{:args []
 :remote
 #jepsen.control.retry.Remote{:remote #jepsen.control.scp.Remote{:cmd-remote #jepsen.control.sshj.SSHJRemote{:concurrency-limit 6,
                                                                                                             :conn-spec nil,
                                                                                                             :client nil,
                                                                                                             :semaphore nil},
                                                                 :conn-spec nil},
                              :conn nil}
 :log-net-send false
 :node-count 3
 :availability nil
 :max-txn-length 4
 :concurrency 6
 :db
 #object[maelstrom.db$db$reify__16612
         "0x73534675"
         "maelstrom.db$db$reify__16612@73534675"]
 :max-writes-per-key 16
 :leave-db-running? false
 :name "lin-kv"
 :logging-json? false
 :start-time
 #object[org.joda.time.DateTime "0x44cd3ea9" "2026-03-14T16:38:14.847+01:00"]
 :nemesis-interval 10
 :net
 #object[maelstrom.net$jepsen_net$reify__15721
         "0x352df548"
         "maelstrom.net$jepsen_net$reify__15721@352df548"]
 :client
 #object[maelstrom.workload.lin_kv$client$reify__20973
         "0x45dc4d1a"
         "maelstrom.workload.lin_kv$client$reify__20973@45dc4d1a"]
 :barrier
 #object[java.util.concurrent.CyclicBarrier
         "0x4dbcc8ce"
         "java.util.concurrent.CyclicBarrier@4dbcc8ce"]
 :log-stderr false
 :pure-generators true
 :ssh {:dummy? true}
 :rate 10.0
 :checker
 #object[jepsen.checker$compose$reify__11089
         "0x60a98fa6"
         "jepsen.checker$compose$reify__11089@60a98fa6"]
 :argv
 ("test"
  "-w"
  "lin-kv"
  "--bin"
  "D:\\java tool\\IDEA project\\omnipaxos-app\\target\\debug\\maelstrom-kv.exe"
  "--node-count"
  "3"
  "--concurrency"
  "6"
  "--time-limit"
  "30"
  "--rate"
  "10"
  "--nemesis"
  "partition")
 :nemesis
 (jepsen.nemesis.ReflCompose
  {:fm {:start-partition 0,
        :stop-partition 0,
        :kill 1,
        :start 1,
        :pause 1,
        :resume 1},
   :nemeses [#unprintable "jepsen.nemesis.combined$partition_nemesis$reify__16905@3af4b14e"
             #unprintable "jepsen.nemesis.combined$db_nemesis$reify__16886@1de78f97"]})
 :nodes ["n0" "n1" "n2"]
 :test-count 1
 :latency {:mean 0, :dist :constant}
 :bin
 "D:\\java tool\\IDEA project\\omnipaxos-app\\target\\debug\\maelstrom-kv.exe"
 :generator
 #object[jepsen.util.Forgettable
         "0x3fc261b7"
         (jepsen.generator.TimeLimit
          {:limit 30000000000,
           :cutoff nil,
           :gen (jepsen.generator.Any
                 {:gens [(jepsen.generator.OnThreads
                          {:f #{:nemesis},
                           :context-filter #object[jepsen.generator.context$make_thread_filter$lazy_filter__12077
                                                   "0x633e4742"
                                                   "jepsen.generator.context$make_thread_filter$lazy_filter__12077@633e4742"],
                           :gen (jepsen.generator.Stagger
                                 {:dt 20000000000,
                                  :next-time nil,
                                  :gen (jepsen.generator.FlipFlop
                                        {:gens [#object[jepsen.nemesis.combined$partition_package$start__16909
                                                        "0x2bf83b29"
                                                        "jepsen.nemesis.combined$partition_package$start__16909@2bf83b29"]
                                                (jepsen.generator.Repeat
                                                 {:remaining -1,
                                                  :gen {:type :info,
                                                        :f :stop-partition,
                                                        :value nil}})],
                                         :i 0})})})
                         (jepsen.generator.OnThreads
                          {:f #jepsen.generator.context.AllBut{:element :nemesis},
                           :context-filter #object[jepsen.generator.context$make_thread_filter$lazy_filter__12077
                                                   "0x25a2702c"
                                                   "jepsen.generator.context$make_thread_filter$lazy_filter__12077@25a2702c"],
                           :gen (jepsen.generator.Stagger
                                 {:dt 200000000,
                                  :next-time nil,
                                  :gen (jepsen.generator.OnThreads
                                        {:f #jepsen.generator.context.AllBut{:element :nemesis},
                                         :context-filter #object[jepsen.generator.context$make_thread_filter$lazy_filter__12077
                                                                 "0x23110196"
                                                                 "jepsen.generator.context$make_thread_filter$lazy_filter__12077@23110196"],
                                         :gen (jepsen.independent.ConcurrentGenerator
                                               {:n 6,
                                                :fgen #object[jepsen.tests.linearizable_register$test$fn__17385
                                                              "0x328446e1"
                                                              "jepsen.tests.linearizable_register$test$fn__17385@328446e1"],
                                                :group->threads nil,
                                                :thread->group nil,
                                                :group->context-filter nil,
                                                :keys (0 1 2 3 4 5 6 7 ...),
                                                :gens nil})})})})]})})]
 :log-net-recv false
 :os
 #object[maelstrom.net$jepsen_os$reify__15724
         "0x6eda3ade"
         "maelstrom.net$jepsen_os$reify__15724@6eda3ade"]
 :time-limit 30
 :workload :lin-kv
 :consistency-models [:strict-serializable]
 :topology :grid}

2026-03-14 16:38:16,104{GMT}	INFO	[jepsen node n0] maelstrom.net: Starting Maelstrom network
2026-03-14 16:38:16,104{GMT}	INFO	[jepsen test runner] jepsen.db: Tearing down DB
2026-03-14 16:38:16,104{GMT}	INFO	[jepsen test runner] jepsen.db: Setting up DB
2026-03-14 16:38:16,104{GMT}	INFO	[jepsen node n2] maelstrom.db: Setting up n2
2026-03-14 16:38:16,104{GMT}	INFO	[jepsen node n1] maelstrom.db: Setting up n1
2026-03-14 16:38:16,104{GMT}	INFO	[jepsen node n0] maelstrom.service: Starting services: (lin-kv lin-tso lww-kv seq-kv)
2026-03-14 16:38:16,104{GMT}	INFO	[jepsen node n2] maelstrom.process: launching D:\java tool\IDEA project\omnipaxos-app\target\debug\maelstrom-kv.exe []
2026-03-14 16:38:16,112{GMT}	INFO	[jepsen node n1] maelstrom.process: launching D:\java tool\IDEA project\omnipaxos-app\target\debug\maelstrom-kv.exe []
2026-03-14 16:38:16,114{GMT}	INFO	[jepsen node n0] maelstrom.db: Setting up n0
2026-03-14 16:38:16,114{GMT}	INFO	[jepsen node n0] maelstrom.process: launching D:\java tool\IDEA project\omnipaxos-app\target\debug\maelstrom-kv.exe []
2026-03-14 16:38:16,141{GMT}	INFO	[jepsen test runner] jepsen.core: Relative time begins now
2026-03-14 16:38:16,156{GMT}	INFO	[jepsen worker nemesis] jepsen.util: :nemesis	:info	:start-partition	:one
2026-03-14 16:38:16,156{GMT}	INFO	[jepsen worker 3] jepsen.util: 3	:invoke	:cas	[0 [2 1]]
2026-03-14 16:38:16,156{GMT}	INFO	[jepsen worker nemesis] jepsen.util: :nemesis	:info	:start-partition	[:isolated {"n0" #{"n2" "n1"}, "n2" #{"n0"}, "n1" #{"n0"}}]
2026-03-14 16:38:16,203{GMT}	INFO	[jepsen worker 4] jepsen.util: 4	:invoke	:cas	[0 [0 4]]
2026-03-14 16:38:16,347{GMT}	INFO	[jepsen worker 0] jepsen.util: 0	:invoke	:read	[0 nil]
2026-03-14 16:38:16,521{GMT}	INFO	[jepsen worker 5] jepsen.util: 5	:invoke	:write	[0 0]
2026-03-14 16:38:16,648{GMT}	INFO	[jepsen worker 1] jepsen.util: 1	:invoke	:read	[0 nil]
2026-03-14 16:38:16,728{GMT}	INFO	[jepsen worker 2] jepsen.util: 2	:invoke	:read	[0 nil]
2026-03-14 16:38:17,172{GMT}	INFO	[jepsen worker 3] jepsen.util: 3	:info	:cas	[0 [2 1]]	:net-timeout
2026-03-14 16:38:17,172{GMT}	INFO	[jepsen worker 3] jepsen.util: 9	:invoke	:cas	[0 [3 1]]
2026-03-14 16:38:17,220{GMT}	INFO	[jepsen worker 4] jepsen.util: 4	:info	:cas	[0 [0 4]]	:net-timeout
2026-03-14 16:38:17,361{GMT}	INFO	[jepsen worker 4] jepsen.util: 10	:invoke	:write	[0 0]
2026-03-14 16:38:17,361{GMT}	INFO	[jepsen worker 0] jepsen.util: 0	:fail	:read	[0 nil]	:net-timeout
2026-03-14 16:38:17,377{GMT}	INFO	[jepsen worker 0] jepsen.util: 0	:invoke	:read	[0 nil]
2026-03-14 16:38:17,538{GMT}	INFO	[jepsen worker 5] jepsen.util: 5	:info	:write	[0 0]	:net-timeout
2026-03-14 16:38:17,544{GMT}	INFO	[jepsen worker 5] jepsen.util: 11	:invoke	:cas	[0 [4 2]]
2026-03-14 16:38:17,663{GMT}	INFO	[jepsen worker 1] jepsen.util: 1	:fail	:read	[0 nil]	:net-timeout
2026-03-14 16:38:17,669{GMT}	INFO	[jepsen worker 1] jepsen.util: 1	:invoke	:read	[0 nil]
2026-03-14 16:38:17,743{GMT}	INFO	[jepsen worker 2] jepsen.util: 2	:fail	:read	[0 nil]	:net-timeout
2026-03-14 16:38:17,792{GMT}	INFO	[jepsen worker 2] jepsen.util: 2	:invoke	:read	[0 nil]
2026-03-14 16:38:18,188{GMT}	INFO	[jepsen worker 3] jepsen.util: 9	:info	:cas	[0 [3 1]]	:net-timeout
2026-03-14 16:38:18,193{GMT}	INFO	[jepsen worker 3] jepsen.util: 15	:invoke	:cas	[0 [3 2]]
2026-03-14 16:38:18,364{GMT}	INFO	[jepsen worker 4] jepsen.util: 10	:info	:write	[0 0]	:net-timeout
2026-03-14 16:38:18,370{GMT}	INFO	[jepsen worker 4] jepsen.util: 16	:invoke	:cas	[0 [4 1]]
2026-03-14 16:38:18,381{GMT}	INFO	[jepsen worker 0] jepsen.util: 0	:fail	:read	[0 nil]	:net-timeout
2026-03-14 16:38:18,476{GMT}	INFO	[jepsen worker 0] jepsen.util: 0	:invoke	:read	[0 nil]
2026-03-14 16:38:18,555{GMT}	INFO	[jepsen worker 5] jepsen.util: 11	:info	:cas	[0 [4 2]]	:net-timeout
2026-03-14 16:38:18,684{GMT}	INFO	[jepsen worker 5] jepsen.util: 17	:invoke	:cas	[0 [3 1]]
2026-03-14 16:38:18,684{GMT}	INFO	[jepsen worker 1] jepsen.util: 1	:fail	:read	[0 nil]	:net-timeout
2026-03-14 16:38:18,809{GMT}	INFO	[jepsen worker 2] jepsen.util: 2	:fail	:read	[0 nil]	:net-timeout
2026-03-14 16:38:18,811{GMT}	INFO	[jepsen worker 1] jepsen.util: 1	:invoke	:read	[0 nil]
2026-03-14 16:38:18,922{GMT}	INFO	[jepsen worker 2] jepsen.util: 2	:invoke	:read	[0 nil]
2026-03-14 16:38:19,224{GMT}	INFO	[jepsen worker 3] jepsen.util: 15	:info	:cas	[0 [3 2]]	:net-timeout
2026-03-14 16:38:19,224{GMT}	INFO	[jepsen worker 3] jepsen.util: 21	:invoke	:cas	[0 [2 3]]
2026-03-14 16:38:19,383{GMT}	INFO	[jepsen worker 4] jepsen.util: 16	:info	:cas	[0 [4 1]]	:net-timeout
2026-03-14 16:38:19,414{GMT}	INFO	[jepsen worker 4] jepsen.util: 22	:invoke	:cas	[0 [3 2]]
2026-03-14 16:38:19,495{GMT}	INFO	[jepsen worker 0] jepsen.util: 0	:fail	:read	[0 nil]	:net-timeout
2026-03-14 16:38:19,542{GMT}	INFO	[jepsen worker 0] jepsen.util: 0	:invoke	:read	[0 nil]
2026-03-14 16:38:19,703{GMT}	INFO	[jepsen worker 5] jepsen.util: 17	:info	:cas	[0 [3 1]]	:net-timeout
2026-03-14 16:38:19,716{GMT}	INFO	[jepsen worker 5] jepsen.util: 23	:invoke	:cas	[0 [0 3]]
2026-03-14 16:38:19,829{GMT}	INFO	[jepsen worker 1] jepsen.util: 1	:fail	:read	[0 nil]	:net-timeout
2026-03-14 16:38:19,845{GMT}	INFO	[jepsen worker 1] jepsen.util: 1	:invoke	:read	[0 nil]
2026-03-14 16:38:19,940{GMT}	INFO	[jepsen worker 2] jepsen.util: 2	:fail	:read	[0 nil]	:net-timeout
2026-03-14 16:38:19,942{GMT}	INFO	[jepsen worker 2] jepsen.util: 2	:invoke	:read	[0 nil]
2026-03-14 16:38:20,258{GMT}	INFO	[jepsen worker 3] jepsen.util: 21	:info	:cas	[0 [2 3]]	:net-timeout
2026-03-14 16:38:20,259{GMT}	INFO	[jepsen worker 3] jepsen.util: 27	:invoke	:cas	[0 [3 2]]
2026-03-14 16:38:20,434{GMT}	INFO	[jepsen worker 4] jepsen.util: 22	:info	:cas	[0 [3 2]]	:net-timeout
2026-03-14 16:38:20,439{GMT}	INFO	[jepsen worker 4] jepsen.util: 28	:invoke	:cas	[0 [3 2]]
2026-03-14 16:38:20,561{GMT}	INFO	[jepsen worker 0] jepsen.util: 0	:fail	:read	[0 nil]	:net-timeout
2026-03-14 16:38:20,564{GMT}	INFO	[jepsen worker 0] jepsen.util: 0	:invoke	:read	[0 nil]
2026-03-14 16:38:20,718{GMT}	INFO	[jepsen worker 5] jepsen.util: 23	:info	:cas	[0 [0 3]]	:net-timeout
2026-03-14 16:38:20,721{GMT}	INFO	[jepsen worker 5] jepsen.util: 29	:invoke	:cas	[0 [1 2]]
2026-03-14 16:38:20,862{GMT}	INFO	[jepsen worker 1] jepsen.util: 1	:fail	:read	[0 nil]	:net-timeout
2026-03-14 16:38:20,869{GMT}	INFO	[jepsen worker 1] jepsen.util: 1	:invoke	:read	[0 nil]
2026-03-14 16:38:20,958{GMT}	INFO	[jepsen worker 2] jepsen.util: 2	:fail	:read	[0 nil]	:net-timeout
2026-03-14 16:38:20,973{GMT}	INFO	[jepsen worker 2] jepsen.util: 2	:invoke	:read	[0 nil]
2026-03-14 16:38:21,279{GMT}	INFO	[jepsen worker 3] jepsen.util: 27	:info	:cas	[0 [3 2]]	:net-timeout
2026-03-14 16:38:21,293{GMT}	INFO	[jepsen worker 3] jepsen.util: 33	:invoke	:cas	[0 [2 1]]
2026-03-14 16:38:21,452{GMT}	INFO	[jepsen worker 4] jepsen.util: 28	:info	:cas	[0 [3 2]]	:net-timeout
2026-03-14 16:38:21,452{GMT}	INFO	[jepsen worker 4] jepsen.util: 34	:invoke	:cas	[0 [4 3]]
2026-03-14 16:38:21,581{GMT}	INFO	[jepsen worker 0] jepsen.util: 0	:fail	:read	[0 nil]	:net-timeout
2026-03-14 16:38:21,587{GMT}	INFO	[jepsen worker 0] jepsen.util: 0	:invoke	:read	[0 nil]
2026-03-14 16:38:21,738{GMT}	INFO	[jepsen worker 5] jepsen.util: 29	:info	:cas	[0 [1 2]]	:net-timeout
2026-03-14 16:38:21,738{GMT}	INFO	[jepsen worker 5] jepsen.util: 35	:invoke	:cas	[1 [0 2]]
2026-03-14 16:38:21,884{GMT}	INFO	[jepsen worker 1] jepsen.util: 1	:fail	:read	[0 nil]	:net-timeout
2026-03-14 16:38:21,888{GMT}	INFO	[jepsen worker 1] jepsen.util: 1	:invoke	:read	[1 nil]
2026-03-14 16:38:21,994{GMT}	INFO	[jepsen worker 2] jepsen.util: 2	:fail	:read	[0 nil]	:net-timeout
2026-03-14 16:38:21,994{GMT}	INFO	[jepsen worker 2] jepsen.util: 2	:invoke	:read	[1 nil]
2026-03-14 16:38:22,314{GMT}	INFO	[jepsen worker 3] jepsen.util: 33	:info	:cas	[0 [2 1]]	:net-timeout
2026-03-14 16:38:22,314{GMT}	INFO	[jepsen worker 3] jepsen.util: 39	:invoke	:write	[1 4]
2026-03-14 16:38:22,490{GMT}	INFO	[jepsen worker 4] jepsen.util: 34	:info	:cas	[0 [4 3]]	:net-timeout
2026-03-14 16:38:22,505{GMT}	INFO	[jepsen worker 4] jepsen.util: 40	:invoke	:cas	[1 [4 2]]
2026-03-14 16:38:22,601{GMT}	INFO	[jepsen worker 0] jepsen.util: 0	:fail	:read	[0 nil]	:net-timeout
2026-03-14 16:38:22,601{GMT}	INFO	[jepsen worker 0] jepsen.util: 0	:invoke	:read	[1 nil]
2026-03-14 16:38:22,744{GMT}	INFO	[jepsen worker 5] jepsen.util: 35	:info	:cas	[1 [0 2]]	:net-timeout
2026-03-14 16:38:22,744{GMT}	INFO	[jepsen worker 5] jepsen.util: 41	:invoke	:cas	[1 [4 3]]
2026-03-14 16:38:22,903{GMT}	INFO	[jepsen worker 1] jepsen.util: 1	:fail	:read	[1 nil]	:net-timeout
2026-03-14 16:38:22,908{GMT}	INFO	[jepsen worker 1] jepsen.util: 1	:invoke	:read	[1 nil]
2026-03-14 16:38:23,015{GMT}	INFO	[jepsen worker 2] jepsen.util: 2	:fail	:read	[1 nil]	:net-timeout
2026-03-14 16:38:23,024{GMT}	INFO	[jepsen worker 2] jepsen.util: 2	:invoke	:read	[1 nil]
2026-03-14 16:38:23,338{GMT}	INFO	[jepsen worker 3] jepsen.util: 39	:info	:write	[1 4]	:net-timeout
2026-03-14 16:38:23,338{GMT}	INFO	[jepsen worker 3] jepsen.util: 45	:invoke	:cas	[1 [0 4]]
2026-03-14 16:38:23,512{GMT}	INFO	[jepsen worker 4] jepsen.util: 40	:info	:cas	[1 [4 2]]	:net-timeout
2026-03-14 16:38:23,514{GMT}	INFO	[jepsen worker 4] jepsen.util: 46	:invoke	:cas	[1 [0 4]]
2026-03-14 16:38:23,621{GMT}	INFO	[jepsen worker 0] jepsen.util: 0	:fail	:read	[1 nil]	:net-timeout
2026-03-14 16:38:23,636{GMT}	INFO	[jepsen worker 0] jepsen.util: 0	:invoke	:read	[1 nil]
2026-03-14 16:38:23,766{GMT}	INFO	[jepsen worker 5] jepsen.util: 41	:info	:cas	[1 [4 3]]	:net-timeout
2026-03-14 16:38:23,769{GMT}	INFO	[jepsen worker 5] jepsen.util: 47	:invoke	:cas	[1 [0 1]]
2026-03-14 16:38:23,925{GMT}	INFO	[jepsen worker 1] jepsen.util: 1	:fail	:read	[1 nil]	:net-timeout
2026-03-14 16:38:23,930{GMT}	INFO	[jepsen worker 1] jepsen.util: 1	:invoke	:read	[1 nil]
2026-03-14 16:38:24,034{GMT}	INFO	[jepsen worker 2] jepsen.util: 2	:fail	:read	[1 nil]	:net-timeout
2026-03-14 16:38:24,083{GMT}	INFO	[jepsen worker 2] jepsen.util: 2	:invoke	:read	[1 nil]
2026-03-14 16:38:24,305{GMT}	INFO	[jepsen worker nemesis] jepsen.util: :nemesis	:info	:stop-partition	nil
2026-03-14 16:38:24,307{GMT}	INFO	[jepsen worker nemesis] jepsen.util: :nemesis	:info	:stop-partition	:network-healed
2026-03-14 16:38:24,353{GMT}	INFO	[jepsen worker 3] jepsen.util: 45	:info	:cas	[1 [0 4]]	:net-timeout
2026-03-14 16:38:24,355{GMT}	INFO	[jepsen worker 3] jepsen.util: 51	:invoke	:cas	[1 [1 4]]
2026-03-14 16:38:24,391{GMT}	INFO	[jepsen worker 0] jepsen.util: 0	:ok	:read	[1 4]
2026-03-14 16:38:24,400{GMT}	INFO	[jepsen worker 3] jepsen.util: 51	:fail	:cas	[1 [1 4]]	[:precondition-failed "expected 1, got 4"]
2026-03-14 16:38:24,432{GMT}	INFO	[jepsen worker 0] jepsen.util: 0	:invoke	:read	[1 nil]
2026-03-14 16:38:24,432{GMT}	INFO	[jepsen worker 0] jepsen.util: 0	:ok	:read	[1 4]
2026-03-14 16:38:24,511{GMT}	INFO	[jepsen worker 0] jepsen.util: 0	:invoke	:read	[1 nil]
2026-03-14 16:38:24,517{GMT}	INFO	[jepsen worker 0] jepsen.util: 0	:ok	:read	[1 4]
2026-03-14 16:38:24,527{GMT}	INFO	[jepsen worker 4] jepsen.util: 46	:info	:cas	[1 [0 4]]	:net-timeout
2026-03-14 16:38:24,671{GMT}	INFO	[jepsen worker 4] jepsen.util: 52	:invoke	:cas	[1 [0 0]]
2026-03-14 16:38:24,687{GMT}	INFO	[jepsen worker 4] jepsen.util: 52	:fail	:cas	[1 [0 0]]	[:precondition-failed "expected 0, got 4"]
2026-03-14 16:38:24,800{GMT}	INFO	[jepsen worker 5] jepsen.util: 47	:info	:cas	[1 [0 1]]	:net-timeout
2026-03-14 16:38:24,814{GMT}	INFO	[jepsen worker 0] jepsen.util: 0	:invoke	:read	[1 nil]
2026-03-14 16:38:24,820{GMT}	INFO	[jepsen worker 0] jepsen.util: 0	:ok	:read	[1 4]
2026-03-14 16:38:24,822{GMT}	INFO	[jepsen worker 0] jepsen.util: 0	:invoke	:read	[1 nil]
2026-03-14 16:38:24,826{GMT}	INFO	[jepsen worker 0] jepsen.util: 0	:ok	:read	[1 4]
2026-03-14 16:38:24,944{GMT}	INFO	[jepsen worker 1] jepsen.util: 1	:fail	:read	[1 nil]	:net-timeout
2026-03-14 16:38:24,944{GMT}	INFO	[jepsen worker 0] jepsen.util: 0	:invoke	:read	[1 nil]
2026-03-14 16:38:24,960{GMT}	INFO	[jepsen worker 0] jepsen.util: 0	:ok	:read	[1 4]
2026-03-14 16:38:25,102{GMT}	INFO	[jepsen worker 2] jepsen.util: 2	:fail	:read	[1 nil]	:net-timeout
2026-03-14 16:38:25,133{GMT}	INFO	[jepsen worker 3] jepsen.util: 51	:invoke	:cas	[1 [4 2]]
2026-03-14 16:38:25,133{GMT}	INFO	[jepsen worker 3] jepsen.util: 51	:ok	:cas	[1 [4 2]]
2026-03-14 16:38:25,310{GMT}	INFO	[jepsen worker 2] jepsen.util: 2	:invoke	:read	[1 nil]
2026-03-14 16:38:25,323{GMT}	INFO	[jepsen worker 2] jepsen.util: 2	:ok	:read	[1 2]
2026-03-14 16:38:25,499{GMT}	INFO	[jepsen worker 0] jepsen.util: 0	:invoke	:read	[1 nil]
2026-03-14 16:38:25,502{GMT}	INFO	[jepsen worker 0] jepsen.util: 0	:ok	:read	[1 2]
2026-03-14 16:38:25,660{GMT}	INFO	[jepsen worker 4] jepsen.util: 52	:invoke	:cas	[1 [2 2]]
2026-03-14 16:38:25,675{GMT}	INFO	[jepsen worker 4] jepsen.util: 52	:ok	:cas	[1 [2 2]]
2026-03-14 16:38:25,756{GMT}	INFO	[jepsen worker 5] jepsen.util: 53	:invoke	:write	[1 3]
2026-03-14 16:38:25,774{GMT}	INFO	[jepsen worker 5] jepsen.util: 53	:ok	:write	[1 3]
2026-03-14 16:38:25,774{GMT}	INFO	[jepsen worker 3] jepsen.util: 51	:invoke	:cas	[1 [0 1]]
2026-03-14 16:38:25,787{GMT}	INFO	[jepsen worker 3] jepsen.util: 51	:fail	:cas	[1 [0 1]]	[:precondition-failed "expected 0, got 3"]
2026-03-14 16:38:25,835{GMT}	INFO	[jepsen worker 3] jepsen.util: 51	:invoke	:write	[1 4]
2026-03-14 16:38:25,835{GMT}	INFO	[jepsen worker 3] jepsen.util: 51	:ok	:write	[1 4]
2026-03-14 16:38:25,979{GMT}	INFO	[jepsen worker 1] jepsen.util: 1	:invoke	:read	[1 nil]
2026-03-14 16:38:25,997{GMT}	INFO	[jepsen worker 1] jepsen.util: 1	:ok	:read	[1 4]
2026-03-14 16:38:26,168{GMT}	INFO	[jepsen worker 3] jepsen.util: 51	:invoke	:write	[1 3]
2026-03-14 16:38:26,168{GMT}	INFO	[jepsen worker 3] jepsen.util: 51	:ok	:write	[1 3]
2026-03-14 16:38:26,232{GMT}	INFO	[jepsen worker 3] jepsen.util: 51	:invoke	:write	[1 0]
2026-03-14 16:38:26,232{GMT}	INFO	[jepsen worker 3] jepsen.util: 51	:ok	:write	[1 0]
2026-03-14 16:38:26,232{GMT}	INFO	[jepsen worker 4] jepsen.util: 52	:invoke	:write	[1 3]
2026-03-14 16:38:26,232{GMT}	INFO	[jepsen worker 4] jepsen.util: 52	:ok	:write	[1 3]
2026-03-14 16:38:26,392{GMT}	INFO	[jepsen worker 0] jepsen.util: 0	:invoke	:read	[1 nil]
2026-03-14 16:38:26,411{GMT}	INFO	[jepsen worker 0] jepsen.util: 0	:ok	:read	[1 3]
2026-03-14 16:38:26,488{GMT}	INFO	[jepsen worker 3] jepsen.util: 51	:invoke	:cas	[1 [1 0]]
2026-03-14 16:38:26,503{GMT}	INFO	[jepsen worker 3] jepsen.util: 51	:fail	:cas	[1 [1 0]]	[:precondition-failed "expected 1, got 3"]
2026-03-14 16:38:26,534{GMT}	INFO	[jepsen worker 0] jepsen.util: 0	:invoke	:read	[1 nil]
2026-03-14 16:38:26,547{GMT}	INFO	[jepsen worker 0] jepsen.util: 0	:ok	:read	[1 3]
2026-03-14 16:38:26,614{GMT}	INFO	[jepsen worker 3] jepsen.util: 51	:invoke	:cas	[1 [4 4]]
2026-03-14 16:38:26,631{GMT}	INFO	[jepsen worker 3] jepsen.util: 51	:fail	:cas	[1 [4 4]]	[:precondition-failed "expected 4, got 3"]
2026-03-14 16:38:26,646{GMT}	INFO	[jepsen worker 2] jepsen.util: 2	:invoke	:read	[1 nil]
2026-03-14 16:38:26,646{GMT}	INFO	[jepsen worker 2] jepsen.util: 2	:ok	:read	[1 3]
2026-03-14 16:38:26,694{GMT}	INFO	[jepsen worker 0] jepsen.util: 0	:invoke	:read	[1 nil]
2026-03-14 16:38:26,694{GMT}	INFO	[jepsen worker 0] jepsen.util: 0	:ok	:read	[1 3]
2026-03-14 16:38:26,694{GMT}	INFO	[jepsen worker 4] jepsen.util: 52	:invoke	:cas	[1 [4 0]]
2026-03-14 16:38:26,710{GMT}	INFO	[jepsen worker 4] jepsen.util: 52	:fail	:cas	[1 [4 0]]	[:precondition-failed "expected 4, got 3"]
2026-03-14 16:38:26,822{GMT}	INFO	[jepsen worker 5] jepsen.util: 53	:invoke	:cas	[1 [1 3]]
2026-03-14 16:38:26,830{GMT}	INFO	[jepsen worker 5] jepsen.util: 53	:fail	:cas	[1 [1 3]]	[:precondition-failed "expected 1, got 3"]
2026-03-14 16:38:26,982{GMT}	INFO	[jepsen worker 3] jepsen.util: 51	:invoke	:write	[1 3]
2026-03-14 16:38:27,000{GMT}	INFO	[jepsen worker 3] jepsen.util: 51	:ok	:write	[1 3]
2026-03-14 16:38:27,093{GMT}	INFO	[jepsen worker 3] jepsen.util: 51	:invoke	:cas	[1 [4 3]]
2026-03-14 16:38:27,101{GMT}	INFO	[jepsen worker 3] jepsen.util: 51	:fail	:cas	[1 [4 3]]	[:precondition-failed "expected 4, got 3"]
2026-03-14 16:38:27,253{GMT}	INFO	[jepsen worker 1] jepsen.util: 1	:invoke	:read	[1 nil]
2026-03-14 16:38:27,259{GMT}	INFO	[jepsen worker 1] jepsen.util: 1	:ok	:read	[1 3]
2026-03-14 16:38:27,268{GMT}	INFO	[jepsen worker nemesis] jepsen.util: :nemesis	:info	:start-partition	:minority-third
2026-03-14 16:38:27,268{GMT}	INFO	[jepsen worker nemesis] jepsen.util: :nemesis	:info	:start-partition	[:isolated {"n2" #{}, "n1" #{}, "n0" #{}}]
2026-03-14 16:38:27,331{GMT}	INFO	[jepsen worker 3] jepsen.util: 51	:invoke	:write	[1 2]
2026-03-14 16:38:27,347{GMT}	INFO	[jepsen worker 3] jepsen.util: 51	:ok	:write	[1 2]
2026-03-14 16:38:27,379{GMT}	INFO	[jepsen worker 4] jepsen.util: 52	:invoke	:cas	[1 [2 0]]
2026-03-14 16:38:27,379{GMT}	INFO	[jepsen worker 4] jepsen.util: 52	:ok	:cas	[1 [2 0]]
2026-03-14 16:38:27,539{GMT}	INFO	[jepsen worker 0] jepsen.util: 0	:invoke	:read	[1 nil]
2026-03-14 16:38:27,554{GMT}	INFO	[jepsen worker 0] jepsen.util: 0	:ok	:read	[1 0]
2026-03-14 16:38:27,650{GMT}	INFO	[jepsen worker 3] jepsen.util: 51	:invoke	:cas	[1 [2 2]]
2026-03-14 16:38:27,665{GMT}	INFO	[jepsen worker 3] jepsen.util: 51	:fail	:cas	[1 [2 2]]	[:precondition-failed "expected 2, got 0"]
2026-03-14 16:38:27,745{GMT}	INFO	[jepsen worker 0] jepsen.util: 0	:invoke	:read	[1 nil]
2026-03-14 16:38:27,760{GMT}	INFO	[jepsen worker 0] jepsen.util: 0	:ok	:read	[1 0]
2026-03-14 16:38:27,921{GMT}	INFO	[jepsen worker 1] jepsen.util: 1	:invoke	:read	[1 nil]
2026-03-14 16:38:27,927{GMT}	INFO	[jepsen worker 1] jepsen.util: 1	:ok	:read	[1 0]
2026-03-14 16:38:28,114{GMT}	INFO	[jepsen worker 3] jepsen.util: 51	:invoke	:write	[1 2]
2026-03-14 16:38:28,119{GMT}	INFO	[jepsen worker 3] jepsen.util: 51	:ok	:write	[1 2]
2026-03-14 16:38:28,207{GMT}	INFO	[jepsen worker 0] jepsen.util: 0	:invoke	:read	[1 nil]
2026-03-14 16:38:28,223{GMT}	INFO	[jepsen worker 0] jepsen.util: 0	:ok	:read	[1 2]
2026-03-14 16:38:28,270{GMT}	INFO	[jepsen worker 4] jepsen.util: 52	:invoke	:cas	[1 [1 4]]
2026-03-14 16:38:28,270{GMT}	INFO	[jepsen worker 4] jepsen.util: 52	:fail	:cas	[1 [1 4]]	[:precondition-failed "expected 1, got 2"]
2026-03-14 16:38:28,365{GMT}	INFO	[jepsen worker 5] jepsen.util: 53	:invoke	:cas	[1 [1 1]]
2026-03-14 16:38:28,383{GMT}	INFO	[jepsen worker 5] jepsen.util: 53	:fail	:cas	[1 [1 1]]	[:precondition-failed "expected 1, got 2"]
2026-03-14 16:38:28,493{GMT}	INFO	[jepsen worker 3] jepsen.util: 51	:invoke	:write	[1 0]
2026-03-14 16:38:28,507{GMT}	INFO	[jepsen worker 3] jepsen.util: 51	:ok	:write	[1 0]
2026-03-14 16:38:28,540{GMT}	INFO	[jepsen worker 0] jepsen.util: 0	:invoke	:read	[1 nil]
2026-03-14 16:38:28,540{GMT}	INFO	[jepsen worker 0] jepsen.util: 0	:ok	:read	[1 0]
2026-03-14 16:38:28,717{GMT}	INFO	[jepsen worker 3] jepsen.util: 51	:invoke	:cas	[1 [0 4]]
2026-03-14 16:38:28,723{GMT}	INFO	[jepsen worker 3] jepsen.util: 51	:ok	:cas	[1 [0 4]]
2026-03-14 16:38:28,877{GMT}	INFO	[jepsen worker 3] jepsen.util: 51	:invoke	:write	[1 1]
2026-03-14 16:38:28,889{GMT}	INFO	[jepsen worker 3] jepsen.util: 51	:ok	:write	[1 1]
2026-03-14 16:38:28,891{GMT}	INFO	[jepsen worker 0] jepsen.util: 0	:invoke	:read	[1 nil]
2026-03-14 16:38:28,892{GMT}	INFO	[jepsen worker 0] jepsen.util: 0	:ok	:read	[1 1]
2026-03-14 16:38:29,020{GMT}	INFO	[jepsen worker 0] jepsen.util: 0	:invoke	:read	[1 nil]
2026-03-14 16:38:29,028{GMT}	INFO	[jepsen worker 0] jepsen.util: 0	:ok	:read	[1 1]
2026-03-14 16:38:29,100{GMT}	INFO	[jepsen worker 5] jepsen.util: 53	:invoke	:cas	[1 [0 1]]
2026-03-14 16:38:29,115{GMT}	INFO	[jepsen worker 5] jepsen.util: 53	:fail	:cas	[1 [0 1]]	[:precondition-failed "expected 0, got 1"]
2026-03-14 16:38:29,243{GMT}	INFO	[jepsen worker 3] jepsen.util: 51	:invoke	:cas	[1 [1 0]]
2026-03-14 16:38:29,252{GMT}	INFO	[jepsen worker 3] jepsen.util: 51	:ok	:cas	[1 [1 0]]
2026-03-14 16:38:29,345{GMT}	INFO	[jepsen worker 3] jepsen.util: 51	:invoke	:cas	[1 [3 0]]
2026-03-14 16:38:29,347{GMT}	INFO	[jepsen worker 3] jepsen.util: 51	:fail	:cas	[1 [3 0]]	[:precondition-failed "expected 3, got 0"]
2026-03-14 16:38:29,530{GMT}	INFO	[jepsen worker 1] jepsen.util: 1	:invoke	:read	[1 nil]
2026-03-14 16:38:29,533{GMT}	INFO	[jepsen worker 2] jepsen.util: 2	:invoke	:read	[1 nil]
2026-03-14 16:38:29,547{GMT}	INFO	[jepsen worker 1] jepsen.util: 1	:ok	:read	[1 0]
2026-03-14 16:38:29,547{GMT}	INFO	[jepsen worker 2] jepsen.util: 2	:ok	:read	[1 0]
2026-03-14 16:38:29,641{GMT}	INFO	[jepsen worker 3] jepsen.util: 51	:invoke	:write	[1 4]
2026-03-14 16:38:29,657{GMT}	INFO	[jepsen worker 3] jepsen.util: 51	:ok	:write	[1 4]
2026-03-14 16:38:29,752{GMT}	INFO	[jepsen worker 0] jepsen.util: 0	:invoke	:read	[1 nil]
2026-03-14 16:38:29,767{GMT}	INFO	[jepsen worker 0] jepsen.util: 0	:ok	:read	[1 4]
2026-03-14 16:38:29,863{GMT}	INFO	[jepsen worker 0] jepsen.util: 0	:invoke	:read	[1 nil]
2026-03-14 16:38:29,876{GMT}	INFO	[jepsen worker 0] jepsen.util: 0	:ok	:read	[1 4]
2026-03-14 16:38:29,910{GMT}	INFO	[jepsen worker 3] jepsen.util: 51	:invoke	:write	[1 2]
2026-03-14 16:38:29,910{GMT}	INFO	[jepsen worker 3] jepsen.util: 51	:ok	:write	[1 2]
2026-03-14 16:38:29,958{GMT}	INFO	[jepsen worker 3] jepsen.util: 51	:invoke	:cas	[1 [1 1]]
2026-03-14 16:38:29,971{GMT}	INFO	[jepsen worker 3] jepsen.util: 51	:fail	:cas	[1 [1 1]]	[:precondition-failed "expected 1, got 2"]
2026-03-14 16:38:30,085{GMT}	INFO	[jepsen worker 1] jepsen.util: 1	:invoke	:read	[1 nil]
2026-03-14 16:38:30,096{GMT}	INFO	[jepsen worker 1] jepsen.util: 1	:ok	:read	[1 2]
2026-03-14 16:38:30,261{GMT}	INFO	[jepsen worker 3] jepsen.util: 51	:invoke	:cas	[1 [4 4]]
2026-03-14 16:38:30,277{GMT}	INFO	[jepsen worker 3] jepsen.util: 51	:fail	:cas	[1 [4 4]]	[:precondition-failed "expected 4, got 2"]
2026-03-14 16:38:30,452{GMT}	INFO	[jepsen worker 0] jepsen.util: 0	:invoke	:read	[1 nil]
2026-03-14 16:38:30,464{GMT}	INFO	[jepsen worker 0] jepsen.util: 0	:ok	:read	[1 2]
2026-03-14 16:38:30,464{GMT}	INFO	[jepsen worker 0] jepsen.util: 0	:invoke	:read	[1 nil]
2026-03-14 16:38:30,468{GMT}	INFO	[jepsen worker 0] jepsen.util: 0	:ok	:read	[1 2]
2026-03-14 16:38:30,500{GMT}	INFO	[jepsen worker 5] jepsen.util: 53	:invoke	:write	[1 4]
2026-03-14 16:38:30,500{GMT}	INFO	[jepsen worker 5] jepsen.util: 53	:ok	:write	[1 4]
2026-03-14 16:38:30,690{GMT}	INFO	[jepsen worker 3] jepsen.util: 51	:invoke	:write	[1 3]
2026-03-14 16:38:30,702{GMT}	INFO	[jepsen worker 3] jepsen.util: 51	:ok	:write	[1 3]
2026-03-14 16:38:30,753{GMT}	INFO	[jepsen worker 0] jepsen.util: 0	:invoke	:read	[1 nil]
2026-03-14 16:38:30,768{GMT}	INFO	[jepsen worker 0] jepsen.util: 0	:ok	:read	[1 3]
2026-03-14 16:38:30,927{GMT}	INFO	[jepsen worker 1] jepsen.util: 1	:invoke	:read	[1 nil]
2026-03-14 16:38:30,937{GMT}	INFO	[jepsen worker 1] jepsen.util: 1	:ok	:read	[1 3]
2026-03-14 16:38:31,006{GMT}	INFO	[jepsen worker 2] jepsen.util: 2	:invoke	:read	[1 nil]
2026-03-14 16:38:31,022{GMT}	INFO	[jepsen worker 2] jepsen.util: 2	:ok	:read	[1 3]
2026-03-14 16:38:31,133{GMT}	INFO	[jepsen worker 3] jepsen.util: 51	:invoke	:write	[1 3]
2026-03-14 16:38:31,145{GMT}	INFO	[jepsen worker 3] jepsen.util: 51	:ok	:write	[1 3]
2026-03-14 16:38:31,245{GMT}	INFO	[jepsen worker 0] jepsen.util: 0	:invoke	:read	[1 nil]
2026-03-14 16:38:31,254{GMT}	INFO	[jepsen worker 0] jepsen.util: 0	:ok	:read	[1 3]
2026-03-14 16:38:31,373{GMT}	INFO	[jepsen worker 5] jepsen.util: 53	:invoke	:write	[1 1]
2026-03-14 16:38:31,373{GMT}	INFO	[jepsen worker 5] jepsen.util: 53	:ok	:write	[1 1]
2026-03-14 16:38:31,452{GMT}	INFO	[jepsen worker 3] jepsen.util: 51	:invoke	:cas	[1 [1 2]]
2026-03-14 16:38:31,472{GMT}	INFO	[jepsen worker 3] jepsen.util: 51	:ok	:cas	[1 [1 2]]
2026-03-14 16:38:31,596{GMT}	INFO	[jepsen worker 3] jepsen.util: 51	:invoke	:cas	[1 [2 0]]
2026-03-14 16:38:31,596{GMT}	INFO	[jepsen worker 3] jepsen.util: 51	:ok	:cas	[1 [2 0]]
2026-03-14 16:38:31,691{GMT}	INFO	[jepsen worker 3] jepsen.util: 51	:invoke	:cas	[1 [1 4]]
2026-03-14 16:38:31,699{GMT}	INFO	[jepsen worker 3] jepsen.util: 51	:fail	:cas	[1 [1 4]]	[:precondition-failed "expected 1, got 0"]
2026-03-14 16:38:31,786{GMT}	INFO	[jepsen worker 2] jepsen.util: 2	:invoke	:read	[1 nil]
2026-03-14 16:38:31,786{GMT}	INFO	[jepsen worker 2] jepsen.util: 2	:ok	:read	[1 0]
2026-03-14 16:38:31,929{GMT}	INFO	[jepsen worker 3] jepsen.util: 51	:invoke	:cas	[1 [1 0]]
2026-03-14 16:38:31,929{GMT}	INFO	[jepsen worker 3] jepsen.util: 51	:fail	:cas	[1 [1 0]]	[:precondition-failed "expected 1, got 0"]
2026-03-14 16:38:31,977{GMT}	INFO	[jepsen worker 4] jepsen.util: 52	:invoke	:write	[1 3]
2026-03-14 16:38:31,977{GMT}	INFO	[jepsen worker 4] jepsen.util: 52	:ok	:write	[1 3]
2026-03-14 16:38:32,041{GMT}	INFO	[jepsen worker 5] jepsen.util: 53	:invoke	:cas	[1 [0 0]]
2026-03-14 16:38:32,057{GMT}	INFO	[jepsen worker 5] jepsen.util: 53	:fail	:cas	[1 [0 0]]	[:precondition-failed "expected 0, got 3"]
2026-03-14 16:38:32,233{GMT}	INFO	[jepsen worker 0] jepsen.util: 0	:invoke	:read	[1 nil]
2026-03-14 16:38:32,249{GMT}	INFO	[jepsen worker 0] jepsen.util: 0	:ok	:read	[1 3]
2026-03-14 16:38:32,297{GMT}	INFO	[jepsen worker 0] jepsen.util: 0	:invoke	:read	[1 nil]
2026-03-14 16:38:32,311{GMT}	INFO	[jepsen worker 0] jepsen.util: 0	:ok	:read	[1 3]
2026-03-14 16:38:32,361{GMT}	INFO	[jepsen worker 3] jepsen.util: 51	:invoke	:cas	[1 [3 0]]
2026-03-14 16:38:32,374{GMT}	INFO	[jepsen worker 3] jepsen.util: 51	:ok	:cas	[1 [3 0]]
2026-03-14 16:38:32,523{GMT}	INFO	[jepsen worker 2] jepsen.util: 2	:invoke	:read	[1 nil]
2026-03-14 16:38:32,539{GMT}	INFO	[jepsen worker 2] jepsen.util: 2	:ok	:read	[1 0]
2026-03-14 16:38:32,696{GMT}	INFO	[jepsen worker 0] jepsen.util: 0	:invoke	:read	[1 nil]
2026-03-14 16:38:32,700{GMT}	INFO	[jepsen worker 0] jepsen.util: 0	:ok	:read	[1 0]
2026-03-14 16:38:32,871{GMT}	INFO	[jepsen worker 0] jepsen.util: 0	:invoke	:read	[1 nil]
2026-03-14 16:38:32,883{GMT}	INFO	[jepsen worker 0] jepsen.util: 0	:ok	:read	[1 0]
2026-03-14 16:38:33,030{GMT}	INFO	[jepsen worker 5] jepsen.util: 53	:invoke	:cas	[1 [1 4]]
2026-03-14 16:38:33,041{GMT}	INFO	[jepsen worker 5] jepsen.util: 53	:fail	:cas	[1 [1 4]]	[:precondition-failed "expected 1, got 0"]
2026-03-14 16:38:33,222{GMT}	INFO	[jepsen worker 0] jepsen.util: 0	:invoke	:read	[1 nil]
2026-03-14 16:38:33,233{GMT}	INFO	[jepsen worker 0] jepsen.util: 0	:ok	:read	[1 0]
2026-03-14 16:38:33,398{GMT}	INFO	[jepsen worker 0] jepsen.util: 0	:invoke	:read	[1 nil]
2026-03-14 16:38:33,398{GMT}	INFO	[jepsen worker 0] jepsen.util: 0	:ok	:read	[1 0]
2026-03-14 16:38:33,429{GMT}	INFO	[jepsen worker 1] jepsen.util: 1	:invoke	:read	[1 nil]
2026-03-14 16:38:33,436{GMT}	INFO	[jepsen worker 1] jepsen.util: 1	:ok	:read	[1 0]
2026-03-14 16:38:33,621{GMT}	INFO	[jepsen worker 3] jepsen.util: 51	:invoke	:cas	[1 [2 3]]
2026-03-14 16:38:33,637{GMT}	INFO	[jepsen worker 3] jepsen.util: 51	:fail	:cas	[1 [2 3]]	[:precondition-failed "expected 2, got 0"]
2026-03-14 16:38:33,684{GMT}	INFO	[jepsen worker 3] jepsen.util: 51	:invoke	:cas	[1 [1 0]]
2026-03-14 16:38:33,699{GMT}	INFO	[jepsen worker 3] jepsen.util: 51	:fail	:cas	[1 [1 0]]	[:precondition-failed "expected 1, got 0"]
2026-03-14 16:38:33,699{GMT}	INFO	[jepsen worker 0] jepsen.util: 0	:invoke	:read	[1 nil]
2026-03-14 16:38:33,703{GMT}	INFO	[jepsen worker 0] jepsen.util: 0	:ok	:read	[1 0]
2026-03-14 16:38:33,748{GMT}	INFO	[jepsen worker 0] jepsen.util: 0	:invoke	:read	[1 nil]
2026-03-14 16:38:33,761{GMT}	INFO	[jepsen worker 0] jepsen.util: 0	:ok	:read	[1 0]
2026-03-14 16:38:33,907{GMT}	INFO	[jepsen worker 0] jepsen.util: 0	:invoke	:read	[1 nil]
2026-03-14 16:38:33,916{GMT}	INFO	[jepsen worker 0] jepsen.util: 0	:ok	:read	[1 0]
2026-03-14 16:38:33,971{GMT}	INFO	[jepsen worker 0] jepsen.util: 0	:invoke	:read	[1 nil]
2026-03-14 16:38:33,986{GMT}	INFO	[jepsen worker 0] jepsen.util: 0	:ok	:read	[1 0]
2026-03-14 16:38:34,085{GMT}	INFO	[jepsen worker 3] jepsen.util: 51	:invoke	:write	[1 3]
2026-03-14 16:38:34,090{GMT}	INFO	[jepsen worker 3] jepsen.util: 51	:ok	:write	[1 3]
2026-03-14 16:38:34,195{GMT}	INFO	[jepsen worker 3] jepsen.util: 51	:invoke	:cas	[1 [2 0]]
2026-03-14 16:38:34,201{GMT}	INFO	[jepsen worker 3] jepsen.util: 51	:fail	:cas	[1 [2 0]]	[:precondition-failed "expected 2, got 3"]
2026-03-14 16:38:34,337{GMT}	INFO	[jepsen worker 0] jepsen.util: 0	:invoke	:read	[1 nil]
2026-03-14 16:38:34,354{GMT}	INFO	[jepsen worker 0] jepsen.util: 0	:ok	:read	[1 3]
2026-03-14 16:38:34,417{GMT}	INFO	[jepsen worker 0] jepsen.util: 0	:invoke	:read	[1 nil]
2026-03-14 16:38:34,433{GMT}	INFO	[jepsen worker 0] jepsen.util: 0	:ok	:read	[1 3]
2026-03-14 16:38:34,592{GMT}	INFO	[jepsen worker 0] jepsen.util: 0	:invoke	:read	[1 nil]
2026-03-14 16:38:34,601{GMT}	INFO	[jepsen worker 0] jepsen.util: 0	:ok	:read	[1 3]
2026-03-14 16:38:34,656{GMT}	INFO	[jepsen worker 0] jepsen.util: 0	:invoke	:read	[1 nil]
2026-03-14 16:38:34,671{GMT}	INFO	[jepsen worker 0] jepsen.util: 0	:ok	:read	[1 3]
2026-03-14 16:38:34,815{GMT}	INFO	[jepsen worker 3] jepsen.util: 51	:invoke	:cas	[1 [3 4]]
2026-03-14 16:38:34,830{GMT}	INFO	[jepsen worker 3] jepsen.util: 51	:ok	:cas	[1 [3 4]]
2026-03-14 16:38:34,959{GMT}	INFO	[jepsen worker 1] jepsen.util: 1	:invoke	:read	[1 nil]
2026-03-14 16:38:34,965{GMT}	INFO	[jepsen worker 1] jepsen.util: 1	:ok	:read	[1 4]
2026-03-14 16:38:35,053{GMT}	INFO	[jepsen worker 2] jepsen.util: 2	:invoke	:read	[1 nil]
2026-03-14 16:38:35,069{GMT}	INFO	[jepsen worker 2] jepsen.util: 2	:ok	:read	[1 4]
2026-03-14 16:38:35,244{GMT}	INFO	[jepsen worker 0] jepsen.util: 0	:invoke	:read	[1 nil]
2026-03-14 16:38:35,252{GMT}	INFO	[jepsen worker 0] jepsen.util: 0	:ok	:read	[1 4]
2026-03-14 16:38:35,371{GMT}	INFO	[jepsen worker 4] jepsen.util: 52	:invoke	:write	[1 2]
2026-03-14 16:38:35,381{GMT}	INFO	[jepsen worker 4] jepsen.util: 52	:ok	:write	[1 2]
2026-03-14 16:38:35,483{GMT}	INFO	[jepsen worker 0] jepsen.util: 0	:invoke	:read	[1 nil]
2026-03-14 16:38:35,498{GMT}	INFO	[jepsen worker 0] jepsen.util: 0	:ok	:read	[1 2]
2026-03-14 16:38:35,610{GMT}	INFO	[jepsen worker 0] jepsen.util: 0	:invoke	:read	[1 nil]
2026-03-14 16:38:35,610{GMT}	INFO	[jepsen worker 0] jepsen.util: 0	:ok	:read	[1 2]
2026-03-14 16:38:35,706{GMT}	INFO	[jepsen worker 0] jepsen.util: 0	:invoke	:read	[1 nil]
2026-03-14 16:38:35,719{GMT}	INFO	[jepsen worker 0] jepsen.util: 0	:ok	:read	[1 2]
2026-03-14 16:38:35,913{GMT}	INFO	[jepsen worker 1] jepsen.util: 1	:invoke	:read	[1 nil]
2026-03-14 16:38:35,926{GMT}	INFO	[jepsen worker 1] jepsen.util: 1	:ok	:read	[1 2]
2026-03-14 16:38:35,992{GMT}	INFO	[jepsen worker 2] jepsen.util: 2	:invoke	:read	[1 nil]
2026-03-14 16:38:36,007{GMT}	INFO	[jepsen worker 2] jepsen.util: 2	:ok	:read	[1 2]
2026-03-14 16:38:36,185{GMT}	INFO	[jepsen worker 0] jepsen.util: 0	:invoke	:read	[1 nil]
2026-03-14 16:38:36,192{GMT}	INFO	[jepsen worker 0] jepsen.util: 0	:ok	:read	[1 2]
2026-03-14 16:38:36,376{GMT}	INFO	[jepsen worker 4] jepsen.util: 52	:invoke	:cas	[1 [4 3]]
2026-03-14 16:38:36,385{GMT}	INFO	[jepsen worker 4] jepsen.util: 52	:fail	:cas	[1 [4 3]]	[:precondition-failed "expected 4, got 2"]
2026-03-14 16:38:36,440{GMT}	INFO	[jepsen worker 5] jepsen.util: 53	:invoke	:cas	[1 [2 3]]
2026-03-14 16:38:36,456{GMT}	INFO	[jepsen worker 5] jepsen.util: 53	:ok	:cas	[1 [2 3]]
2026-03-14 16:38:36,536{GMT}	INFO	[jepsen worker 0] jepsen.util: 0	:invoke	:read	[1 nil]
2026-03-14 16:38:36,536{GMT}	INFO	[jepsen worker 0] jepsen.util: 0	:ok	:read	[1 3]
2026-03-14 16:38:36,599{GMT}	INFO	[jepsen worker 3] jepsen.util: 51	:invoke	:write	[1 2]
2026-03-14 16:38:36,618{GMT}	INFO	[jepsen worker 3] jepsen.util: 51	:ok	:write	[1 2]
2026-03-14 16:38:36,662{GMT}	INFO	[jepsen worker 3] jepsen.util: 51	:invoke	:cas	[1 [2 3]]
2026-03-14 16:38:36,662{GMT}	INFO	[jepsen worker 3] jepsen.util: 51	:ok	:cas	[1 [2 3]]
2026-03-14 16:38:36,726{GMT}	INFO	[jepsen worker 3] jepsen.util: 51	:invoke	:cas	[1 [2 1]]
2026-03-14 16:38:36,726{GMT}	INFO	[jepsen worker 3] jepsen.util: 51	:fail	:cas	[1 [2 1]]	[:precondition-failed "expected 2, got 3"]
2026-03-14 16:38:36,726{GMT}	INFO	[jepsen worker 0] jepsen.util: 0	:invoke	:read	[1 nil]
2026-03-14 16:38:36,726{GMT}	INFO	[jepsen worker 0] jepsen.util: 0	:ok	:read	[1 3]
2026-03-14 16:38:36,934{GMT}	INFO	[jepsen worker 0] jepsen.util: 0	:invoke	:read	[1 nil]
2026-03-14 16:38:36,937{GMT}	INFO	[jepsen worker 0] jepsen.util: 0	:ok	:read	[1 3]
2026-03-14 16:38:36,997{GMT}	INFO	[jepsen worker 0] jepsen.util: 0	:invoke	:read	[1 nil]
2026-03-14 16:38:37,010{GMT}	INFO	[jepsen worker 0] jepsen.util: 0	:ok	:read	[1 3]
2026-03-14 16:38:37,110{GMT}	INFO	[jepsen worker 0] jepsen.util: 0	:invoke	:read	[1 nil]
2026-03-14 16:38:37,116{GMT}	INFO	[jepsen worker 0] jepsen.util: 0	:ok	:read	[1 3]
2026-03-14 16:38:37,222{GMT}	INFO	[jepsen worker 0] jepsen.util: 0	:invoke	:read	[1 nil]
2026-03-14 16:38:37,226{GMT}	INFO	[jepsen worker 0] jepsen.util: 0	:ok	:read	[1 3]
2026-03-14 16:38:37,299{GMT}	INFO	[jepsen worker 3] jepsen.util: 51	:invoke	:cas	[1 [1 2]]
2026-03-14 16:38:37,307{GMT}	INFO	[jepsen worker 3] jepsen.util: 51	:fail	:cas	[1 [1 2]]	[:precondition-failed "expected 1, got 3"]
2026-03-14 16:38:37,379{GMT}	INFO	[jepsen worker 3] jepsen.util: 51	:invoke	:cas	[1 [4 3]]
2026-03-14 16:38:37,393{GMT}	INFO	[jepsen worker 3] jepsen.util: 51	:fail	:cas	[1 [4 3]]	[:precondition-failed "expected 4, got 3"]
2026-03-14 16:38:37,411{GMT}	INFO	[jepsen worker 3] jepsen.util: 51	:invoke	:cas	[1 [4 3]]
2026-03-14 16:38:37,411{GMT}	INFO	[jepsen worker 3] jepsen.util: 51	:fail	:cas	[1 [4 3]]	[:precondition-failed "expected 4, got 3"]
2026-03-14 16:38:37,604{GMT}	INFO	[jepsen worker 4] jepsen.util: 52	:invoke	:write	[1 4]
2026-03-14 16:38:37,611{GMT}	INFO	[jepsen worker 4] jepsen.util: 52	:ok	:write	[1 4]
2026-03-14 16:38:37,668{GMT}	INFO	[jepsen worker 5] jepsen.util: 53	:invoke	:write	[1 0]
2026-03-14 16:38:37,675{GMT}	INFO	[jepsen worker 5] jepsen.util: 53	:ok	:write	[1 0]
2026-03-14 16:38:37,762{GMT}	INFO	[jepsen worker 0] jepsen.util: 0	:invoke	:read	[1 nil]
2026-03-14 16:38:37,770{GMT}	INFO	[jepsen worker 0] jepsen.util: 0	:ok	:read	[1 0]
2026-03-14 16:38:37,825{GMT}	INFO	[jepsen worker 0] jepsen.util: 0	:invoke	:read	[1 nil]
2026-03-14 16:38:37,827{GMT}	INFO	[jepsen worker 0] jepsen.util: 0	:ok	:read	[1 0]
2026-03-14 16:38:37,873{GMT}	INFO	[jepsen worker 1] jepsen.util: 1	:invoke	:read	[1 nil]
2026-03-14 16:38:37,873{GMT}	INFO	[jepsen worker 1] jepsen.util: 1	:ok	:read	[1 0]
2026-03-14 16:38:38,064{GMT}	INFO	[jepsen worker 2] jepsen.util: 2	:invoke	:read	[1 nil]
2026-03-14 16:38:38,070{GMT}	INFO	[jepsen worker 2] jepsen.util: 2	:ok	:read	[1 0]
2026-03-14 16:38:38,223{GMT}	INFO	[jepsen worker 3] jepsen.util: 51	:invoke	:cas	[1 [3 1]]
2026-03-14 16:38:38,229{GMT}	INFO	[jepsen worker 3] jepsen.util: 51	:fail	:cas	[1 [3 1]]	[:precondition-failed "expected 3, got 0"]
2026-03-14 16:38:38,271{GMT}	INFO	[jepsen worker 0] jepsen.util: 0	:invoke	:read	[1 nil]
2026-03-14 16:38:38,281{GMT}	INFO	[jepsen worker 0] jepsen.util: 0	:ok	:read	[1 0]
2026-03-14 16:38:38,319{GMT}	INFO	[jepsen worker 5] jepsen.util: 53	:invoke	:write	[1 2]
2026-03-14 16:38:38,332{GMT}	INFO	[jepsen worker 5] jepsen.util: 53	:ok	:write	[1 2]
2026-03-14 16:38:38,526{GMT}	INFO	[jepsen worker 0] jepsen.util: 0	:invoke	:read	[1 nil]
2026-03-14 16:38:38,539{GMT}	INFO	[jepsen worker 0] jepsen.util: 0	:ok	:read	[1 2]
2026-03-14 16:38:38,622{GMT}	INFO	[jepsen worker 0] jepsen.util: 0	:invoke	:read	[1 nil]
2026-03-14 16:38:38,631{GMT}	INFO	[jepsen worker 0] jepsen.util: 0	:ok	:read	[1 2]
2026-03-14 16:38:38,685{GMT}	INFO	[jepsen worker 3] jepsen.util: 51	:invoke	:cas	[1 [3 0]]
2026-03-14 16:38:38,699{GMT}	INFO	[jepsen worker 3] jepsen.util: 51	:fail	:cas	[1 [3 0]]	[:precondition-failed "expected 3, got 2"]
2026-03-14 16:38:38,717{GMT}	INFO	[jepsen worker 3] jepsen.util: 51	:invoke	:cas	[1 [4 1]]
2026-03-14 16:38:38,719{GMT}	INFO	[jepsen worker 3] jepsen.util: 51	:fail	:cas	[1 [4 1]]	[:precondition-failed "expected 4, got 2"]
2026-03-14 16:38:38,877{GMT}	INFO	[jepsen worker 3] jepsen.util: 51	:invoke	:cas	[1 [1 2]]
2026-03-14 16:38:38,885{GMT}	INFO	[jepsen worker 3] jepsen.util: 51	:fail	:cas	[1 [1 2]]	[:precondition-failed "expected 1, got 2"]
2026-03-14 16:38:38,925{GMT}	INFO	[jepsen worker 0] jepsen.util: 0	:invoke	:read	[1 nil]
2026-03-14 16:38:38,937{GMT}	INFO	[jepsen worker 0] jepsen.util: 0	:ok	:read	[1 2]
2026-03-14 16:38:39,085{GMT}	INFO	[jepsen worker 5] jepsen.util: 53	:invoke	:write	[1 1]
2026-03-14 16:38:39,091{GMT}	INFO	[jepsen worker 5] jepsen.util: 53	:ok	:write	[1 1]
2026-03-14 16:38:39,147{GMT}	INFO	[jepsen worker 3] jepsen.util: 51	:invoke	:cas	[1 [1 4]]
2026-03-14 16:38:39,161{GMT}	INFO	[jepsen worker 3] jepsen.util: 51	:ok	:cas	[1 [1 4]]
2026-03-14 16:38:39,228{GMT}	INFO	[jepsen worker 0] jepsen.util: 0	:invoke	:read	[1 nil]
2026-03-14 16:38:39,238{GMT}	INFO	[jepsen worker 0] jepsen.util: 0	:ok	:read	[1 4]
2026-03-14 16:38:39,354{GMT}	INFO	[jepsen worker 1] jepsen.util: 1	:invoke	:read	[1 nil]
2026-03-14 16:38:39,371{GMT}	INFO	[jepsen worker 1] jepsen.util: 1	:ok	:read	[1 4]
2026-03-14 16:38:39,386{GMT}	INFO	[jepsen worker 2] jepsen.util: 2	:invoke	:read	[1 nil]
2026-03-14 16:38:39,386{GMT}	INFO	[jepsen worker 2] jepsen.util: 2	:ok	:read	[1 4]
2026-03-14 16:38:39,530{GMT}	INFO	[jepsen worker 0] jepsen.util: 0	:invoke	:read	[1 nil]
2026-03-14 16:38:39,540{GMT}	INFO	[jepsen worker 0] jepsen.util: 0	:ok	:read	[1 4]
2026-03-14 16:38:39,658{GMT}	INFO	[jepsen worker 0] jepsen.util: 0	:invoke	:read	[1 nil]
2026-03-14 16:38:39,664{GMT}	INFO	[jepsen worker 0] jepsen.util: 0	:ok	:read	[1 4]
2026-03-14 16:38:39,704{GMT}	INFO	[jepsen worker 0] jepsen.util: 0	:invoke	:read	[1 nil]
2026-03-14 16:38:39,713{GMT}	INFO	[jepsen worker 0] jepsen.util: 0	:ok	:read	[1 4]
2026-03-14 16:38:39,863{GMT}	INFO	[jepsen worker 3] jepsen.util: 51	:invoke	:write	[1 3]
2026-03-14 16:38:39,870{GMT}	INFO	[jepsen worker 3] jepsen.util: 51	:ok	:write	[1 3]
2026-03-14 16:38:39,960{GMT}	INFO	[jepsen worker 3] jepsen.util: 51	:invoke	:write	[1 1]
2026-03-14 16:38:39,973{GMT}	INFO	[jepsen worker 3] jepsen.util: 51	:ok	:write	[1 1]
2026-03-14 16:38:40,135{GMT}	INFO	[jepsen worker 3] jepsen.util: 51	:invoke	:cas	[1 [0 1]]
2026-03-14 16:38:40,146{GMT}	INFO	[jepsen worker 3] jepsen.util: 51	:fail	:cas	[1 [0 1]]	[:precondition-failed "expected 0, got 1"]
2026-03-14 16:38:40,297{GMT}	INFO	[jepsen worker 3] jepsen.util: 51	:invoke	:write	[1 0]
2026-03-14 16:38:40,303{GMT}	INFO	[jepsen worker 3] jepsen.util: 51	:ok	:write	[1 0]
2026-03-14 16:38:40,375{GMT}	INFO	[jepsen worker 0] jepsen.util: 0	:invoke	:read	[1 nil]
2026-03-14 16:38:40,389{GMT}	INFO	[jepsen worker 0] jepsen.util: 0	:ok	:read	[1 0]
2026-03-14 16:38:40,422{GMT}	INFO	[jepsen worker 4] jepsen.util: 52	:invoke	:cas	[1 [2 3]]
2026-03-14 16:38:40,435{GMT}	INFO	[jepsen worker 4] jepsen.util: 52	:fail	:cas	[1 [2 3]]	[:precondition-failed "expected 2, got 0"]
2026-03-14 16:38:40,485{GMT}	INFO	[jepsen worker 5] jepsen.util: 53	:invoke	:cas	[1 [0 4]]
2026-03-14 16:38:40,496{GMT}	INFO	[jepsen worker 5] jepsen.util: 53	:ok	:cas	[1 [0 4]]
2026-03-14 16:38:40,517{GMT}	INFO	[jepsen worker 0] jepsen.util: 0	:invoke	:read	[1 nil]
2026-03-14 16:38:40,517{GMT}	INFO	[jepsen worker 0] jepsen.util: 0	:ok	:read	[1 4]
2026-03-14 16:38:40,661{GMT}	INFO	[jepsen worker 0] jepsen.util: 0	:invoke	:read	[1 nil]
2026-03-14 16:38:40,667{GMT}	INFO	[jepsen worker 0] jepsen.util: 0	:ok	:read	[1 4]
2026-03-14 16:38:40,740{GMT}	INFO	[jepsen worker 1] jepsen.util: 1	:invoke	:read	[1 nil]
2026-03-14 16:38:40,751{GMT}	INFO	[jepsen worker 1] jepsen.util: 1	:ok	:read	[1 4]
2026-03-14 16:38:40,820{GMT}	INFO	[jepsen worker 2] jepsen.util: 2	:invoke	:read	[1 nil]
2026-03-14 16:38:40,833{GMT}	INFO	[jepsen worker 2] jepsen.util: 2	:ok	:read	[1 4]
2026-03-14 16:38:40,947{GMT}	INFO	[jepsen worker 0] jepsen.util: 0	:invoke	:read	[1 nil]
2026-03-14 16:38:40,956{GMT}	INFO	[jepsen worker 0] jepsen.util: 0	:ok	:read	[1 4]
2026-03-14 16:38:41,043{GMT}	INFO	[jepsen worker 0] jepsen.util: 0	:invoke	:read	[1 nil]
2026-03-14 16:38:41,043{GMT}	INFO	[jepsen worker 0] jepsen.util: 0	:ok	:read	[1 4]
2026-03-14 16:38:41,235{GMT}	INFO	[jepsen worker 0] jepsen.util: 0	:invoke	:read	[1 nil]
2026-03-14 16:38:41,241{GMT}	INFO	[jepsen worker 0] jepsen.util: 0	:ok	:read	[1 4]
2026-03-14 16:38:41,315{GMT}	INFO	[jepsen worker 0] jepsen.util: 0	:invoke	:read	[1 nil]
2026-03-14 16:38:41,327{GMT}	INFO	[jepsen worker 0] jepsen.util: 0	:ok	:read	[1 4]
2026-03-14 16:38:41,379{GMT}	INFO	[jepsen worker 3] jepsen.util: 51	:invoke	:cas	[1 [4 3]]
2026-03-14 16:38:41,390{GMT}	INFO	[jepsen worker 3] jepsen.util: 51	:ok	:cas	[1 [4 3]]
2026-03-14 16:38:41,507{GMT}	INFO	[jepsen worker 3] jepsen.util: 51	:invoke	:cas	[1 [3 0]]
2026-03-14 16:38:41,513{GMT}	INFO	[jepsen worker 3] jepsen.util: 51	:ok	:cas	[1 [3 0]]
2026-03-14 16:38:41,714{GMT}	INFO	[jepsen worker 3] jepsen.util: 51	:invoke	:write	[1 3]
2026-03-14 16:38:41,729{GMT}	INFO	[jepsen worker 3] jepsen.util: 51	:ok	:write	[1 3]
2026-03-14 16:38:41,891{GMT}	INFO	[jepsen worker 0] jepsen.util: 0	:invoke	:read	[1 nil]
2026-03-14 16:38:41,895{GMT}	INFO	[jepsen worker 0] jepsen.util: 0	:ok	:read	[1 3]
2026-03-14 16:38:42,069{GMT}	INFO	[jepsen worker 4] jepsen.util: 52	:invoke	:cas	[1 [0 0]]
2026-03-14 16:38:42,078{GMT}	INFO	[jepsen worker 4] jepsen.util: 52	:fail	:cas	[1 [0 0]]	[:precondition-failed "expected 0, got 3"]
2026-03-14 16:38:42,146{GMT}	INFO	[jepsen worker 5] jepsen.util: 53	:invoke	:write	[1 0]
2026-03-14 16:38:42,155{GMT}	INFO	[jepsen worker 5] jepsen.util: 53	:ok	:write	[1 0]
2026-03-14 16:38:42,226{GMT}	INFO	[jepsen worker 3] jepsen.util: 51	:invoke	:cas	[1 [1 3]]
2026-03-14 16:38:42,238{GMT}	INFO	[jepsen worker 3] jepsen.util: 51	:fail	:cas	[1 [1 3]]	[:precondition-failed "expected 1, got 0"]
2026-03-14 16:38:42,370{GMT}	INFO	[jepsen worker 3] jepsen.util: 51	:invoke	:cas	[1 [2 1]]
2026-03-14 16:38:42,379{GMT}	INFO	[jepsen worker 3] jepsen.util: 51	:fail	:cas	[1 [2 1]]	[:precondition-failed "expected 2, got 0"]
2026-03-14 16:38:42,449{GMT}	INFO	[jepsen worker 1] jepsen.util: 1	:invoke	:read	[1 nil]
2026-03-14 16:38:42,455{GMT}	INFO	[jepsen worker 1] jepsen.util: 1	:ok	:read	[1 0]
2026-03-14 16:38:42,578{GMT}	INFO	[jepsen worker 2] jepsen.util: 2	:invoke	:read	[1 nil]
2026-03-14 16:38:42,584{GMT}	INFO	[jepsen worker 2] jepsen.util: 2	:ok	:read	[1 0]
2026-03-14 16:38:42,642{GMT}	INFO	[jepsen worker 0] jepsen.util: 0	:invoke	:read	[1 nil]
2026-03-14 16:38:42,656{GMT}	INFO	[jepsen worker 0] jepsen.util: 0	:ok	:read	[1 0]
2026-03-14 16:38:42,833{GMT}	INFO	[jepsen worker 0] jepsen.util: 0	:invoke	:read	[1 nil]
2026-03-14 16:38:42,839{GMT}	INFO	[jepsen worker 0] jepsen.util: 0	:ok	:read	[1 0]
2026-03-14 16:38:43,026{GMT}	INFO	[jepsen worker 0] jepsen.util: 0	:invoke	:read	[1 nil]
2026-03-14 16:38:43,034{GMT}	INFO	[jepsen worker 0] jepsen.util: 0	:ok	:read	[1 0]
2026-03-14 16:38:43,219{GMT}	INFO	[jepsen worker 3] jepsen.util: 51	:invoke	:cas	[1 [3 1]]
2026-03-14 16:38:43,223{GMT}	INFO	[jepsen worker 3] jepsen.util: 51	:fail	:cas	[1 [3 1]]	[:precondition-failed "expected 3, got 0"]
2026-03-14 16:38:43,330{GMT}	INFO	[jepsen worker 3] jepsen.util: 51	:invoke	:write	[1 3]
2026-03-14 16:38:43,336{GMT}	INFO	[jepsen worker 3] jepsen.util: 51	:ok	:write	[1 3]
2026-03-14 16:38:43,409{GMT}	INFO	[jepsen worker 1] jepsen.util: 1	:invoke	:read	[1 nil]
2026-03-14 16:38:43,425{GMT}	INFO	[jepsen worker 1] jepsen.util: 1	:ok	:read	[1 3]
2026-03-14 16:38:43,569{GMT}	INFO	[jepsen worker 3] jepsen.util: 51	:invoke	:write	[1 2]
2026-03-14 16:38:43,576{GMT}	INFO	[jepsen worker 3] jepsen.util: 51	:ok	:write	[1 2]
2026-03-14 16:38:43,617{GMT}	INFO	[jepsen worker 3] jepsen.util: 51	:invoke	:write	[1 4]
2026-03-14 16:38:43,627{GMT}	INFO	[jepsen worker 3] jepsen.util: 51	:ok	:write	[1 4]
2026-03-14 16:38:43,826{GMT}	INFO	[jepsen worker 4] jepsen.util: 52	:invoke	:cas	[1 [1 2]]
2026-03-14 16:38:43,840{GMT}	INFO	[jepsen worker 4] jepsen.util: 52	:fail	:cas	[1 [1 2]]	[:precondition-failed "expected 1, got 4"]
2026-03-14 16:38:43,920{GMT}	INFO	[jepsen worker 0] jepsen.util: 0	:invoke	:read	[1 nil]
2026-03-14 16:38:43,920{GMT}	INFO	[jepsen worker 0] jepsen.util: 0	:ok	:read	[1 4]
2026-03-14 16:38:44,096{GMT}	INFO	[jepsen worker 3] jepsen.util: 51	:invoke	:cas	[1 [2 1]]
2026-03-14 16:38:44,106{GMT}	INFO	[jepsen worker 3] jepsen.util: 51	:fail	:cas	[1 [2 1]]	[:precondition-failed "expected 2, got 4"]
2026-03-14 16:38:44,287{GMT}	INFO	[jepsen worker 3] jepsen.util: 51	:invoke	:cas	[1 [1 3]]
2026-03-14 16:38:44,293{GMT}	INFO	[jepsen worker 3] jepsen.util: 51	:fail	:cas	[1 [1 3]]	[:precondition-failed "expected 1, got 4"]
2026-03-14 16:38:44,464{GMT}	INFO	[jepsen worker 3] jepsen.util: 51	:invoke	:cas	[1 [0 3]]
2026-03-14 16:38:44,468{GMT}	INFO	[jepsen worker 3] jepsen.util: 51	:fail	:cas	[1 [0 3]]	[:precondition-failed "expected 0, got 4"]
2026-03-14 16:38:44,607{GMT}	INFO	[jepsen worker 2] jepsen.util: 2	:invoke	:read	[1 nil]
2026-03-14 16:38:44,614{GMT}	INFO	[jepsen worker 2] jepsen.util: 2	:ok	:read	[1 4]
2026-03-14 16:38:44,770{GMT}	INFO	[jepsen worker 3] jepsen.util: 51	:invoke	:cas	[1 [0 1]]
2026-03-14 16:38:44,780{GMT}	INFO	[jepsen worker 3] jepsen.util: 51	:fail	:cas	[1 [0 1]]	[:precondition-failed "expected 0, got 4"]
2026-03-14 16:38:44,798{GMT}	INFO	[jepsen worker nemesis] jepsen.util: :nemesis	:info	:stop-partition	nil
2026-03-14 16:38:44,802{GMT}	INFO	[jepsen worker nemesis] jepsen.util: :nemesis	:info	:stop-partition	:network-healed
2026-03-14 16:38:44,846{GMT}	INFO	[jepsen worker 5] jepsen.util: 53	:invoke	:write	[1 2]
2026-03-14 16:38:44,855{GMT}	INFO	[jepsen worker 5] jepsen.util: 53	:ok	:write	[1 2]
2026-03-14 16:38:44,925{GMT}	INFO	[jepsen worker 0] jepsen.util: 0	:invoke	:read	[1 nil]
2026-03-14 16:38:44,933{GMT}	INFO	[jepsen worker 0] jepsen.util: 0	:ok	:read	[1 2]
2026-03-14 16:38:45,036{GMT}	INFO	[jepsen worker 0] jepsen.util: 0	:invoke	:read	[1 nil]
2026-03-14 16:38:45,044{GMT}	INFO	[jepsen worker 0] jepsen.util: 0	:ok	:read	[1 2]
2026-03-14 16:38:45,116{GMT}	INFO	[jepsen worker 1] jepsen.util: 1	:invoke	:read	[1 nil]
2026-03-14 16:38:45,130{GMT}	INFO	[jepsen worker 1] jepsen.util: 1	:ok	:read	[1 2]
2026-03-14 16:38:45,180{GMT}	INFO	[jepsen worker 2] jepsen.util: 2	:invoke	:read	[1 nil]
2026-03-14 16:38:45,193{GMT}	INFO	[jepsen worker 2] jepsen.util: 2	:ok	:read	[1 2]
2026-03-14 16:38:45,196{GMT}	INFO	[jepsen worker 0] jepsen.util: 0	:invoke	:read	[1 nil]
2026-03-14 16:38:45,196{GMT}	INFO	[jepsen worker 0] jepsen.util: 0	:ok	:read	[1 2]
2026-03-14 16:38:45,323{GMT}	INFO	[jepsen worker 4] jepsen.util: 52	:invoke	:write	[1 3]
2026-03-14 16:38:45,323{GMT}	INFO	[jepsen worker 4] jepsen.util: 52	:ok	:write	[1 3]
2026-03-14 16:38:45,387{GMT}	INFO	[jepsen worker 5] jepsen.util: 53	:invoke	:cas	[1 [2 1]]
2026-03-14 16:38:45,400{GMT}	INFO	[jepsen worker 5] jepsen.util: 53	:fail	:cas	[1 [2 1]]	[:precondition-failed "expected 2, got 3"]
2026-03-14 16:38:45,562{GMT}	INFO	[jepsen worker 3] jepsen.util: 51	:invoke	:write	[1 2]
2026-03-14 16:38:45,568{GMT}	INFO	[jepsen worker 3] jepsen.util: 51	:ok	:write	[1 2]
2026-03-14 16:38:45,610{GMT}	INFO	[jepsen worker 0] jepsen.util: 0	:invoke	:read	[1 nil]
2026-03-14 16:38:45,622{GMT}	INFO	[jepsen worker 0] jepsen.util: 0	:ok	:read	[1 2]
2026-03-14 16:38:45,721{GMT}	INFO	[jepsen worker 3] jepsen.util: 51	:invoke	:cas	[1 [2 4]]
2026-03-14 16:38:45,731{GMT}	INFO	[jepsen worker 3] jepsen.util: 51	:ok	:cas	[1 [2 4]]
2026-03-14 16:38:45,816{GMT}	INFO	[jepsen worker 2] jepsen.util: 2	:invoke	:read	[1 nil]
2026-03-14 16:38:45,831{GMT}	INFO	[jepsen worker 2] jepsen.util: 2	:ok	:read	[1 4]
2026-03-14 16:38:46,007{GMT}	INFO	[jepsen worker 3] jepsen.util: 51	:invoke	:write	[1 1]
2026-03-14 16:38:46,007{GMT}	INFO	[jepsen worker 3] jepsen.util: 51	:ok	:write	[1 1]
2026-03-14 16:38:46,150{GMT}	INFO	[jepsen worker 0] jepsen.util: 0	:invoke	:read	[1 nil]
2026-03-14 16:38:46,163{GMT}	INFO	[jepsen worker 0] jepsen.util: 0	:ok	:read	[1 1]
2026-03-14 16:38:46,175{GMT}	INFO	[jepsen test runner] jepsen.core: Run complete, writing
2026-03-14 16:38:46,214{GMT}	INFO	[jepsen node n0] maelstrom.db: Tearing down n0
2026-03-14 16:38:46,214{GMT}	INFO	[jepsen node n1] maelstrom.db: Tearing down n1
2026-03-14 16:38:46,214{GMT}	INFO	[jepsen node n2] maelstrom.db: Tearing down n2
2026-03-14 16:38:47,249{GMT}	INFO	[jepsen node n0] maelstrom.net: Shutting down Maelstrom network
2026-03-14 16:38:47,249{GMT}	INFO	[jepsen test runner] jepsen.core: Analyzing...
2026-03-14 16:38:47,506{GMT}	INFO	[clojure-agent-send-pool-0] jepsen.independent: Wrote D:\java tool\IDEA project\omnipaxos-app\store\lin-kv\20260314T163814.847+0100\independent\0\results.edn
2026-03-14 16:38:47,513{GMT}	INFO	[clojure-agent-send-pool-0] jepsen.independent: Wrote D:\java tool\IDEA project\omnipaxos-app\store\lin-kv\20260314T163814.847+0100\independent\0\history.edn
2026-03-14 16:38:47,533{GMT}	INFO	[clojure-agent-send-pool-1] jepsen.independent: Wrote D:\java tool\IDEA project\omnipaxos-app\store\lin-kv\20260314T163814.847+0100\independent\1\results.edn
2026-03-14 16:38:47,540{GMT}	INFO	[clojure-agent-send-pool-1] jepsen.independent: Wrote D:\java tool\IDEA project\omnipaxos-app\store\lin-kv\20260314T163814.847+0100\independent\1\history.edn
2026-03-14 16:38:47,767{GMT}	INFO	[jepsen test runner] jepsen.core: Analysis complete
2026-03-14 16:38:47,798{GMT}	INFO	[jepsen results] jepsen.store: Wrote D:\java tool\IDEA project\omnipaxos-app\store\lin-kv\20260314T163814.847+0100\results.edn
2026-03-14 16:38:47,823{GMT}	INFO	[jepsen test runner] jepsen.core: {:perf {:latency-graph {:valid? true},
        :rate-graph {:valid? true},
        :valid? true},
 :timeline {:valid? true},
 :exceptions {:valid? true},
 :stats {:valid? true,
         :count 246,
         :ok-count 156,
         :fail-count 66,
         :info-count 24,
         :by-f {:cas {:valid? true,
                      :count 80,
                      :ok-count 16,
                      :fail-count 43,
                      :info-count 21},
                :read {:valid? true,
                       :count 127,
                       :ok-count 104,
                       :fail-count 23,
                       :info-count 0},
                :write {:valid? true,
                        :count 39,
                        :ok-count 36,
                        :fail-count 0,
                        :info-count 3}}},
 :availability {:valid? true, :ok-fraction 0.63414633},
 :net {:all {:send-count 5534,
             :recv-count 2894,
             :msg-count 5534,
             :msgs-per-op 22.495935},
       :clients {:send-count 466, :recv-count 466, :msg-count 466},
       :servers {:send-count 5068,
                 :recv-count 2428,
                 :msg-count 5068,
                 :msgs-per-op 20.601625},
       :valid? true},
 :workload {:valid? true,
            :results {0 {:linearizable {:valid? true,
                                        :configs ({:model #knossos.model.CASRegister{:value nil},
                                                   :last-op nil,
                                                   :pending [{:process 3,
                                                              :type :invoke,
                                                              :f :cas,
                                                              :value [2
                                                                      1],
                                                              :index 0,
                                                              :time 8860600}
                                                             {:process 4,
                                                              :type :invoke,
                                                              :f :cas,
                                                              :value [0
                                                                      4],
                                                              :index 3,
                                                              :time 60714400}
                                                             {:process 5,
                                                              :type :invoke,
                                                              :f :write,
                                                              :value 0,
                                                              :index 5,
                                                              :time 378462800}
                                                             {:process 9,
                                                              :type :invoke,
                                                              :f :cas,
                                                              :value [3
                                                                      1],
                                                              :index 9,
                                                              :time 1030766400}
                                                             {:process 10,
                                                              :type :invoke,
                                                              :f :write,
                                                              :value 0,
                                                              :index 11,
                                                              :time 1218277600}
                                                             {:process 11,
                                                              :type :invoke,
                                                              :f :cas,
                                                              :value [4
                                                                      2],
                                                              :index 15,
                                                              :time 1394241400}
                                                             {:process 15,
                                                              :type :invoke,
                                                              :f :cas,
                                                              :value [3
                                                                      2],
                                                              :index 21,
                                                              :time 2048044600}
                                                             {:process 16,
                                                              :type :invoke,
                                                              :f :cas,
                                                              :value [4
                                                                      1],
                                                              :index 23,
                                                              :time 2223689300}
                                                             {:process 17,
                                                              :type :invoke,
                                                              :f :cas,
                                                              :value [3
                                                                      1],
                                                              :index 27,
                                                              :time 2540398600}
                                                             {:process 21,
                                                              :type :invoke,
                                                              :f :cas,
                                                              :value [2
                                                                      3],
                                                              :index 33,
                                                              :time 3083485700}
                                                             {:process 22,
                                                              :type :invoke,
                                                              :f :cas,
                                                              :value [3
                                                                      2],
                                                              :index 35,
                                                              :time 3271886400}
                                                             {:process 23,
                                                              :type :invoke,
                                                              :f :cas,
                                                              :value [0
                                                                      3],
                                                              :index 39,
                                                              :time 3573401400}
                                                             {:process 27,
                                                              :type :invoke,
                                                              :f :cas,
                                                              :value [3
                                                                      2],
                                                              :index 45,
                                                              :time 4115537900}
                                                             {:process 28,
                                                              :type :invoke,
                                                              :f :cas,
                                                              :value [3
                                                                      2],
                                                              :index 47,
                                                              :time 4290196000}
                                                             {:process 29,
                                                              :type :invoke,
                                                              :f :cas,
                                                              :value [1
                                                                      2],
                                                              :index 51,
                                                              :time 4576625700}
                                                             {:process 33,
                                                              :type :invoke,
                                                              :f :cas,
                                                              :value [2
                                                                      1],
                                                              :index 57,
                                                              :time 5135517400}
                                                             {:process 34,
                                                              :type :invoke,
                                                              :f :cas,
                                                              :value [4
                                                                      3],
                                                              :index 59,
                                                              :time 5310440600}]}),
                                        :final-paths ()},
                         :timeline {:valid? true},
                         :valid? true},
                      1 {:linearizable {:valid? true,
                                        :model #knossos.model.CASRegister{:value 1},
                                        :final-paths (),
                                        :configs ()},
                         :timeline {:valid? true},
                         :valid? true}},
            :failures []},
 :valid? true}


Everything looks good! ©c(ˇ®©``)ĄÎ
