2026-03-14 10:36:03,173{GMT}	INFO	[jepsen test runner] jepsen.core: Test version e0ff92ff78176b78d4da1b0ffb8afc4be0fa2c31 (plus uncommitted changes)
2026-03-14 10:36:03,175{GMT}	INFO	[jepsen test runner] jepsen.core: Command line:
lein run test --workload lin-kv --bin "D:\\java tool\\IDEA project\\omnipaxos-app\\target\\debug\\server.exe" --node-count 3 --concurrency 6 --time-limit 10
2026-03-14 10:36:03,223{GMT}	INFO	[jepsen test runner] jepsen.core: Running test:
{:args []
 :remote
 #jepsen.control.retry.Remote{:remote #jepsen.control.scp.Remote{:cmd-remote #jepsen.control.sshj.SSHJRemote{:concurrency-limit 6,
                                                                                                             :conn-spec nil,
                                                                                                             :client nil,
                                                                                                             :semaphore nil},
                                                                 :conn-spec nil},
                              :conn nil}
 :log-net-send false
 :node-count 3
 :availability nil
 :max-txn-length 4
 :concurrency 6
 :db
 #object[maelstrom.db$db$reify__16612
         "0x6ca95b1e"
         "maelstrom.db$db$reify__16612@6ca95b1e"]
 :max-writes-per-key 16
 :leave-db-running? false
 :name "lin-kv"
 :logging-json? false
 :start-time
 #object[org.joda.time.DateTime "0x550482aa" "2026-03-14T10:36:03.093+01:00"]
 :nemesis-interval 10
 :net
 #object[maelstrom.net$jepsen_net$reify__15721
         "0x2b7b6f58"
         "maelstrom.net$jepsen_net$reify__15721@2b7b6f58"]
 :client
 #object[maelstrom.workload.lin_kv$client$reify__20973
         "0x2dc4b58a"
         "maelstrom.workload.lin_kv$client$reify__20973@2dc4b58a"]
 :barrier
 #object[java.util.concurrent.CyclicBarrier
         "0x44cd3ea9"
         "java.util.concurrent.CyclicBarrier@44cd3ea9"]
 :log-stderr false
 :pure-generators true
 :ssh {:dummy? true}
 :rate 5
 :checker
 #object[jepsen.checker$compose$reify__11089
         "0x352df548"
         "jepsen.checker$compose$reify__11089@352df548"]
 :argv
 ("test"
  "--workload"
  "lin-kv"
  "--bin"
  "D:\\java tool\\IDEA project\\omnipaxos-app\\target\\debug\\server.exe"
  "--node-count"
  "3"
  "--concurrency"
  "6"
  "--time-limit"
  "10")
 :nemesis
 (jepsen.nemesis.ReflCompose
  {:fm {:start-partition 0,
        :stop-partition 0,
        :kill 1,
        :start 1,
        :pause 1,
        :resume 1},
   :nemeses [#unprintable "jepsen.nemesis.combined$partition_nemesis$reify__16905@45dc4d1a"
             #unprintable "jepsen.nemesis.combined$db_nemesis$reify__16886@4dbcc8ce"]})
 :nodes ["n0" "n1" "n2"]
 :test-count 1
 :latency {:mean 0, :dist :constant}
 :bin "D:\\java tool\\IDEA project\\omnipaxos-app\\target\\debug\\server.exe"
 :generator
 #object[jepsen.util.Forgettable
         "0x245155b8"
         (jepsen.generator.TimeLimit
          {:limit 10000000000,
           :cutoff nil,
           :gen (jepsen.generator.Any
                 {:gens [(jepsen.generator.OnThreads
                          {:f #{:nemesis},
                           :context-filter #object[jepsen.generator.context$make_thread_filter$lazy_filter__12077
                                                   "0x3f96ef2"
                                                   "jepsen.generator.context$make_thread_filter$lazy_filter__12077@3f96ef2"],
                           :gen nil})
                         (jepsen.generator.OnThreads
                          {:f #jepsen.generator.context.AllBut{:element :nemesis},
                           :context-filter #object[jepsen.generator.context$make_thread_filter$lazy_filter__12077
                                                   "0x12039ae0"
                                                   "jepsen.generator.context$make_thread_filter$lazy_filter__12077@12039ae0"],
                           :gen (jepsen.generator.Stagger
                                 {:dt 400000000,
                                  :next-time nil,
                                  :gen (jepsen.generator.OnThreads
                                        {:f #jepsen.generator.context.AllBut{:element :nemesis},
                                         :context-filter #object[jepsen.generator.context$make_thread_filter$lazy_filter__12077
                                                                 "0x1fb320de"
                                                                 "jepsen.generator.context$make_thread_filter$lazy_filter__12077@1fb320de"],
                                         :gen (jepsen.independent.ConcurrentGenerator
                                               {:n 6,
                                                :fgen #object[jepsen.tests.linearizable_register$test$fn__17385
                                                              "0x633e4742"
                                                              "jepsen.tests.linearizable_register$test$fn__17385@633e4742"],
                                                :group->threads nil,
                                                :thread->group nil,
                                                :group->context-filter nil,
                                                :keys (0 1 2 3 4 5 6 7 ...),
                                                :gens nil})})})})]})})]
 :log-net-recv false
 :os
 #object[maelstrom.net$jepsen_os$reify__15724
         "0x25a2702c"
         "maelstrom.net$jepsen_os$reify__15724@25a2702c"]
 :time-limit 10
 :workload :lin-kv
 :consistency-models [:strict-serializable]
 :topology :grid}

2026-03-14 10:36:04,330{GMT}	INFO	[jepsen node n0] maelstrom.net: Starting Maelstrom network
2026-03-14 10:36:04,330{GMT}	INFO	[jepsen test runner] jepsen.db: Tearing down DB
2026-03-14 10:36:04,330{GMT}	INFO	[jepsen test runner] jepsen.db: Setting up DB
2026-03-14 10:36:04,330{GMT}	INFO	[jepsen node n2] maelstrom.db: Setting up n2
2026-03-14 10:36:04,330{GMT}	INFO	[jepsen node n2] maelstrom.process: launching D:\java tool\IDEA project\omnipaxos-app\target\debug\server.exe []
2026-03-14 10:36:04,337{GMT}	INFO	[jepsen node n0] maelstrom.service: Starting services: (lin-kv lin-tso lww-kv seq-kv)
2026-03-14 10:36:04,330{GMT}	INFO	[jepsen node n1] maelstrom.db: Setting up n1
2026-03-14 10:36:04,339{GMT}	INFO	[jepsen node n0] maelstrom.db: Setting up n0
2026-03-14 10:36:04,346{GMT}	INFO	[jepsen node n0] maelstrom.process: launching D:\java tool\IDEA project\omnipaxos-app\target\debug\server.exe []
2026-03-14 10:36:04,346{GMT}	INFO	[jepsen node n1] maelstrom.process: launching D:\java tool\IDEA project\omnipaxos-app\target\debug\server.exe []
2026-03-14 10:36:04,366{GMT}	INFO	[jepsen test runner] jepsen.core: Relative time begins now
2026-03-14 10:36:04,376{GMT}	INFO	[jepsen worker 0] jepsen.util: 0	:invoke	:read	[0 nil]
2026-03-14 10:36:04,382{GMT}	INFO	[jepsen worker 0] jepsen.util: 0	:fail	:read	[0 nil]	[:key-does-not-exist "key does not exist"]
2026-03-14 10:36:04,707{GMT}	INFO	[jepsen worker 1] jepsen.util: 1	:invoke	:read	[0 nil]
2026-03-14 10:36:04,712{GMT}	INFO	[jepsen worker 1] jepsen.util: 1	:fail	:read	[0 nil]	[:key-does-not-exist "key does not exist"]
2026-03-14 10:36:04,713{GMT}	INFO	[jepsen worker 2] jepsen.util: 2	:invoke	:read	[0 nil]
2026-03-14 10:36:04,725{GMT}	INFO	[jepsen worker 2] jepsen.util: 2	:fail	:read	[0 nil]	[:key-does-not-exist "key does not exist"]
2026-03-14 10:36:04,831{GMT}	INFO	[jepsen worker 0] jepsen.util: 0	:invoke	:read	[0 nil]
2026-03-14 10:36:04,842{GMT}	INFO	[jepsen worker 0] jepsen.util: 0	:fail	:read	[0 nil]	[:key-does-not-exist "key does not exist"]
2026-03-14 10:36:05,142{GMT}	INFO	[jepsen worker 0] jepsen.util: 0	:invoke	:read	[0 nil]
2026-03-14 10:36:05,151{GMT}	INFO	[jepsen worker 0] jepsen.util: 0	:fail	:read	[0 nil]	[:key-does-not-exist "key does not exist"]
2026-03-14 10:36:05,312{GMT}	INFO	[jepsen worker 0] jepsen.util: 0	:invoke	:read	[0 nil]
2026-03-14 10:36:05,325{GMT}	INFO	[jepsen worker 0] jepsen.util: 0	:fail	:read	[0 nil]	[:key-does-not-exist "key does not exist"]
2026-03-14 10:36:05,500{GMT}	INFO	[jepsen worker 0] jepsen.util: 0	:invoke	:read	[0 nil]
2026-03-14 10:36:05,505{GMT}	INFO	[jepsen worker 0] jepsen.util: 0	:fail	:read	[0 nil]	[:key-does-not-exist "key does not exist"]
2026-03-14 10:36:05,830{GMT}	INFO	[jepsen worker 3] jepsen.util: 3	:invoke	:write	[0 0]
2026-03-14 10:36:05,838{GMT}	INFO	[jepsen worker 3] jepsen.util: 3	:ok	:write	[0 0]
2026-03-14 10:36:05,984{GMT}	INFO	[jepsen worker 1] jepsen.util: 1	:invoke	:read	[0 nil]
2026-03-14 10:36:05,990{GMT}	INFO	[jepsen worker 1] jepsen.util: 1	:fail	:read	[0 nil]	[:key-does-not-exist "key does not exist"]
2026-03-14 10:36:06,064{GMT}	INFO	[jepsen worker 3] jepsen.util: 3	:invoke	:write	[0 2]
2026-03-14 10:36:06,067{GMT}	INFO	[jepsen worker 3] jepsen.util: 3	:ok	:write	[0 2]
2026-03-14 10:36:06,393{GMT}	INFO	[jepsen worker 0] jepsen.util: 0	:invoke	:read	[0 nil]
2026-03-14 10:36:06,397{GMT}	INFO	[jepsen worker 0] jepsen.util: 0	:ok	:read	[0 2]
2026-03-14 10:36:06,750{GMT}	INFO	[jepsen worker 4] jepsen.util: 4	:invoke	:cas	[0 [4 2]]
2026-03-14 10:36:06,758{GMT}	INFO	[jepsen worker 4] jepsen.util: 4	:fail	:cas	[0 [4 2]]	[:key-does-not-exist "key does not exist"]
2026-03-14 10:36:07,001{GMT}	INFO	[jepsen worker 0] jepsen.util: 0	:invoke	:read	[0 nil]
2026-03-14 10:36:07,008{GMT}	INFO	[jepsen worker 0] jepsen.util: 0	:ok	:read	[0 2]
2026-03-14 10:36:07,220{GMT}	INFO	[jepsen worker 3] jepsen.util: 3	:invoke	:cas	[0 [4 2]]
2026-03-14 10:36:07,229{GMT}	INFO	[jepsen worker 3] jepsen.util: 3	:fail	:cas	[0 [4 2]]	[:precondition-failed "precondition failed"]
2026-03-14 10:36:07,438{GMT}	INFO	[jepsen worker 0] jepsen.util: 0	:invoke	:read	[0 nil]
2026-03-14 10:36:07,443{GMT}	INFO	[jepsen worker 0] jepsen.util: 0	:ok	:read	[0 2]
2026-03-14 10:36:07,845{GMT}	INFO	[jepsen worker 3] jepsen.util: 3	:invoke	:write	[0 0]
2026-03-14 10:36:07,854{GMT}	INFO	[jepsen worker 3] jepsen.util: 3	:ok	:write	[0 0]
2026-03-14 10:36:08,094{GMT}	INFO	[jepsen worker 3] jepsen.util: 3	:invoke	:cas	[0 [0 2]]
2026-03-14 10:36:08,101{GMT}	INFO	[jepsen worker 3] jepsen.util: 3	:ok	:cas	[0 [0 2]]
2026-03-14 10:36:08,281{GMT}	INFO	[jepsen worker 3] jepsen.util: 3	:invoke	:write	[0 4]
2026-03-14 10:36:08,288{GMT}	INFO	[jepsen worker 3] jepsen.util: 3	:ok	:write	[0 4]
2026-03-14 10:36:08,549{GMT}	INFO	[jepsen worker 4] jepsen.util: 4	:invoke	:cas	[0 [2 3]]
2026-03-14 10:36:08,557{GMT}	INFO	[jepsen worker 4] jepsen.util: 4	:fail	:cas	[0 [2 3]]	[:key-does-not-exist "key does not exist"]
2026-03-14 10:36:08,656{GMT}	INFO	[jepsen worker 5] jepsen.util: 5	:invoke	:cas	[0 [3 0]]
2026-03-14 10:36:08,668{GMT}	INFO	[jepsen worker 5] jepsen.util: 5	:fail	:cas	[0 [3 0]]	[:key-does-not-exist "key does not exist"]
2026-03-14 10:36:08,797{GMT}	INFO	[jepsen worker 0] jepsen.util: 0	:invoke	:read	[0 nil]
2026-03-14 10:36:08,805{GMT}	INFO	[jepsen worker 0] jepsen.util: 0	:ok	:read	[0 4]
2026-03-14 10:36:08,922{GMT}	INFO	[jepsen worker 0] jepsen.util: 0	:invoke	:read	[0 nil]
2026-03-14 10:36:08,928{GMT}	INFO	[jepsen worker 0] jepsen.util: 0	:ok	:read	[0 4]
2026-03-14 10:36:08,937{GMT}	INFO	[jepsen worker 3] jepsen.util: 3	:invoke	:write	[0 1]
2026-03-14 10:36:08,937{GMT}	INFO	[jepsen worker 3] jepsen.util: 3	:ok	:write	[0 1]
2026-03-14 10:36:09,345{GMT}	INFO	[jepsen worker 3] jepsen.util: 3	:invoke	:cas	[0 [2 4]]
2026-03-14 10:36:09,351{GMT}	INFO	[jepsen worker 3] jepsen.util: 3	:fail	:cas	[0 [2 4]]	[:precondition-failed "precondition failed"]
2026-03-14 10:36:09,501{GMT}	INFO	[jepsen worker 3] jepsen.util: 3	:invoke	:cas	[0 [1 4]]
2026-03-14 10:36:09,507{GMT}	INFO	[jepsen worker 3] jepsen.util: 3	:ok	:cas	[0 [1 4]]
2026-03-14 10:36:09,719{GMT}	INFO	[jepsen worker 4] jepsen.util: 4	:invoke	:cas	[0 [1 2]]
2026-03-14 10:36:09,719{GMT}	INFO	[jepsen worker 4] jepsen.util: 4	:fail	:cas	[0 [1 2]]	[:key-does-not-exist "key does not exist"]
2026-03-14 10:36:09,844{GMT}	INFO	[jepsen worker 5] jepsen.util: 5	:invoke	:cas	[0 [1 4]]
2026-03-14 10:36:09,852{GMT}	INFO	[jepsen worker 5] jepsen.util: 5	:fail	:cas	[0 [1 4]]	[:key-does-not-exist "key does not exist"]
2026-03-14 10:36:10,250{GMT}	INFO	[jepsen worker 3] jepsen.util: 3	:invoke	:cas	[0 [3 3]]
2026-03-14 10:36:10,257{GMT}	INFO	[jepsen worker 3] jepsen.util: 3	:fail	:cas	[0 [3 3]]	[:precondition-failed "precondition failed"]
2026-03-14 10:36:10,452{GMT}	INFO	[jepsen worker 3] jepsen.util: 3	:invoke	:cas	[0 [2 4]]
2026-03-14 10:36:10,455{GMT}	INFO	[jepsen worker 3] jepsen.util: 3	:fail	:cas	[0 [2 4]]	[:precondition-failed "precondition failed"]
2026-03-14 10:36:10,704{GMT}	INFO	[jepsen worker 3] jepsen.util: 3	:invoke	:cas	[0 [0 0]]
2026-03-14 10:36:10,713{GMT}	INFO	[jepsen worker 3] jepsen.util: 3	:fail	:cas	[0 [0 0]]	[:precondition-failed "precondition failed"]
2026-03-14 10:36:10,889{GMT}	INFO	[jepsen worker 2] jepsen.util: 2	:invoke	:read	[0 nil]
2026-03-14 10:36:10,900{GMT}	INFO	[jepsen worker 2] jepsen.util: 2	:fail	:read	[0 nil]	[:key-does-not-exist "key does not exist"]
2026-03-14 10:36:11,141{GMT}	INFO	[jepsen worker 0] jepsen.util: 0	:invoke	:read	[0 nil]
2026-03-14 10:36:11,146{GMT}	INFO	[jepsen worker 0] jepsen.util: 0	:ok	:read	[0 4]
2026-03-14 10:36:11,438{GMT}	INFO	[jepsen worker 4] jepsen.util: 4	:invoke	:cas	[0 [4 1]]
2026-03-14 10:36:11,449{GMT}	INFO	[jepsen worker 4] jepsen.util: 4	:fail	:cas	[0 [4 1]]	[:key-does-not-exist "key does not exist"]
2026-03-14 10:36:11,844{GMT}	INFO	[jepsen worker 0] jepsen.util: 0	:invoke	:read	[0 nil]
2026-03-14 10:36:11,851{GMT}	INFO	[jepsen worker 0] jepsen.util: 0	:ok	:read	[0 4]
2026-03-14 10:36:12,142{GMT}	INFO	[jepsen worker 3] jepsen.util: 3	:invoke	:write	[0 2]
2026-03-14 10:36:12,150{GMT}	INFO	[jepsen worker 3] jepsen.util: 3	:ok	:write	[0 2]
2026-03-14 10:36:12,377{GMT}	INFO	[jepsen worker 3] jepsen.util: 3	:invoke	:cas	[0 [4 4]]
2026-03-14 10:36:12,386{GMT}	INFO	[jepsen worker 3] jepsen.util: 3	:fail	:cas	[0 [4 4]]	[:precondition-failed "precondition failed"]
2026-03-14 10:36:12,578{GMT}	INFO	[jepsen worker 3] jepsen.util: 3	:invoke	:cas	[0 [0 1]]
2026-03-14 10:36:12,585{GMT}	INFO	[jepsen worker 3] jepsen.util: 3	:fail	:cas	[0 [0 1]]	[:precondition-failed "precondition failed"]
2026-03-14 10:36:12,860{GMT}	INFO	[jepsen worker 2] jepsen.util: 2	:invoke	:read	[0 nil]
2026-03-14 10:36:12,867{GMT}	INFO	[jepsen worker 2] jepsen.util: 2	:fail	:read	[0 nil]	[:key-does-not-exist "key does not exist"]
2026-03-14 10:36:12,891{GMT}	INFO	[jepsen worker 3] jepsen.util: 3	:invoke	:cas	[0 [4 3]]
2026-03-14 10:36:12,894{GMT}	INFO	[jepsen worker 3] jepsen.util: 3	:fail	:cas	[0 [4 3]]	[:precondition-failed "precondition failed"]
2026-03-14 10:36:12,969{GMT}	INFO	[jepsen worker 0] jepsen.util: 0	:invoke	:read	[0 nil]
2026-03-14 10:36:12,976{GMT}	INFO	[jepsen worker 0] jepsen.util: 0	:ok	:read	[0 2]
2026-03-14 10:36:13,126{GMT}	INFO	[jepsen worker 0] jepsen.util: 0	:invoke	:read	[0 nil]
2026-03-14 10:36:13,131{GMT}	INFO	[jepsen worker 0] jepsen.util: 0	:ok	:read	[0 2]
2026-03-14 10:36:13,186{GMT}	INFO	[jepsen worker 0] jepsen.util: 0	:invoke	:read	[0 nil]
2026-03-14 10:36:13,187{GMT}	INFO	[jepsen worker 0] jepsen.util: 0	:ok	:read	[0 2]
2026-03-14 10:36:13,580{GMT}	INFO	[jepsen worker 3] jepsen.util: 3	:invoke	:cas	[0 [0 4]]
2026-03-14 10:36:13,584{GMT}	INFO	[jepsen worker 3] jepsen.util: 3	:fail	:cas	[0 [0 4]]	[:precondition-failed "precondition failed"]
2026-03-14 10:36:13,910{GMT}	INFO	[jepsen worker 1] jepsen.util: 1	:invoke	:read	[0 nil]
2026-03-14 10:36:13,916{GMT}	INFO	[jepsen worker 1] jepsen.util: 1	:fail	:read	[0 nil]	[:key-does-not-exist "key does not exist"]
2026-03-14 10:36:13,953{GMT}	INFO	[jepsen worker 3] jepsen.util: 3	:invoke	:cas	[0 [1 3]]
2026-03-14 10:36:13,957{GMT}	INFO	[jepsen worker 3] jepsen.util: 3	:fail	:cas	[0 [1 3]]	[:precondition-failed "precondition failed"]
2026-03-14 10:36:14,328{GMT}	INFO	[jepsen worker 3] jepsen.util: 3	:invoke	:cas	[0 [2 0]]
2026-03-14 10:36:14,334{GMT}	INFO	[jepsen worker 3] jepsen.util: 3	:ok	:cas	[0 [2 0]]
2026-03-14 10:36:14,356{GMT}	INFO	[jepsen test runner] jepsen.core: Run complete, writing
2026-03-14 10:36:14,381{GMT}	INFO	[jepsen node n0] maelstrom.db: Tearing down n0
2026-03-14 10:36:14,382{GMT}	INFO	[jepsen node n1] maelstrom.db: Tearing down n1
2026-03-14 10:36:14,382{GMT}	INFO	[jepsen node n2] maelstrom.db: Tearing down n2
2026-03-14 10:36:15,426{GMT}	INFO	[jepsen node n0] maelstrom.net: Shutting down Maelstrom network
2026-03-14 10:36:15,436{GMT}	INFO	[jepsen test runner] jepsen.core: Analyzing...
2026-03-14 10:36:15,490{GMT}	WARN	[clojure-agent-send-off-pool-5] jepsen.checker: Error while checking history:
java.lang.IllegalStateException: Error rendering plot, verify gnuplot is installed and reachable
	at jepsen.checker.perf$plot_BANG_.invokeStatic(perf.clj:494)
	at jepsen.checker.perf$plot_BANG_.invoke(perf.clj:431)
	at jepsen.checker.perf$rate_graph_BANG_.invokeStatic(perf.clj:628)
	at jepsen.checker.perf$rate_graph_BANG_.invoke(perf.clj:573)
	at jepsen.checker$rate_graph$reify__11309.check(checker.clj:845)
	at jepsen.checker$check_safe.invokeStatic(checker.clj:88)
	at jepsen.checker$check_safe.invoke(checker.clj:80)
	at jepsen.checker$compose$reify__11089$fn__11091.invoke(checker.clj:104)
	at clojure.core$pmap$fn__8582$fn__8583.invoke(core.clj:7169)
	at clojure.core$binding_conveyor_fn$fn__5842.invoke(core.clj:2047)
	at clojure.lang.AFn.call(AFn.java:18)
	at java.base/java.util.concurrent.FutureTask.run(FutureTask.java:264)
	at java.base/java.util.concurrent.ThreadPoolExecutor.runWorker(ThreadPoolExecutor.java:1136)
	at java.base/java.util.concurrent.ThreadPoolExecutor$Worker.run(ThreadPoolExecutor.java:635)
	at java.base/java.lang.Thread.run(Thread.java:840)
Caused by: java.io.IOException: Cannot run program "gnuplot": CreateProcess error=2, 炵苀梑祥善硌隅腔恅璃﹝
	at java.base/java.lang.ProcessBuilder.start(ProcessBuilder.java:1143)
	at java.base/java.lang.ProcessBuilder.start(ProcessBuilder.java:1073)
	at java.base/java.lang.Runtime.exec(Runtime.java:594)
	at clojure.java.shell$sh.invokeStatic(shell.clj:113)
	at clojure.java.shell$sh.doInvoke(shell.clj:79)
	at clojure.lang.RestFn.invoke(RestFn.java:515)
	at gnuplot.core$run_BANG_.invokeStatic(core.clj:76)
	at gnuplot.core$run_BANG_.invoke(core.clj:66)
	at gnuplot.core$raw_plot_BANG_.invokeStatic(core.clj:106)
	at gnuplot.core$raw_plot_BANG_.invoke(core.clj:91)
	... 15 common frames omitted
Caused by: java.io.IOException: CreateProcess error=2, 炵苀梑祥善硌隅腔恅璃﹝
	at java.base/java.lang.ProcessImpl.create(Native Method)
	at java.base/java.lang.ProcessImpl.<init>(ProcessImpl.java:505)
	at java.base/java.lang.ProcessImpl.start(ProcessImpl.java:158)
	at java.base/java.lang.ProcessBuilder.start(ProcessBuilder.java:1110)
	... 24 common frames omitted
2026-03-14 10:36:15,492{GMT}	WARN	[clojure-agent-send-off-pool-6] jepsen.checker: Error while checking history:
java.lang.IllegalStateException: Error rendering plot, verify gnuplot is installed and reachable
	at jepsen.checker.perf$plot_BANG_.invokeStatic(perf.clj:494)
	at jepsen.checker.perf$plot_BANG_.invoke(perf.clj:431)
	at jepsen.checker.perf$point_graph_BANG_.invokeStatic(perf.clj:525)
	at jepsen.checker.perf$point_graph_BANG_.invoke(perf.clj:498)
	at jepsen.checker$latency_graph$reify__11306.check(checker.clj:832)
	at jepsen.checker$check_safe.invokeStatic(checker.clj:88)
	at jepsen.checker$check_safe.invoke(checker.clj:80)
	at jepsen.checker$compose$reify__11089$fn__11091.invoke(checker.clj:104)
	at clojure.core$pmap$fn__8582$fn__8583.invoke(core.clj:7169)
	at clojure.core$binding_conveyor_fn$fn__5842.invoke(core.clj:2047)
	at clojure.lang.AFn.call(AFn.java:18)
	at java.base/java.util.concurrent.FutureTask.run(FutureTask.java:264)
	at java.base/java.util.concurrent.ThreadPoolExecutor.runWorker(ThreadPoolExecutor.java:1136)
	at java.base/java.util.concurrent.ThreadPoolExecutor$Worker.run(ThreadPoolExecutor.java:635)
	at java.base/java.lang.Thread.run(Thread.java:840)
Caused by: java.io.IOException: Cannot run program "gnuplot": CreateProcess error=2, 炵苀梑祥善硌隅腔恅璃﹝
	at java.base/java.lang.ProcessBuilder.start(ProcessBuilder.java:1143)
	at java.base/java.lang.ProcessBuilder.start(ProcessBuilder.java:1073)
	at java.base/java.lang.Runtime.exec(Runtime.java:594)
	at clojure.java.shell$sh.invokeStatic(shell.clj:113)
	at clojure.java.shell$sh.doInvoke(shell.clj:79)
	at clojure.lang.RestFn.invoke(RestFn.java:515)
	at gnuplot.core$run_BANG_.invokeStatic(core.clj:76)
	at gnuplot.core$run_BANG_.invoke(core.clj:66)
	at gnuplot.core$raw_plot_BANG_.invokeStatic(core.clj:106)
	at gnuplot.core$raw_plot_BANG_.invoke(core.clj:91)
	... 15 common frames omitted
Caused by: java.io.IOException: CreateProcess error=2, 炵苀梑祥善硌隅腔恅璃﹝
	at java.base/java.lang.ProcessImpl.create(Native Method)
	at java.base/java.lang.ProcessImpl.<init>(ProcessImpl.java:505)
	at java.base/java.lang.ProcessImpl.start(ProcessImpl.java:158)
	at java.base/java.lang.ProcessBuilder.start(ProcessBuilder.java:1110)
	... 24 common frames omitted
2026-03-14 10:36:15,546{GMT}	INFO	[clojure-agent-send-pool-0] jepsen.independent: Wrote D:\java tool\IDEA project\omnipaxos-app\store\lin-kv\20260314T103603.093+0100\independent\0\results.edn
2026-03-14 10:36:15,561{GMT}	INFO	[clojure-agent-send-pool-0] jepsen.independent: Wrote D:\java tool\IDEA project\omnipaxos-app\store\lin-kv\20260314T103603.093+0100\independent\0\history.edn
2026-03-14 10:36:15,561{GMT}	INFO	[jepsen test runner] jepsen.core: Analysis complete
2026-03-14 10:36:15,592{GMT}	INFO	[jepsen results] jepsen.store: Wrote D:\java tool\IDEA project\omnipaxos-app\store\lin-kv\20260314T103603.093+0100\results.edn
2026-03-14 10:36:15,612{GMT}	INFO	[jepsen test runner] jepsen.core: {:perf {:latency-graph {:valid? :unknown,
                        :error {:via [{:type java.lang.IllegalStateException,
                                       :message "Error rendering plot, verify gnuplot is installed and reachable",
                                       :at [jepsen.checker.perf$plot_BANG_
                                            invokeStatic
                                            "perf.clj"
                                            494]}
                                      {:type java.io.IOException,
                                       :message "Cannot run program \"gnuplot\": CreateProcess error=2, 炵苀梑祥善硌隅腔恅璃﹝",
                                       :at [java.lang.ProcessBuilder
                                            start
                                            "ProcessBuilder.java"
                                            1143]}
                                      {:type java.io.IOException,
                                       :message "CreateProcess error=2, 炵苀梑祥善硌隅腔恅璃﹝",
                                       :at [java.lang.ProcessImpl
                                            create
                                            "ProcessImpl.java"
                                            -2]}],
                                :trace [[java.lang.ProcessImpl
                                         create
                                         "ProcessImpl.java"
                                         -2]
                                        [java.lang.ProcessImpl
                                         <init>
                                         "ProcessImpl.java"
                                         505]
                                        [java.lang.ProcessImpl
                                         start
                                         "ProcessImpl.java"
                                         158]
                                        [java.lang.ProcessBuilder
                                         start
                                         "ProcessBuilder.java"
                                         1110]
                                        [java.lang.ProcessBuilder
                                         start
                                         "ProcessBuilder.java"
                                         1073]
                                        [java.lang.Runtime
                                         exec
                                         "Runtime.java"
                                         594]
                                        [clojure.java.shell$sh
                                         invokeStatic
                                         "shell.clj"
                                         113]
                                        [clojure.java.shell$sh
                                         doInvoke
                                         "shell.clj"
                                         79]
                                        [clojure.lang.RestFn
                                         invoke
                                         "RestFn.java"
                                         515]
                                        [gnuplot.core$run_BANG_
                                         invokeStatic
                                         "core.clj"
                                         76]
                                        [gnuplot.core$run_BANG_
                                         invoke
                                         "core.clj"
                                         66]
                                        [gnuplot.core$raw_plot_BANG_
                                         invokeStatic
                                         "core.clj"
                                         106]
                                        [gnuplot.core$raw_plot_BANG_
                                         invoke
                                         "core.clj"
                                         91]
                                        [jepsen.checker.perf$plot_BANG_
                                         invokeStatic
                                         "perf.clj"
                                         494]
                                        [jepsen.checker.perf$plot_BANG_
                                         invoke
                                         "perf.clj"
                                         431]
                                        [jepsen.checker.perf$point_graph_BANG_
                                         invokeStatic
                                         "perf.clj"
                                         525]
                                        [jepsen.checker.perf$point_graph_BANG_
                                         invoke
                                         "perf.clj"
                                         498]
                                        [jepsen.checker$latency_graph$reify__11306
                                         check
                                         "checker.clj"
                                         832]
                                        [jepsen.checker$check_safe
                                         invokeStatic
                                         "checker.clj"
                                         88]
                                        [jepsen.checker$check_safe
                                         invoke
                                         "checker.clj"
                                         80]
                                        [jepsen.checker$compose$reify__11089$fn__11091
                                         invoke
                                         "checker.clj"
                                         104]
                                        [clojure.core$pmap$fn__8582$fn__8583
                                         invoke
                                         "core.clj"
                                         7169]
                                        [clojure.core$binding_conveyor_fn$fn__5842
                                         invoke
                                         "core.clj"
                                         2047]
                                        [clojure.lang.AFn
                                         call
                                         "AFn.java"
                                         18]
                                        [java.util.concurrent.FutureTask
                                         run
                                         "FutureTask.java"
                                         264]
                                        [java.util.concurrent.ThreadPoolExecutor
                                         runWorker
                                         "ThreadPoolExecutor.java"
                                         1136]
                                        [java.util.concurrent.ThreadPoolExecutor$Worker
                                         run
                                         "ThreadPoolExecutor.java"
                                         635]
                                        [java.lang.Thread
                                         run
                                         "Thread.java"
                                         840]],
                                :cause "CreateProcess error=2, 炵苀梑祥善硌隅腔恅璃﹝"}},
        :rate-graph {:valid? :unknown,
                     :error {:via [{:type java.lang.IllegalStateException,
                                    :message "Error rendering plot, verify gnuplot is installed and reachable",
                                    :at [jepsen.checker.perf$plot_BANG_
                                         invokeStatic
                                         "perf.clj"
                                         494]}
                                   {:type java.io.IOException,
                                    :message "Cannot run program \"gnuplot\": CreateProcess error=2, 炵苀梑祥善硌隅腔恅璃﹝",
                                    :at [java.lang.ProcessBuilder
                                         start
                                         "ProcessBuilder.java"
                                         1143]}
                                   {:type java.io.IOException,
                                    :message "CreateProcess error=2, 炵苀梑祥善硌隅腔恅璃﹝",
                                    :at [java.lang.ProcessImpl
                                         create
                                         "ProcessImpl.java"
                                         -2]}],
                             :trace [[java.lang.ProcessImpl
                                      create
                                      "ProcessImpl.java"
                                      -2]
                                     [java.lang.ProcessImpl
                                      <init>
                                      "ProcessImpl.java"
                                      505]
                                     [java.lang.ProcessImpl
                                      start
                                      "ProcessImpl.java"
                                      158]
                                     [java.lang.ProcessBuilder
                                      start
                                      "ProcessBuilder.java"
                                      1110]
                                     [java.lang.ProcessBuilder
                                      start
                                      "ProcessBuilder.java"
                                      1073]
                                     [java.lang.Runtime
                                      exec
                                      "Runtime.java"
                                      594]
                                     [clojure.java.shell$sh
                                      invokeStatic
                                      "shell.clj"
                                      113]
                                     [clojure.java.shell$sh
                                      doInvoke
                                      "shell.clj"
                                      79]
                                     [clojure.lang.RestFn
                                      invoke
                                      "RestFn.java"
                                      515]
                                     [gnuplot.core$run_BANG_
                                      invokeStatic
                                      "core.clj"
                                      76]
                                     [gnuplot.core$run_BANG_
                                      invoke
                                      "core.clj"
                                      66]
                                     [gnuplot.core$raw_plot_BANG_
                                      invokeStatic
                                      "core.clj"
                                      106]
                                     [gnuplot.core$raw_plot_BANG_
                                      invoke
                                      "core.clj"
                                      91]
                                     [jepsen.checker.perf$plot_BANG_
                                      invokeStatic
                                      "perf.clj"
                                      494]
                                     [jepsen.checker.perf$plot_BANG_
                                      invoke
                                      "perf.clj"
                                      431]
                                     [jepsen.checker.perf$rate_graph_BANG_
                                      invokeStatic
                                      "perf.clj"
                                      628]
                                     [jepsen.checker.perf$rate_graph_BANG_
                                      invoke
                                      "perf.clj"
                                      573]
                                     [jepsen.checker$rate_graph$reify__11309
                                      check
                                      "checker.clj"
                                      845]
                                     [jepsen.checker$check_safe
                                      invokeStatic
                                      "checker.clj"
                                      88]
                                     [jepsen.checker$check_safe
                                      invoke
                                      "checker.clj"
                                      80]
                                     [jepsen.checker$compose$reify__11089$fn__11091
                                      invoke
                                      "checker.clj"
                                      104]
                                     [clojure.core$pmap$fn__8582$fn__8583
                                      invoke
                                      "core.clj"
                                      7169]
                                     [clojure.core$binding_conveyor_fn$fn__5842
                                      invoke
                                      "core.clj"
                                      2047]
                                     [clojure.lang.AFn
                                      call
                                      "AFn.java"
                                      18]
                                     [java.util.concurrent.FutureTask
                                      run
                                      "FutureTask.java"
                                      264]
                                     [java.util.concurrent.ThreadPoolExecutor
                                      runWorker
                                      "ThreadPoolExecutor.java"
                                      1136]
                                     [java.util.concurrent.ThreadPoolExecutor$Worker
                                      run
                                      "ThreadPoolExecutor.java"
                                      635]
                                     [java.lang.Thread
                                      run
                                      "Thread.java"
                                      840]],
                             :cause "CreateProcess error=2, 炵苀梑祥善硌隅腔恅璃﹝"}},
        :valid? :unknown},
 :timeline {:valid? true},
 :exceptions {:valid? true},
 :stats {:valid? true,
         :count 46,
         :ok-count 19,
         :fail-count 27,
         :info-count 0,
         :by-f {:cas {:valid? true,
                      :count 19,
                      :ok-count 3,
                      :fail-count 16,
                      :info-count 0},
                :read {:valid? true,
                       :count 21,
                       :ok-count 10,
                       :fail-count 11,
                       :info-count 0},
                :write {:valid? true,
                        :count 6,
                        :ok-count 6,
                        :fail-count 0,
                        :info-count 0}}},
 :availability {:valid? true, :ok-fraction 0.41304347},
 :net {:all {:send-count 98,
             :recv-count 98,
             :msg-count 98,
             :msgs-per-op 2.1304348},
       :clients {:send-count 98, :recv-count 98, :msg-count 98},
       :servers {:send-count 0,
                 :recv-count 0,
                 :msg-count 0,
                 :msgs-per-op 0.0},
       :valid? true},
 :workload {:valid? true,
            :results {0 {:linearizable {:valid? true,
                                        :configs ({:model #knossos.model.CASRegister{:value 0},
                                                   :last-op {:process 3,
                                                             :type :ok,
                                                             :f :cas,
                                                             :value [2
                                                                     0],
                                                             :index 91,
                                                             :time 9968195100},
                                                   :pending []}),
                                        :final-paths ()},
                         :timeline {:valid? true},
                         :valid? true}},
            :failures []},
 :valid? :unknown}


Errors occurred during analysis, but no anomalies found. ?~?
