2026-03-14 10:27:03,437{GMT}	INFO	[jepsen test runner] jepsen.core: Test version e0ff92ff78176b78d4da1b0ffb8afc4be0fa2c31 (plus uncommitted changes)
2026-03-14 10:27:03,451{GMT}	INFO	[jepsen test runner] jepsen.core: Command line:
lein run test --workload lin-kv --bin "target\\debug\\server.exe" --node-count 3 --time-limit 10
2026-03-14 10:27:03,499{GMT}	INFO	[jepsen test runner] jepsen.core: Running test:
{:args []
 :remote
 #jepsen.control.retry.Remote{:remote #jepsen.control.scp.Remote{:cmd-remote #jepsen.control.sshj.SSHJRemote{:concurrency-limit 6,
                                                                                                             :conn-spec nil,
                                                                                                             :client nil,
                                                                                                             :semaphore nil},
                                                                 :conn-spec nil},
                              :conn nil}
 :log-net-send false
 :node-count 3
 :availability nil
 :max-txn-length 4
 :concurrency 3
 :db
 #object[maelstrom.db$db$reify__16612
         "0x6ca95b1e"
         "maelstrom.db$db$reify__16612@6ca95b1e"]
 :max-writes-per-key 16
 :leave-db-running? false
 :name "lin-kv"
 :logging-json? false
 :start-time
 #object[org.joda.time.DateTime "0x550482aa" "2026-03-14T10:27:03.365+01:00"]
 :nemesis-interval 10
 :net
 #object[maelstrom.net$jepsen_net$reify__15721
         "0x2b7b6f58"
         "maelstrom.net$jepsen_net$reify__15721@2b7b6f58"]
 :client
 #object[maelstrom.workload.lin_kv$client$reify__20973
         "0x2dc4b58a"
         "maelstrom.workload.lin_kv$client$reify__20973@2dc4b58a"]
 :barrier
 #object[java.util.concurrent.CyclicBarrier
         "0x44cd3ea9"
         "java.util.concurrent.CyclicBarrier@44cd3ea9"]
 :log-stderr false
 :pure-generators true
 :ssh {:dummy? true}
 :rate 5
 :checker
 #object[jepsen.checker$compose$reify__11089
         "0x352df548"
         "jepsen.checker$compose$reify__11089@352df548"]
 :argv
 ("test"
  "--workload"
  "lin-kv"
  "--bin"
  "target\\debug\\server.exe"
  "--node-count"
  "3"
  "--time-limit"
  "10")
 :nemesis
 (jepsen.nemesis.ReflCompose
  {:fm {:start-partition 0,
        :stop-partition 0,
        :kill 1,
        :start 1,
        :pause 1,
        :resume 1},
   :nemeses [#unprintable "jepsen.nemesis.combined$partition_nemesis$reify__16905@45dc4d1a"
             #unprintable "jepsen.nemesis.combined$db_nemesis$reify__16886@4dbcc8ce"]})
 :nodes ["n0" "n1" "n2"]
 :test-count 1
 :latency {:mean 0, :dist :constant}
 :bin "target\\debug\\server.exe"
 :generator
 #object[jepsen.util.Forgettable
         "0x245155b8"
         (jepsen.generator.TimeLimit
          {:limit 10000000000,
           :cutoff nil,
           :gen (jepsen.generator.Any
                 {:gens [(jepsen.generator.OnThreads
                          {:f #{:nemesis},
                           :context-filter #object[jepsen.generator.context$make_thread_filter$lazy_filter__12077
                                                   "0x3f96ef2"
                                                   "jepsen.generator.context$make_thread_filter$lazy_filter__12077@3f96ef2"],
                           :gen nil})
                         (jepsen.generator.OnThreads
                          {:f #jepsen.generator.context.AllBut{:element :nemesis},
                           :context-filter #object[jepsen.generator.context$make_thread_filter$lazy_filter__12077
                                                   "0x12039ae0"
                                                   "jepsen.generator.context$make_thread_filter$lazy_filter__12077@12039ae0"],
                           :gen (jepsen.generator.Stagger
                                 {:dt 400000000,
                                  :next-time nil,
                                  :gen (jepsen.generator.OnThreads
                                        {:f #jepsen.generator.context.AllBut{:element :nemesis},
                                         :context-filter #object[jepsen.generator.context$make_thread_filter$lazy_filter__12077
                                                                 "0x1fb320de"
                                                                 "jepsen.generator.context$make_thread_filter$lazy_filter__12077@1fb320de"],
                                         :gen (jepsen.independent.ConcurrentGenerator
                                               {:n 6,
                                                :fgen #object[jepsen.tests.linearizable_register$test$fn__17385
                                                              "0x633e4742"
                                                              "jepsen.tests.linearizable_register$test$fn__17385@633e4742"],
                                                :group->threads nil,
                                                :thread->group nil,
                                                :group->context-filter nil,
                                                :keys (0 1 2 3 4 5 6 7 ...),
                                                :gens nil})})})})]})})]
 :log-net-recv false
 :os
 #object[maelstrom.net$jepsen_os$reify__15724
         "0x25a2702c"
         "maelstrom.net$jepsen_os$reify__15724@25a2702c"]
 :time-limit 10
 :workload :lin-kv
 :consistency-models [:strict-serializable]
 :topology :grid}

2026-03-14 10:27:04,617{GMT}	INFO	[jepsen node n0] maelstrom.net: Starting Maelstrom network
2026-03-14 10:27:04,618{GMT}	INFO	[jepsen test runner] jepsen.db: Tearing down DB
2026-03-14 10:27:04,620{GMT}	INFO	[jepsen test runner] jepsen.db: Setting up DB
2026-03-14 10:27:04,621{GMT}	INFO	[jepsen node n1] maelstrom.db: Setting up n1
2026-03-14 10:27:04,621{GMT}	INFO	[jepsen node n2] maelstrom.db: Setting up n2
2026-03-14 10:27:04,623{GMT}	INFO	[jepsen node n0] maelstrom.service: Starting services: (lin-kv lin-tso lww-kv seq-kv)
2026-03-14 10:27:04,623{GMT}	INFO	[jepsen node n2] maelstrom.process: launching target\debug\server.exe []
2026-03-14 10:27:04,622{GMT}	INFO	[jepsen node n1] maelstrom.process: launching target\debug\server.exe []
2026-03-14 10:27:04,625{GMT}	INFO	[jepsen node n0] maelstrom.db: Setting up n0
2026-03-14 10:27:04,633{GMT}	INFO	[jepsen node n0] maelstrom.process: launching target\debug\server.exe []
2026-03-14 10:27:04,662{GMT}	INFO	[jepsen test runner] jepsen.core: Relative time begins now
2026-03-14 10:27:04,704{GMT}	INFO	[jepsen node n0] maelstrom.db: Tearing down n0
2026-03-14 10:27:04,704{GMT}	INFO	[jepsen node n1] maelstrom.db: Tearing down n1
2026-03-14 10:27:04,704{GMT}	INFO	[jepsen node n2] maelstrom.db: Tearing down n2
2026-03-14 10:27:06,657{GMT}	INFO	[jepsen node n0] maelstrom.net: Shutting down Maelstrom network
2026-03-14 10:27:06,669{GMT}	WARN	[jepsen test runner] jepsen.core: Test crashed!
clojure.lang.ExceptionInfo: Generator threw java.lang.AssertionError - Assert failed: With 3 worker threads, this jepsen.concurrent/concurrent-generator cannot run a key with 6 threads concurrently. Consider raising your test's :concurrency to at least 6.
(<= group-size thread-count) when asked for an operation. Generator:
jepsen.generator.TimeLimit{
  :limit 10000000000,
  :cutoff nil,
  :gen jepsen.generator.Any{
    :gens [jepsen.generator.OnThreads{
             :f #{:nemesis},
             :context-filter #object[jepsen.generator.context$make_thread_filter$lazy_filter__12077 0x3f96ef2 "jepsen.generator.context$make_thread_filter$lazy_filter__12077@3f96ef2"],
             :gen nil}
           jepsen.generator.OnThreads{
             :f {:element :nemesis},
             :context-filter #object[jepsen.generator.context$make_thread_filter$lazy_filter__12077 0x12039ae0 "jepsen.generator.context$make_thread_filter$lazy_filter__12077@12039ae0"],
             :gen jepsen.generator.Stagger{
               :dt 400000000,
               :next-time nil,
               :gen jepsen.generator.OnThreads{
                 :f {:element :nemesis},
                 :context-filter #object[jepsen.generator.context$make_thread_filter$lazy_filter__12077 0x1fb320de "jepsen.generator.context$make_thread_filter$lazy_filter__12077@1fb320de"],
                 :gen jepsen.independent.ConcurrentGenerator{
                   :n 6,
                   :fgen #object[jepsen.tests.linearizable_register$test$fn__17385 0x633e4742 "jepsen.tests.linearizable_register$test$fn__17385@633e4742"],
                   :group->threads nil,
                   :thread->group nil,
                   :group->context-filter nil,
                   :keys (0 1 2 3 4 5 6 7 8 9 ...),
                   :gens nil}}}}]}}

Context:

{:time 5538500,
 :next-thread-index 0,
 :translation-table
 {:int-thread-count 3,
  :named-threads [:nemesis],
  :named-thread->index {:nemesis 0}},
 :all-threads #{0 1 2 3},
 :free-threads #{0 1 2 3},
 :thread-index->process [0 1 2 :nemesis],
 :process->thread {0 0, 1 1, 2 2, :nemesis :nemesis},
 :ext-map {}}

	at slingshot.support$stack_trace.invoke(support.clj:201)
	at jepsen.generator.FriendlyExceptions.op(generator.clj:716)
	at jepsen.generator.Validate.op(generator.clj:655)
	at jepsen.generator.interpreter$run_BANG_.invokeStatic(interpreter.clj:262)
	at jepsen.generator.interpreter$run_BANG_.invoke(interpreter.clj:184)
	at jepsen.core$run_case_BANG_.invokeStatic(core.clj:213)
	at jepsen.core$run_case_BANG_.invoke(core.clj:208)
	at jepsen.core$run_BANG_$fn__13912$fn__13915$fn__13920.invoke(core.clj:402)
	at jepsen.core$run_BANG_$fn__13912$fn__13915.invoke(core.clj:400)
	at jepsen.core$run_BANG_$fn__13912.invoke(core.clj:398)
	at jepsen.core$run_BANG_.invokeStatic(core.clj:396)
	at jepsen.core$run_BANG_.invoke(core.clj:322)
	at jepsen.cli$single_test_cmd$fn__15082.invoke(cli.clj:396)
	at jepsen.cli$run_BANG_.invokeStatic(cli.clj:329)
	at jepsen.cli$run_BANG_.invoke(cli.clj:258)
	at maelstrom.core$_main.invokeStatic(core.clj:269)
	at maelstrom.core$_main.doInvoke(core.clj:267)
	at clojure.lang.RestFn.applyTo(RestFn.java:140)
	at maelstrom.core.main(Unknown Source)
Caused by: java.lang.AssertionError: Assert failed: With 3 worker threads, this jepsen.concurrent/concurrent-generator cannot run a key with 6 threads concurrently. Consider raising your test's :concurrency to at least 6.
(<= group-size thread-count)
	at jepsen.independent$group_threads.invokeStatic(independent.clj:63)
	at jepsen.independent$group_threads.invoke(independent.clj:55)
	at jepsen.independent$make_group__GT_threads.invokeStatic(independent.clj:88)
	at jepsen.independent$make_group__GT_threads.invoke(independent.clj:84)
	at jepsen.independent.ConcurrentGenerator.op(independent.clj:132)
	at jepsen.generator.OnThreads.op(generator.clj:885)
	at jepsen.generator.Stagger.op(generator.clj:1406)
	at jepsen.generator.OnThreads.op(generator.clj:885)
	at jepsen.generator.Any$fn__12505.invoke(generator.clj:956)
	at clojure.core$map_indexed$mapi__8680$fn__8681.invoke(core.clj:7500)
	at clojure.lang.LazySeq.force(LazySeq.java:50)
	at clojure.lang.LazySeq.realize(LazySeq.java:89)
	at clojure.lang.LazySeq.seq(LazySeq.java:106)
	at clojure.lang.RT.seq(RT.java:555)
	at clojure.core$seq__5486.invokeStatic(core.clj:139)
	at clojure.core.protocols$seq_reduce.invokeStatic(protocols.clj:24)
	at clojure.core.protocols$fn__8262.invokeStatic(protocols.clj:74)
	at clojure.core.protocols$fn__8262.invoke(protocols.clj:74)
	at clojure.core.protocols$fn__8203$G__8198__8216.invoke(protocols.clj:13)
	at clojure.core$reduce.invokeStatic(core.clj:6965)
	at clojure.core$reduce.invoke(core.clj:6947)
	at jepsen.generator.Any.op(generator.clj:960)
	at jepsen.generator.TimeLimit.op(generator.clj:1380)
	at jepsen.generator.FriendlyExceptions.op(generator.clj:713)
	... 17 common frames omitted
