2026-03-14 14:18:50,446{GMT}	INFO	[jepsen test runner] jepsen.core: Test version e0ff92ff78176b78d4da1b0ffb8afc4be0fa2c31 (plus uncommitted changes)
2026-03-14 14:18:50,451{GMT}	INFO	[jepsen test runner] jepsen.core: Command line:
lein run test --workload lin-kv --bin "D:\\java tool\\IDEA project\\omnipaxos-app\\target\\debug\\server.exe" --node-count 1 --concurrency 2 --time-limit 10
2026-03-14 14:18:50,504{GMT}	INFO	[jepsen test runner] jepsen.core: Running test:
{:args []
 :remote
 #jepsen.control.retry.Remote{:remote #jepsen.control.scp.Remote{:cmd-remote #jepsen.control.sshj.SSHJRemote{:concurrency-limit 6,
                                                                                                             :conn-spec nil,
                                                                                                             :client nil,
                                                                                                             :semaphore nil},
                                                                 :conn-spec nil},
                              :conn nil}
 :log-net-send false
 :node-count 1
 :availability nil
 :max-txn-length 4
 :concurrency 2
 :db
 #object[maelstrom.db$db$reify__16612
         "0x428943a4"
         "maelstrom.db$db$reify__16612@428943a4"]
 :max-writes-per-key 16
 :leave-db-running? false
 :name "lin-kv"
 :logging-json? false
 :start-time
 #object[org.joda.time.DateTime "0x73534675" "2026-03-14T14:18:50.352+01:00"]
 :nemesis-interval 10
 :net
 #object[maelstrom.net$jepsen_net$reify__15721
         "0x550482aa"
         "maelstrom.net$jepsen_net$reify__15721@550482aa"]
 :client
 #object[maelstrom.workload.lin_kv$client$reify__20973
         "0x2b7b6f58"
         "maelstrom.workload.lin_kv$client$reify__20973@2b7b6f58"]
 :barrier
 #object[java.util.concurrent.CyclicBarrier
         "0x2dc4b58a"
         "java.util.concurrent.CyclicBarrier@2dc4b58a"]
 :log-stderr false
 :pure-generators true
 :ssh {:dummy? true}
 :rate 5
 :checker
 #object[jepsen.checker$compose$reify__11089
         "0x44cd3ea9"
         "jepsen.checker$compose$reify__11089@44cd3ea9"]
 :argv
 ("test"
  "--workload"
  "lin-kv"
  "--bin"
  "D:\\java tool\\IDEA project\\omnipaxos-app\\target\\debug\\server.exe"
  "--node-count"
  "1"
  "--concurrency"
  "2"
  "--time-limit"
  "10")
 :nemesis
 (jepsen.nemesis.ReflCompose
  {:fm {:start-partition 0,
        :stop-partition 0,
        :kill 1,
        :start 1,
        :pause 1,
        :resume 1},
   :nemeses [#unprintable "jepsen.nemesis.combined$partition_nemesis$reify__16905@352df548"
             #unprintable "jepsen.nemesis.combined$db_nemesis$reify__16886@45dc4d1a"]})
 :nodes ["n0"]
 :test-count 1
 :latency {:mean 0, :dist :constant}
 :bin "D:\\java tool\\IDEA project\\omnipaxos-app\\target\\debug\\server.exe"
 :generator
 #object[jepsen.util.Forgettable
         "0x2495a351"
         (jepsen.generator.TimeLimit
          {:limit 10000000000,
           :cutoff nil,
           :gen (jepsen.generator.Any
                 {:gens [(jepsen.generator.OnThreads
                          {:f #{:nemesis},
                           :context-filter #object[jepsen.generator.context$make_thread_filter$lazy_filter__12077
                                                   "0x2f9a7d6f"
                                                   "jepsen.generator.context$make_thread_filter$lazy_filter__12077@2f9a7d6f"],
                           :gen nil})
                         (jepsen.generator.OnThreads
                          {:f #jepsen.generator.context.AllBut{:element :nemesis},
                           :context-filter #object[jepsen.generator.context$make_thread_filter$lazy_filter__12077
                                                   "0x3f96ef2"
                                                   "jepsen.generator.context$make_thread_filter$lazy_filter__12077@3f96ef2"],
                           :gen (jepsen.generator.Stagger
                                 {:dt 400000000,
                                  :next-time nil,
                                  :gen (jepsen.generator.OnThreads
                                        {:f #jepsen.generator.context.AllBut{:element :nemesis},
                                         :context-filter #object[jepsen.generator.context$make_thread_filter$lazy_filter__12077
                                                                 "0x12039ae0"
                                                                 "jepsen.generator.context$make_thread_filter$lazy_filter__12077@12039ae0"],
                                         :gen (jepsen.independent.ConcurrentGenerator
                                               {:n 2,
                                                :fgen #object[jepsen.tests.linearizable_register$test$fn__17385
                                                              "0x1fb320de"
                                                              "jepsen.tests.linearizable_register$test$fn__17385@1fb320de"],
                                                :group->threads nil,
                                                :thread->group nil,
                                                :group->context-filter nil,
                                                :keys (0 1 2 3 4 5 6 7 ...),
                                                :gens nil})})})})]})})]
 :log-net-recv false
 :os
 #object[maelstrom.net$jepsen_os$reify__15724
         "0x2bf83b29"
         "maelstrom.net$jepsen_os$reify__15724@2bf83b29"]
 :time-limit 10
 :workload :lin-kv
 :consistency-models [:strict-serializable]
 :topology :grid}

2026-03-14 14:18:51,614{GMT}	INFO	[jepsen node n0] maelstrom.net: Starting Maelstrom network
2026-03-14 14:18:51,618{GMT}	INFO	[jepsen test runner] jepsen.db: Tearing down DB
2026-03-14 14:18:51,618{GMT}	INFO	[jepsen test runner] jepsen.db: Setting up DB
2026-03-14 14:18:51,618{GMT}	INFO	[jepsen node n0] maelstrom.service: Starting services: (lin-kv lin-tso lww-kv seq-kv)
2026-03-14 14:18:51,622{GMT}	INFO	[jepsen node n0] maelstrom.db: Setting up n0
2026-03-14 14:18:51,622{GMT}	INFO	[jepsen node n0] maelstrom.process: launching D:\java tool\IDEA project\omnipaxos-app\target\debug\server.exe []
2026-03-14 14:18:51,644{GMT}	INFO	[jepsen test runner] jepsen.core: Relative time begins now
2026-03-14 14:18:51,661{GMT}	INFO	[jepsen worker 0] jepsen.util: 0	:invoke	:read	[0 nil]
2026-03-14 14:18:51,669{GMT}	INFO	[jepsen worker 0] jepsen.util: 0	:fail	:read	[0 nil]	[:key-does-not-exist "key does not exist"]
2026-03-14 14:18:51,737{GMT}	INFO	[jepsen worker 1] jepsen.util: 1	:invoke	:cas	[0 [2 2]]
2026-03-14 14:18:51,741{GMT}	INFO	[jepsen worker 1] jepsen.util: 1	:fail	:cas	[0 [2 2]]	[:key-does-not-exist "key does not exist"]
2026-03-14 14:18:51,999{GMT}	INFO	[jepsen worker 0] jepsen.util: 0	:invoke	:read	[0 nil]
2026-03-14 14:18:52,003{GMT}	INFO	[jepsen worker 0] jepsen.util: 0	:fail	:read	[0 nil]	[:key-does-not-exist "key does not exist"]
2026-03-14 14:18:52,163{GMT}	INFO	[jepsen worker 0] jepsen.util: 0	:invoke	:read	[0 nil]
2026-03-14 14:18:52,167{GMT}	INFO	[jepsen worker 0] jepsen.util: 0	:fail	:read	[0 nil]	[:key-does-not-exist "key does not exist"]
2026-03-14 14:18:52,252{GMT}	INFO	[jepsen worker 0] jepsen.util: 0	:invoke	:read	[0 nil]
2026-03-14 14:18:52,256{GMT}	INFO	[jepsen worker 0] jepsen.util: 0	:fail	:read	[0 nil]	[:key-does-not-exist "key does not exist"]
2026-03-14 14:18:52,298{GMT}	INFO	[jepsen worker 0] jepsen.util: 0	:invoke	:read	[0 nil]
2026-03-14 14:18:52,302{GMT}	INFO	[jepsen worker 0] jepsen.util: 0	:fail	:read	[0 nil]	[:key-does-not-exist "key does not exist"]
2026-03-14 14:18:52,644{GMT}	INFO	[jepsen worker 0] jepsen.util: 0	:invoke	:read	[0 nil]
2026-03-14 14:18:52,648{GMT}	INFO	[jepsen worker 0] jepsen.util: 0	:fail	:read	[0 nil]	[:key-does-not-exist "key does not exist"]
2026-03-14 14:18:52,950{GMT}	INFO	[jepsen worker 0] jepsen.util: 0	:invoke	:read	[0 nil]
2026-03-14 14:18:52,954{GMT}	INFO	[jepsen worker 0] jepsen.util: 0	:fail	:read	[0 nil]	[:key-does-not-exist "key does not exist"]
2026-03-14 14:18:53,148{GMT}	INFO	[jepsen worker 0] jepsen.util: 0	:invoke	:read	[0 nil]
2026-03-14 14:18:53,152{GMT}	INFO	[jepsen worker 0] jepsen.util: 0	:fail	:read	[0 nil]	[:key-does-not-exist "key does not exist"]
2026-03-14 14:18:53,373{GMT}	INFO	[jepsen worker 0] jepsen.util: 0	:invoke	:read	[0 nil]
2026-03-14 14:18:53,378{GMT}	INFO	[jepsen worker 0] jepsen.util: 0	:fail	:read	[0 nil]	[:key-does-not-exist "key does not exist"]
2026-03-14 14:18:53,757{GMT}	INFO	[jepsen worker 1] jepsen.util: 1	:invoke	:cas	[0 [3 3]]
2026-03-14 14:18:53,757{GMT}	INFO	[jepsen worker 1] jepsen.util: 1	:fail	:cas	[0 [3 3]]	[:key-does-not-exist "key does not exist"]
2026-03-14 14:18:54,086{GMT}	INFO	[jepsen worker 1] jepsen.util: 1	:invoke	:cas	[0 [1 4]]
2026-03-14 14:18:54,089{GMT}	INFO	[jepsen worker 1] jepsen.util: 1	:fail	:cas	[0 [1 4]]	[:key-does-not-exist "key does not exist"]
2026-03-14 14:18:54,409{GMT}	INFO	[jepsen worker 1] jepsen.util: 1	:invoke	:cas	[0 [2 2]]
2026-03-14 14:18:54,410{GMT}	INFO	[jepsen worker 1] jepsen.util: 1	:fail	:cas	[0 [2 2]]	[:key-does-not-exist "key does not exist"]
2026-03-14 14:18:54,553{GMT}	INFO	[jepsen worker 0] jepsen.util: 0	:invoke	:read	[0 nil]
2026-03-14 14:18:54,557{GMT}	INFO	[jepsen worker 0] jepsen.util: 0	:fail	:read	[0 nil]	[:key-does-not-exist "key does not exist"]
2026-03-14 14:18:54,713{GMT}	INFO	[jepsen worker 1] jepsen.util: 1	:invoke	:write	[0 4]
2026-03-14 14:18:54,717{GMT}	INFO	[jepsen worker 1] jepsen.util: 1	:ok	:write	[0 4]
2026-03-14 14:18:55,015{GMT}	INFO	[jepsen worker 0] jepsen.util: 0	:invoke	:read	[0 nil]
2026-03-14 14:18:55,015{GMT}	INFO	[jepsen worker 0] jepsen.util: 0	:ok	:read	[0 4]
2026-03-14 14:18:55,327{GMT}	INFO	[jepsen worker 1] jepsen.util: 1	:invoke	:cas	[0 [4 2]]
2026-03-14 14:18:55,331{GMT}	INFO	[jepsen worker 1] jepsen.util: 1	:ok	:cas	[0 [4 2]]
2026-03-14 14:18:55,630{GMT}	INFO	[jepsen worker 0] jepsen.util: 0	:invoke	:read	[0 nil]
2026-03-14 14:18:55,638{GMT}	INFO	[jepsen worker 0] jepsen.util: 0	:ok	:read	[0 2]
2026-03-14 14:18:55,750{GMT}	INFO	[jepsen worker 0] jepsen.util: 0	:invoke	:read	[0 nil]
2026-03-14 14:18:55,754{GMT}	INFO	[jepsen worker 0] jepsen.util: 0	:ok	:read	[0 2]
2026-03-14 14:18:55,842{GMT}	INFO	[jepsen worker 0] jepsen.util: 0	:invoke	:read	[0 nil]
2026-03-14 14:18:55,851{GMT}	INFO	[jepsen worker 0] jepsen.util: 0	:ok	:read	[0 2]
2026-03-14 14:18:56,064{GMT}	INFO	[jepsen worker 1] jepsen.util: 1	:invoke	:cas	[0 [3 4]]
2026-03-14 14:18:56,068{GMT}	INFO	[jepsen worker 1] jepsen.util: 1	:fail	:cas	[0 [3 4]]	[:precondition-failed "precondition failed"]
2026-03-14 14:18:56,444{GMT}	INFO	[jepsen worker 0] jepsen.util: 0	:invoke	:read	[0 nil]
2026-03-14 14:18:56,444{GMT}	INFO	[jepsen worker 0] jepsen.util: 0	:ok	:read	[0 2]
2026-03-14 14:18:56,444{GMT}	INFO	[jepsen worker 1] jepsen.util: 1	:invoke	:cas	[0 [3 2]]
2026-03-14 14:18:56,453{GMT}	INFO	[jepsen worker 1] jepsen.util: 1	:fail	:cas	[0 [3 2]]	[:precondition-failed "precondition failed"]
2026-03-14 14:18:56,719{GMT}	INFO	[jepsen worker 0] jepsen.util: 0	:invoke	:read	[0 nil]
2026-03-14 14:18:56,719{GMT}	INFO	[jepsen worker 0] jepsen.util: 0	:ok	:read	[0 2]
2026-03-14 14:18:56,778{GMT}	INFO	[jepsen worker 0] jepsen.util: 0	:invoke	:read	[0 nil]
2026-03-14 14:18:56,782{GMT}	INFO	[jepsen worker 0] jepsen.util: 0	:ok	:read	[0 2]
2026-03-14 14:18:57,010{GMT}	INFO	[jepsen worker 1] jepsen.util: 1	:invoke	:write	[0 0]
2026-03-14 14:18:57,015{GMT}	INFO	[jepsen worker 1] jepsen.util: 1	:ok	:write	[0 0]
2026-03-14 14:18:57,044{GMT}	INFO	[jepsen worker 1] jepsen.util: 1	:invoke	:write	[0 3]
2026-03-14 14:18:57,044{GMT}	INFO	[jepsen worker 1] jepsen.util: 1	:ok	:write	[0 3]
2026-03-14 14:18:57,183{GMT}	INFO	[jepsen worker 0] jepsen.util: 0	:invoke	:read	[0 nil]
2026-03-14 14:18:57,187{GMT}	INFO	[jepsen worker 0] jepsen.util: 0	:ok	:read	[0 3]
2026-03-14 14:18:57,489{GMT}	INFO	[jepsen worker 1] jepsen.util: 1	:invoke	:cas	[0 [3 3]]
2026-03-14 14:18:57,492{GMT}	INFO	[jepsen worker 1] jepsen.util: 1	:ok	:cas	[0 [3 3]]
2026-03-14 14:18:57,663{GMT}	INFO	[jepsen worker 0] jepsen.util: 0	:invoke	:read	[0 nil]
2026-03-14 14:18:57,663{GMT}	INFO	[jepsen worker 0] jepsen.util: 0	:ok	:read	[0 3]
2026-03-14 14:18:58,037{GMT}	INFO	[jepsen worker 1] jepsen.util: 1	:invoke	:cas	[0 [0 2]]
2026-03-14 14:18:58,037{GMT}	INFO	[jepsen worker 1] jepsen.util: 1	:fail	:cas	[0 [0 2]]	[:precondition-failed "precondition failed"]
2026-03-14 14:18:58,067{GMT}	INFO	[jepsen worker 1] jepsen.util: 1	:invoke	:cas	[0 [2 0]]
2026-03-14 14:18:58,071{GMT}	INFO	[jepsen worker 1] jepsen.util: 1	:fail	:cas	[0 [2 0]]	[:precondition-failed "precondition failed"]
2026-03-14 14:18:58,337{GMT}	INFO	[jepsen worker 0] jepsen.util: 0	:invoke	:read	[0 nil]
2026-03-14 14:18:58,341{GMT}	INFO	[jepsen worker 0] jepsen.util: 0	:ok	:read	[0 3]
2026-03-14 14:18:58,369{GMT}	INFO	[jepsen worker 1] jepsen.util: 1	:invoke	:cas	[0 [0 3]]
2026-03-14 14:18:58,379{GMT}	INFO	[jepsen worker 1] jepsen.util: 1	:fail	:cas	[0 [0 3]]	[:precondition-failed "precondition failed"]
2026-03-14 14:18:58,736{GMT}	INFO	[jepsen worker 0] jepsen.util: 0	:invoke	:read	[0 nil]
2026-03-14 14:18:58,736{GMT}	INFO	[jepsen worker 0] jepsen.util: 0	:ok	:read	[0 3]
2026-03-14 14:18:58,811{GMT}	INFO	[jepsen worker 0] jepsen.util: 0	:invoke	:read	[0 nil]
2026-03-14 14:18:58,819{GMT}	INFO	[jepsen worker 0] jepsen.util: 0	:ok	:read	[0 3]
2026-03-14 14:18:59,001{GMT}	INFO	[jepsen worker 0] jepsen.util: 0	:invoke	:read	[0 nil]
2026-03-14 14:18:59,005{GMT}	INFO	[jepsen worker 0] jepsen.util: 0	:ok	:read	[0 3]
2026-03-14 14:18:59,066{GMT}	INFO	[jepsen worker 0] jepsen.util: 0	:invoke	:read	[0 nil]
2026-03-14 14:18:59,070{GMT}	INFO	[jepsen worker 0] jepsen.util: 0	:ok	:read	[0 3]
2026-03-14 14:18:59,196{GMT}	INFO	[jepsen worker 0] jepsen.util: 0	:invoke	:read	[0 nil]
2026-03-14 14:18:59,202{GMT}	INFO	[jepsen worker 0] jepsen.util: 0	:ok	:read	[0 3]
2026-03-14 14:18:59,283{GMT}	INFO	[jepsen worker 1] jepsen.util: 1	:invoke	:cas	[0 [1 3]]
2026-03-14 14:18:59,293{GMT}	INFO	[jepsen worker 1] jepsen.util: 1	:fail	:cas	[0 [1 3]]	[:precondition-failed "precondition failed"]
2026-03-14 14:18:59,443{GMT}	INFO	[jepsen worker 0] jepsen.util: 0	:invoke	:read	[0 nil]
2026-03-14 14:18:59,449{GMT}	INFO	[jepsen worker 0] jepsen.util: 0	:ok	:read	[0 3]
2026-03-14 14:18:59,640{GMT}	INFO	[jepsen worker 1] jepsen.util: 1	:invoke	:write	[0 4]
2026-03-14 14:18:59,646{GMT}	INFO	[jepsen worker 1] jepsen.util: 1	:ok	:write	[0 4]
2026-03-14 14:18:59,784{GMT}	INFO	[jepsen worker 0] jepsen.util: 0	:invoke	:read	[0 nil]
2026-03-14 14:18:59,792{GMT}	INFO	[jepsen worker 0] jepsen.util: 0	:ok	:read	[0 4]
2026-03-14 14:19:00,044{GMT}	INFO	[jepsen worker 1] jepsen.util: 1	:invoke	:cas	[0 [0 2]]
2026-03-14 14:19:00,048{GMT}	INFO	[jepsen worker 1] jepsen.util: 1	:fail	:cas	[0 [0 2]]	[:precondition-failed "precondition failed"]
2026-03-14 14:19:00,431{GMT}	INFO	[jepsen worker 0] jepsen.util: 0	:invoke	:read	[0 nil]
2026-03-14 14:19:00,439{GMT}	INFO	[jepsen worker 0] jepsen.util: 0	:ok	:read	[0 4]
2026-03-14 14:19:00,441{GMT}	INFO	[jepsen worker 1] jepsen.util: 1	:invoke	:cas	[0 [3 2]]
2026-03-14 14:19:00,447{GMT}	INFO	[jepsen worker 1] jepsen.util: 1	:fail	:cas	[0 [3 2]]	[:precondition-failed "precondition failed"]
2026-03-14 14:19:00,820{GMT}	INFO	[jepsen worker 1] jepsen.util: 1	:invoke	:cas	[0 [3 3]]
2026-03-14 14:19:00,831{GMT}	INFO	[jepsen worker 1] jepsen.util: 1	:fail	:cas	[0 [3 3]]	[:precondition-failed "precondition failed"]
2026-03-14 14:19:01,118{GMT}	INFO	[jepsen worker 0] jepsen.util: 0	:invoke	:read	[0 nil]
2026-03-14 14:19:01,122{GMT}	INFO	[jepsen worker 0] jepsen.util: 0	:ok	:read	[0 4]
2026-03-14 14:19:01,135{GMT}	INFO	[jepsen worker 1] jepsen.util: 1	:invoke	:cas	[0 [1 4]]
2026-03-14 14:19:01,139{GMT}	INFO	[jepsen worker 1] jepsen.util: 1	:fail	:cas	[0 [1 4]]	[:precondition-failed "precondition failed"]
2026-03-14 14:19:01,493{GMT}	INFO	[jepsen worker 1] jepsen.util: 1	:invoke	:write	[0 1]
2026-03-14 14:19:01,501{GMT}	INFO	[jepsen worker 1] jepsen.util: 1	:ok	:write	[0 1]
2026-03-14 14:19:01,501{GMT}	INFO	[jepsen worker 0] jepsen.util: 0	:invoke	:read	[0 nil]
2026-03-14 14:19:01,506{GMT}	INFO	[jepsen worker 0] jepsen.util: 0	:ok	:read	[0 1]
2026-03-14 14:19:01,521{GMT}	INFO	[jepsen test runner] jepsen.core: Run complete, writing
2026-03-14 14:19:01,554{GMT}	INFO	[jepsen node n0] maelstrom.db: Tearing down n0
2026-03-14 14:19:02,716{GMT}	INFO	[jepsen node n0] maelstrom.net: Shutting down Maelstrom network
2026-03-14 14:19:02,721{GMT}	INFO	[jepsen test runner] jepsen.core: Analyzing...
2026-03-14 14:19:02,862{GMT}	INFO	[clojure-agent-send-pool-0] jepsen.independent: Wrote D:\java tool\IDEA project\omnipaxos-app\store\lin-kv\20260314T141850.352+0100\independent\0\results.edn
2026-03-14 14:19:02,866{GMT}	INFO	[clojure-agent-send-pool-0] jepsen.independent: Wrote D:\java tool\IDEA project\omnipaxos-app\store\lin-kv\20260314T141850.352+0100\independent\0\history.edn
2026-03-14 14:19:03,076{GMT}	INFO	[jepsen test runner] jepsen.core: Analysis complete
2026-03-14 14:19:03,084{GMT}	INFO	[jepsen results] jepsen.store: Wrote D:\java tool\IDEA project\omnipaxos-app\store\lin-kv\20260314T141850.352+0100\results.edn
2026-03-14 14:19:03,093{GMT}	INFO	[jepsen test runner] jepsen.core: {:perf {:latency-graph {:valid? true},
        :rate-graph {:valid? true},
        :valid? true},
 :timeline {:valid? true},
 :exceptions {:valid? true},
 :stats {:valid? true,
         :count 51,
         :ok-count 27,
         :fail-count 24,
         :info-count 0,
         :by-f {:cas {:valid? true,
                      :count 16,
                      :ok-count 2,
                      :fail-count 14,
                      :info-count 0},
                :read {:valid? true,
                       :count 30,
                       :ok-count 20,
                       :fail-count 10,
                       :info-count 0},
                :write {:valid? true,
                        :count 5,
                        :ok-count 5,
                        :fail-count 0,
                        :info-count 0}}},
 :availability {:valid? true, :ok-fraction 0.5294118},
 :net {:all {:send-count 104,
             :recv-count 104,
             :msg-count 104,
             :msgs-per-op 2.0392158},
       :clients {:send-count 104, :recv-count 104, :msg-count 104},
       :servers {:send-count 0,
                 :recv-count 0,
                 :msg-count 0,
                 :msgs-per-op 0.0},
       :valid? true},
 :workload {:valid? true,
            :results {0 {:linearizable {:valid? true,
                                        :configs ({:model #knossos.model.CASRegister{:value 1},
                                                   :last-op {:process 0,
                                                             :type :ok,
                                                             :f :read,
                                                             :value 1,
                                                             :index 101,
                                                             :time 9859924100},
                                                   :pending []}),
                                        :final-paths ()},
                         :timeline {:valid? true},
                         :valid? true}},
            :failures []},
 :valid? true}


Everything looks good! ©c(ˇ®©``)ĄÎ
